{"meta": {"format": 3, "version": "7.10.4", "timestamp": "2026-02-17T00:14:59.280538", "branch_coverage": false, "show_contexts": false}, "files": {"fincore/_registry.py": {"executed_lines": [1, 21, 34, 170, 218, 245], "summary": {"covered_lines": 5, "num_statements": 5, "percent_covered": 100.0, "percent_covered_display": "100", "missing_lines": 0, "excluded_lines": 0}, "missing_lines": [], "excluded_lines": [], "functions": {"": {"executed_lines": [1, 21, 34, 170, 218, 245], "summary": {"covered_lines": 5, "num_statements": 5, "percent_covered": 100.0, "percent_covered_display": "100", "missing_lines": 0, "excluded_lines": 0}, "missing_lines": [], "excluded_lines": []}}, "classes": {"": {"executed_lines": [1, 21, 34, 170, 218, 245], "summary": {"covered_lines": 5, "num_statements": 5, "percent_covered": 100.0, "percent_covered_display": "100", "missing_lines": 0, "excluded_lines": 0}, "missing_lines": [], "excluded_lines": []}}}, "fincore/_types.py": {"executed_lines": [1, 7, 9, 10, 12, 13, 18, 19, 20, 27, 28, 30, 31, 32, 35, 36, 38, 39, 42, 43, 45, 46, 47, 48, 49, 55], "summary": {"covered_lines": 22, "num_statements": 22, "percent_covered": 100.0, "percent_covered_display": "100", "missing_lines": 0, "excluded_lines": 0}, "missing_lines": [], "excluded_lines": [], "functions": {"": {"executed_lines": [1, 7, 9, 10, 12, 13, 18, 19, 20, 27, 28, 30, 31, 32, 35, 36, 38, 39, 42, 43, 45, 46, 47, 48, 49, 55], "summary": {"covered_lines": 22, "num_statements": 22, "percent_covered": 100.0, "percent_covered_display": "100", "missing_lines": 0, "excluded_lines": 0}, "missing_lines": [], "excluded_lines": []}}, "classes": {"DrawdownPeriod": {"executed_lines": [], "summary": {"covered_lines": 0, "num_statements": 0, "percent_covered": 100.0, "percent_covered_display": "100", "missing_lines": 0, "excluded_lines": 0}, "missing_lines": [], "excluded_lines": []}, "AlphaBeta": {"executed_lines": [], "summary": {"covered_lines": 0, "num_statements": 0, "percent_covered": 100.0, "percent_covered_display": "100", "missing_lines": 0, "excluded_lines": 0}, "missing_lines": [], "excluded_lines": []}, "BootstrapResult": {"executed_lines": [], "summary": {"covered_lines": 0, "num_statements": 0, "percent_covered": 100.0, "percent_covered_display": "100", "missing_lines": 0, "excluded_lines": 0}, "missing_lines": [], "excluded_lines": []}, "": {"executed_lines": [1, 7, 9, 10, 12, 13, 18, 19, 20, 27, 28, 30, 31, 32, 35, 36, 38, 39, 42, 43, 45, 46, 47, 48, 49, 55], "summary": {"covered_lines": 22, "num_statements": 22, "percent_covered": 100.0, "percent_covered_display": "100", "missing_lines": 0, "excluded_lines": 0}, "missing_lines": [], "excluded_lines": []}}}, "fincore/attribution/brinson.py": {"executed_lines": [1, 9, 11, 12, 15, 65, 66, 67, 68, 70, 71, 76, 77, 78, 84, 85, 86, 87, 89, 98, 99, 101, 104, 133, 134, 135, 136, 139, 140, 141, 143, 144, 145, 146, 148, 150, 151, 153, 155, 156, 158, 170, 172, 175, 203, 204, 205, 206, 208, 209, 210, 211, 212, 213, 214, 216, 217, 219, 220, 221, 222, 224, 225, 227, 228, 229, 230, 231, 232, 234, 235, 237, 247, 248, 254, 266, 268, 294, 295, 296, 297, 300, 301, 303, 304, 306, 307, 310, 311, 312, 313, 319, 320, 323, 324, 325, 332, 334, 335, 342, 352, 354, 361, 362, 364, 365, 367, 368, 369, 370, 372, 373, 374, 376, 377, 378, 380, 381, 382], "summary": {"covered_lines": 117, "num_statements": 117, "percent_covered": 100.0, "percent_covered_display": "100", "missing_lines": 0, "excluded_lines": 0}, "missing_lines": [], "excluded_lines": [], "functions": {"brinson_attribution": {"executed_lines": [65, 66, 67, 68, 70, 71, 76, 77, 78, 84, 85, 86, 87, 89, 98, 99, 101], "summary": {"covered_lines": 17, "num_statements": 17, "percent_covered": 100.0, "percent_covered_display": "100", "missing_lines": 0, "excluded_lines": 0}, "missing_lines": [], "excluded_lines": []}, "brinson_results": {"executed_lines": [133, 134, 135, 136, 139, 140, 141, 143, 144, 145, 146, 148, 150, 151, 153, 155, 156, 158, 170, 172], "summary": {"covered_lines": 20, "num_statements": 20, "percent_covered": 100.0, "percent_covered_display": "100", "missing_lines": 0, "excluded_lines": 0}, "missing_lines": [], "excluded_lines": []}, "brinson_cumulative": {"executed_lines": [203, 204, 205, 206, 208, 209, 210, 211, 212, 213, 214, 216, 217, 219, 220, 221, 222, 224, 225, 227, 228, 229, 230, 231, 232, 234, 235, 237], "summary": {"covered_lines": 28, "num_statements": 28, "percent_covered": 100.0, "percent_covered_display": "100", "missing_lines": 0, "excluded_lines": 0}, "missing_lines": [], "excluded_lines": []}, "BrinsonAttribution.__init__": {"executed_lines": [266], "summary": {"covered_lines": 1, "num_statements": 1, "percent_covered": 100.0, "percent_covered_display": "100", "missing_lines": 0, "excluded_lines": 0}, "missing_lines": [], "excluded_lines": []}, "BrinsonAttribution.calculate": {"executed_lines": [294, 295, 296, 297, 300, 301, 303, 304, 306, 307, 310, 311, 312, 313, 319, 320, 323, 324, 325, 332, 334, 335, 342, 352], "summary": {"covered_lines": 24, "num_statements": 24, "percent_covered": 100.0, "percent_covered_display": "100", "missing_lines": 0, "excluded_lines": 0}, "missing_lines": [], "excluded_lines": []}, "BrinsonAttribution._apply_sector_mapping": {"executed_lines": [361, 362, 364, 365, 367, 368, 369, 370, 372, 373, 374, 376, 377, 378], "summary": {"covered_lines": 14, "num_statements": 14, "percent_covered": 100.0, "percent_covered_display": "100", "missing_lines": 0, "excluded_lines": 0}, "missing_lines": [], "excluded_lines": []}, "BrinsonAttribution.__repr__": {"executed_lines": [381, 382], "summary": {"covered_lines": 2, "num_statements": 2, "percent_covered": 100.0, "percent_covered_display": "100", "missing_lines": 0, "excluded_lines": 0}, "missing_lines": [], "excluded_lines": []}, "": {"executed_lines": [1, 9, 11, 12, 15, 104, 175, 247, 248, 254, 268, 354, 380], "summary": {"covered_lines": 11, "num_statements": 11, "percent_covered": 100.0, "percent_covered_display": "100", "missing_lines": 0, "excluded_lines": 0}, "missing_lines": [], "excluded_lines": []}}, "classes": {"BrinsonAttribution": {"executed_lines": [266, 294, 295, 296, 297, 300, 301, 303, 304, 306, 307, 310, 311, 312, 313, 319, 320, 323, 324, 325, 332, 334, 335, 342, 352, 361, 362, 364, 365, 367, 368, 369, 370, 372, 373, 374, 376, 377, 378, 381, 382], "summary": {"covered_lines": 41, "num_statements": 41, "percent_covered": 100.0, "percent_covered_display": "100", "missing_lines": 0, "excluded_lines": 0}, "missing_lines": [], "excluded_lines": []}, "": {"executed_lines": [1, 9, 11, 12, 15, 65, 66, 67, 68, 70, 71, 76, 77, 78, 84, 85, 86, 87, 89, 98, 99, 101, 104, 133, 134, 135, 136, 139, 140, 141, 143, 144, 145, 146, 148, 150, 151, 153, 155, 156, 158, 170, 172, 175, 203, 204, 205, 206, 208, 209, 210, 211, 212, 213, 214, 216, 217, 219, 220, 221, 222, 224, 225, 227, 228, 229, 230, 231, 232, 234, 235, 237, 247, 248, 254, 268, 354, 380], "summary": {"covered_lines": 76, "num_statements": 76, "percent_covered": 100.0, "percent_covered_display": "100", "missing_lines": 0, "excluded_lines": 0}, "missing_lines": [], "excluded_lines": []}}}, "fincore/attribution/fama_french.py": {"executed_lines": [1, 10, 12, 13, 15, 16, 17, 20, 21, 22, 25, 26, 27, 28, 29, 30, 31, 34, 35, 41, 56, 57, 58, 59, 60, 62, 64, 65, 66, 67, 68, 69, 71, 73, 106, 107, 108, 109, 111, 112, 115, 118, 119, 122, 123, 126, 127, 128, 130, 133, 134, 137, 138, 139, 142, 143, 144, 145, 146, 147, 148, 149, 151, 152, 153, 155, 158, 159, 160, 161, 163, 166, 169, 170, 173, 174, 176, 185, 201, 202, 205, 207, 209, 211, 212, 214, 215, 217, 239, 241, 242, 244, 245, 248, 249, 251, 252, 254, 256, 260, 261, 262, 265, 268, 269, 271, 273, 293, 296, 299, 300, 301, 302, 305, 306, 307, 309, 318, 354, 355, 356, 357, 358, 360, 361, 364, 365, 368, 371, 374, 375, 378, 380, 383, 384, 385, 386, 387, 391, 392, 393, 395, 398, 422, 424, 425, 426, 429, 430, 432, 434, 435, 437, 438, 439, 442, 443, 446, 449, 451, 453], "summary": {"covered_lines": 158, "num_statements": 158, "percent_covered": 100.0, "percent_covered_display": "100", "missing_lines": 0, "excluded_lines": 3}, "missing_lines": [], "excluded_lines": [365, 366, 367], "functions": {"FamaFrenchModel.__init__": {"executed_lines": [56, 57, 58, 59, 60], "summary": {"covered_lines": 5, "num_statements": 5, "percent_covered": 100.0, "percent_covered_display": "100", "missing_lines": 0, "excluded_lines": 0}, "missing_lines": [], "excluded_lines": []}, "FamaFrenchModel._set_factors": {"executed_lines": [64, 65, 66, 67, 68, 69, 71], "summary": {"covered_lines": 7, "num_statements": 7, "percent_covered": 100.0, "percent_covered_display": "100", "missing_lines": 0, "excluded_lines": 0}, "missing_lines": [], "excluded_lines": []}, "FamaFrenchModel.fit": {"executed_lines": [106, 107, 108, 109, 111, 112, 115, 118, 119, 122, 123, 126, 127, 128, 130, 133, 134, 137, 138, 139, 142, 143, 144, 145, 146, 147, 148, 149, 151, 152, 153, 155, 158, 159, 160, 161, 163, 166, 169, 170, 173, 174, 176], "summary": {"covered_lines": 43, "num_statements": 43, "percent_covered": 100.0, "percent_covered_display": "100", "missing_lines": 0, "excluded_lines": 0}, "missing_lines": [], "excluded_lines": []}, "FamaFrenchModel.predict": {"executed_lines": [201, 202, 205, 207], "summary": {"covered_lines": 4, "num_statements": 4, "percent_covered": 100.0, "percent_covered_display": "100", "missing_lines": 0, "excluded_lines": 0}, "missing_lines": [], "excluded_lines": []}, "FamaFrenchModel._get_regression_coeffs": {"executed_lines": [211, 212, 214, 215], "summary": {"covered_lines": 4, "num_statements": 4, "percent_covered": 100.0, "percent_covered_display": "100", "missing_lines": 0, "excluded_lines": 0}, "missing_lines": [], "excluded_lines": []}, "FamaFrenchModel.get_factor_exposures": {"executed_lines": [239, 241, 242, 244, 245, 248, 249, 251, 252, 254, 256, 260, 261, 262, 265, 268, 269, 271], "summary": {"covered_lines": 18, "num_statements": 18, "percent_covered": 100.0, "percent_covered_display": "100", "missing_lines": 0, "excluded_lines": 0}, "missing_lines": [], "excluded_lines": []}, "FamaFrenchModel.attribution_decomposition": {"executed_lines": [293, 296, 299, 300, 301, 302, 305, 306, 307, 309], "summary": {"covered_lines": 10, "num_statements": 10, "percent_covered": 100.0, "percent_covered_display": "100", "missing_lines": 0, "excluded_lines": 0}, "missing_lines": [], "excluded_lines": []}, "fetch_ff_factors": {"executed_lines": [354, 355, 356, 357, 358, 360, 361], "summary": {"covered_lines": 7, "num_statements": 7, "percent_covered": 100.0, "percent_covered_display": "100", "missing_lines": 0, "excluded_lines": 0}, "missing_lines": [], "excluded_lines": []}, "FamaFrenchProvider.__call__": {"executed_lines": [365], "summary": {"covered_lines": 0, "num_statements": 0, "percent_covered": 100.0, "percent_covered_display": "100", "missing_lines": 0, "excluded_lines": 1}, "missing_lines": [], "excluded_lines": [365]}, "set_ff_provider": {"executed_lines": [374, 375], "summary": {"covered_lines": 2, "num_statements": 2, "percent_covered": 100.0, "percent_covered_display": "100", "missing_lines": 0, "excluded_lines": 0}, "missing_lines": [], "excluded_lines": []}, "clear_ff_factor_cache": {"executed_lines": [380], "summary": {"covered_lines": 1, "num_statements": 1, "percent_covered": 100.0, "percent_covered_display": "100", "missing_lines": 0, "excluded_lines": 0}, "missing_lines": [], "excluded_lines": []}, "_fetch_ff_factors_cached": {"executed_lines": [385, 386, 387, 391, 392, 393, 395], "summary": {"covered_lines": 7, "num_statements": 7, "percent_covered": 100.0, "percent_covered_display": "100", "missing_lines": 0, "excluded_lines": 0}, "missing_lines": [], "excluded_lines": []}, "calculate_idiosyncratic_risk": {"executed_lines": [422, 424, 425, 426, 429, 430, 432, 434, 435, 437, 438, 439, 442, 443, 446, 449, 451, 453], "summary": {"covered_lines": 18, "num_statements": 18, "percent_covered": 100.0, "percent_covered_display": "100", "missing_lines": 0, "excluded_lines": 0}, "missing_lines": [], "excluded_lines": []}, "": {"executed_lines": [1, 10, 12, 13, 15, 16, 17, 20, 21, 22, 25, 26, 27, 28, 29, 30, 31, 34, 35, 41, 62, 73, 185, 209, 217, 273, 318, 364, 368, 371, 378, 383, 384, 398], "summary": {"covered_lines": 32, "num_statements": 32, "percent_covered": 100.0, "percent_covered_display": "100", "missing_lines": 0, "excluded_lines": 2}, "missing_lines": [], "excluded_lines": [366, 367]}}, "classes": {"FamaFrenchFitResult": {"executed_lines": [], "summary": {"covered_lines": 0, "num_statements": 0, "percent_covered": 100.0, "percent_covered_display": "100", "missing_lines": 0, "excluded_lines": 0}, "missing_lines": [], "excluded_lines": []}, "FamaFrenchModel": {"executed_lines": [56, 57, 58, 59, 60, 64, 65, 66, 67, 68, 69, 71, 106, 107, 108, 109, 111, 112, 115, 118, 119, 122, 123, 126, 127, 128, 130, 133, 134, 137, 138, 139, 142, 143, 144, 145, 146, 147, 148, 149, 151, 152, 153, 155, 158, 159, 160, 161, 163, 166, 169, 170, 173, 174, 176, 201, 202, 205, 207, 211, 212, 214, 215, 239, 241, 242, 244, 245, 248, 249, 251, 252, 254, 256, 260, 261, 262, 265, 268, 269, 271, 293, 296, 299, 300, 301, 302, 305, 306, 307, 309], "summary": {"covered_lines": 91, "num_statements": 91, "percent_covered": 100.0, "percent_covered_display": "100", "missing_lines": 0, "excluded_lines": 0}, "missing_lines": [], "excluded_lines": []}, "FamaFrenchProvider": {"executed_lines": [365], "summary": {"covered_lines": 0, "num_statements": 0, "percent_covered": 100.0, "percent_covered_display": "100", "missing_lines": 0, "excluded_lines": 1}, "missing_lines": [], "excluded_lines": [365]}, "": {"executed_lines": [1, 10, 12, 13, 15, 16, 17, 20, 21, 22, 25, 26, 27, 28, 29, 30, 31, 34, 35, 41, 62, 73, 185, 209, 217, 273, 318, 354, 355, 356, 357, 358, 360, 361, 364, 368, 371, 374, 375, 378, 380, 383, 384, 385, 386, 387, 391, 392, 393, 395, 398, 422, 424, 425, 426, 429, 430, 432, 434, 435, 437, 438, 439, 442, 443, 446, 449, 451, 453], "summary": {"covered_lines": 67, "num_statements": 67, "percent_covered": 100.0, "percent_covered_display": "100", "missing_lines": 0, "excluded_lines": 2}, "missing_lines": [], "excluded_lines": [366, 367]}}}, "fincore/attribution/fama_french_patch.py": {"executed_lines": [1, 22, 24, 26, 27, 30, 31, 37, 52, 53, 54, 55, 57, 59, 60, 61, 62, 63, 64, 66], "summary": {"covered_lines": 18, "num_statements": 18, "percent_covered": 100.0, "percent_covered_display": "100", "missing_lines": 0, "excluded_lines": 0}, "missing_lines": [], "excluded_lines": [], "functions": {"FamaFrenchModelPatch.__init__": {"executed_lines": [52, 53, 54, 55], "summary": {"covered_lines": 4, "num_statements": 4, "percent_covered": 100.0, "percent_covered_display": "100", "missing_lines": 0, "excluded_lines": 0}, "missing_lines": [], "excluded_lines": []}, "FamaFrenchModelPatch._set_factors": {"executed_lines": [59, 60, 61, 62, 63, 64, 66], "summary": {"covered_lines": 7, "num_statements": 7, "percent_covered": 100.0, "percent_covered_display": "100", "missing_lines": 0, "excluded_lines": 0}, "missing_lines": [], "excluded_lines": []}, "": {"executed_lines": [1, 22, 24, 26, 27, 30, 31, 37, 57], "summary": {"covered_lines": 7, "num_statements": 7, "percent_covered": 100.0, "percent_covered_display": "100", "missing_lines": 0, "excluded_lines": 0}, "missing_lines": [], "excluded_lines": []}}, "classes": {"FamaFrenchModelPatch": {"executed_lines": [52, 53, 54, 55, 59, 60, 61, 62, 63, 64, 66], "summary": {"covered_lines": 11, "num_statements": 11, "percent_covered": 100.0, "percent_covered_display": "100", "missing_lines": 0, "excluded_lines": 0}, "missing_lines": [], "excluded_lines": []}, "": {"executed_lines": [1, 22, 24, 26, 27, 30, 31, 37, 57], "summary": {"covered_lines": 7, "num_statements": 7, "percent_covered": 100.0, "percent_covered_display": "100", "missing_lines": 0, "excluded_lines": 0}, "missing_lines": [], "excluded_lines": []}}}, "fincore/attribution/style.py": {"executed_lines": [1, 10, 12, 14, 15, 18, 19, 21, 38, 39, 40, 42, 43, 45, 48, 50, 51, 54, 56, 57, 60, 61, 66, 67, 69, 70, 73, 74, 76, 77, 83, 85, 87, 89, 91, 93, 95, 97, 104, 106, 113, 146, 147, 149, 152, 153, 155, 157, 158, 159, 160, 161, 164, 165, 166, 167, 170, 174, 175, 176, 177, 178, 181, 182, 183, 184, 185, 187, 188, 189, 190, 193, 194, 197, 198, 199, 200, 201, 202, 203, 206, 209, 211, 212, 213, 214, 215, 216, 217, 218, 221, 222, 225, 226, 228, 235, 254, 256, 257, 261, 263, 266, 285, 288, 291, 293, 296, 319, 322, 324, 325, 328, 329, 331, 334, 347, 348, 349, 350, 351, 352, 355, 378, 381, 382, 383, 386, 388, 390, 393, 394, 396, 397, 398, 399, 402, 403, 404, 405, 406, 409, 410, 411, 412, 415, 416, 417, 418, 419, 420, 422, 425, 427, 429, 430, 432, 435, 464, 465, 466, 467, 469, 470, 471, 472, 473, 474, 475, 476, 477, 479, 481, 486, 488, 489, 491, 492, 493, 496, 497, 498, 499, 501, 502, 503, 504, 505, 506, 508, 509, 511, 512, 514, 515, 516, 519, 520, 522, 524, 525, 527, 530, 551, 552, 554, 555, 556, 558, 559, 563, 564, 565, 566, 567, 568, 569, 571, 572, 573, 574, 576, 577, 578, 579, 580, 582, 584, 587, 588, 591, 623, 625, 626, 631], "summary": {"covered_lines": 232, "num_statements": 237, "percent_covered": 97.8902953586498, "percent_covered_display": "98", "missing_lines": 5, "excluded_lines": 0}, "missing_lines": [68, 72, 75, 79, 81], "excluded_lines": [], "functions": {"StyleResult.__init__": {"executed_lines": [38, 39, 40], "summary": {"covered_lines": 3, "num_statements": 3, "percent_covered": 100.0, "percent_covered_display": "100", "missing_lines": 0, "excluded_lines": 0}, "missing_lines": [], "excluded_lines": []}, "StyleResult.style_summary": {"executed_lines": [45, 48, 50, 51, 54, 56, 57, 60, 61, 66, 67, 69, 70, 73, 74, 76, 77, 83, 85], "summary": {"covered_lines": 19, "num_statements": 24, "percent_covered": 79.16666666666667, "percent_covered_display": "79", "missing_lines": 5, "excluded_lines": 0}, "missing_lines": [68, 72, 75, 79, 81], "excluded_lines": []}, "StyleResult.__contains__": {"executed_lines": [89], "summary": {"covered_lines": 1, "num_statements": 1, "percent_covered": 100.0, "percent_covered_display": "100", "missing_lines": 0, "excluded_lines": 0}, "missing_lines": [], "excluded_lines": []}, "StyleResult.__getitem__": {"executed_lines": [93], "summary": {"covered_lines": 1, "num_statements": 1, "percent_covered": 100.0, "percent_covered_display": "100", "missing_lines": 0, "excluded_lines": 0}, "missing_lines": [], "excluded_lines": []}, "StyleResult._as_dict": {"executed_lines": [97], "summary": {"covered_lines": 1, "num_statements": 1, "percent_covered": 100.0, "percent_covered_display": "100", "missing_lines": 0, "excluded_lines": 0}, "missing_lines": [], "excluded_lines": []}, "StyleResult.to_dict": {"executed_lines": [106], "summary": {"covered_lines": 1, "num_statements": 1, "percent_covered": 100.0, "percent_covered_display": "100", "missing_lines": 0, "excluded_lines": 0}, "missing_lines": [], "excluded_lines": []}, "style_analysis": {"executed_lines": [146, 147, 149, 152, 153, 155, 164, 165, 166, 167, 170, 174, 175, 176, 177, 178, 181, 182, 183, 184, 185, 187, 188, 189, 190, 193, 194, 197, 198, 199, 200, 201, 202, 203, 206, 209, 211, 212, 213, 214, 215, 216, 217, 218, 221, 222, 225, 226, 228], "summary": {"covered_lines": 49, "num_statements": 49, "percent_covered": 100.0, "percent_covered_display": "100", "missing_lines": 0, "excluded_lines": 0}, "missing_lines": [], "excluded_lines": []}, "style_analysis._add_style": {"executed_lines": [157, 158, 159, 160, 161], "summary": {"covered_lines": 5, "num_statements": 5, "percent_covered": 100.0, "percent_covered_display": "100", "missing_lines": 0, "excluded_lines": 0}, "missing_lines": [], "excluded_lines": []}, "_calculate_size_exposure": {"executed_lines": [254, 256, 257, 261, 263], "summary": {"covered_lines": 5, "num_statements": 5, "percent_covered": 100.0, "percent_covered_display": "100", "missing_lines": 0, "excluded_lines": 0}, "missing_lines": [], "excluded_lines": []}, "_calculate_momentum": {"executed_lines": [285, 288, 291, 293], "summary": {"covered_lines": 4, "num_statements": 4, "percent_covered": 100.0, "percent_covered_display": "100", "missing_lines": 0, "excluded_lines": 0}, "missing_lines": [], "excluded_lines": []}, "_exposure_from_lookback": {"executed_lines": [319, 322, 324, 325, 328, 329, 331], "summary": {"covered_lines": 7, "num_statements": 7, "percent_covered": 100.0, "percent_covered_display": "100", "missing_lines": 0, "excluded_lines": 0}, "missing_lines": [], "excluded_lines": []}, "_value_from_scores": {"executed_lines": [347, 348, 349, 350, 351, 352], "summary": {"covered_lines": 6, "num_statements": 6, "percent_covered": 100.0, "percent_covered_display": "100", "missing_lines": 0, "excluded_lines": 0}, "missing_lines": [], "excluded_lines": []}, "calculate_style_tilts": {"executed_lines": [378, 381, 382, 383, 386, 388, 390, 393, 394, 396, 397, 398, 399, 402, 403, 404, 405, 406, 409, 410, 411, 412, 415, 416, 417, 418, 419, 420, 422], "summary": {"covered_lines": 29, "num_statements": 29, "percent_covered": 100.0, "percent_covered_display": "100", "missing_lines": 0, "excluded_lines": 0}, "missing_lines": [], "excluded_lines": []}, "_size_rank_to_exposure": {"executed_lines": [427, 429, 430, 432], "summary": {"covered_lines": 4, "num_statements": 4, "percent_covered": 100.0, "percent_covered_display": "100", "missing_lines": 0, "excluded_lines": 0}, "missing_lines": [], "excluded_lines": []}, "calculate_regression_attribution": {"executed_lines": [464, 465, 466, 467, 469, 470, 471, 472, 473, 474, 475, 476, 477, 479, 481, 486, 488, 489, 491, 492, 493, 496, 497, 498, 499, 501, 502, 503, 504, 505, 506, 508, 509, 511, 512, 514, 515, 516, 519, 520, 522, 524, 525, 527], "summary": {"covered_lines": 44, "num_statements": 44, "percent_covered": 100.0, "percent_covered_display": "100", "missing_lines": 0, "excluded_lines": 0}, "missing_lines": [], "excluded_lines": []}, "analyze_performance_by_style": {"executed_lines": [551, 552, 554, 555, 556, 558, 559, 563, 564, 565, 566, 567, 568, 569, 571, 572, 573, 574, 576, 577, 578, 579, 580, 582, 584, 587, 588], "summary": {"covered_lines": 27, "num_statements": 27, "percent_covered": 100.0, "percent_covered_display": "100", "missing_lines": 0, "excluded_lines": 0}, "missing_lines": [], "excluded_lines": []}, "fetch_style_factors": {"executed_lines": [623, 625, 626, 631], "summary": {"covered_lines": 4, "num_statements": 4, "percent_covered": 100.0, "percent_covered_display": "100", "missing_lines": 0, "excluded_lines": 0}, "missing_lines": [], "excluded_lines": []}, "": {"executed_lines": [1, 10, 12, 14, 15, 18, 19, 21, 42, 43, 87, 91, 95, 104, 113, 235, 266, 296, 334, 355, 425, 435, 530, 591], "summary": {"covered_lines": 22, "num_statements": 22, "percent_covered": 100.0, "percent_covered_display": "100", "missing_lines": 0, "excluded_lines": 0}, "missing_lines": [], "excluded_lines": []}}, "classes": {"StyleResult": {"executed_lines": [38, 39, 40, 45, 48, 50, 51, 54, 56, 57, 60, 61, 66, 67, 69, 70, 73, 74, 76, 77, 83, 85, 89, 93, 97, 106], "summary": {"covered_lines": 26, "num_statements": 31, "percent_covered": 83.87096774193549, "percent_covered_display": "84", "missing_lines": 5, "excluded_lines": 0}, "missing_lines": [68, 72, 75, 79, 81], "excluded_lines": []}, "": {"executed_lines": [1, 10, 12, 14, 15, 18, 19, 21, 42, 43, 87, 91, 95, 104, 113, 146, 147, 149, 152, 153, 155, 157, 158, 159, 160, 161, 164, 165, 166, 167, 170, 174, 175, 176, 177, 178, 181, 182, 183, 184, 185, 187, 188, 189, 190, 193, 194, 197, 198, 199, 200, 201, 202, 203, 206, 209, 211, 212, 213, 214, 215, 216, 217, 218, 221, 222, 225, 226, 228, 235, 254, 256, 257, 261, 263, 266, 285, 288, 291, 293, 296, 319, 322, 324, 325, 328, 329, 331, 334, 347, 348, 349, 350, 351, 352, 355, 378, 381, 382, 383, 386, 388, 390, 393, 394, 396, 397, 398, 399, 402, 403, 404, 405, 406, 409, 410, 411, 412, 415, 416, 417, 418, 419, 420, 422, 425, 427, 429, 430, 432, 435, 464, 465, 466, 467, 469, 470, 471, 472, 473, 474, 475, 476, 477, 479, 481, 486, 488, 489, 491, 492, 493, 496, 497, 498, 499, 501, 502, 503, 504, 505, 506, 508, 509, 511, 512, 514, 515, 516, 519, 520, 522, 524, 525, 527, 530, 551, 552, 554, 555, 556, 558, 559, 563, 564, 565, 566, 567, 568, 569, 571, 572, 573, 574, 576, 577, 578, 579, 580, 582, 584, 587, 588, 591, 623, 625, 626, 631], "summary": {"covered_lines": 206, "num_statements": 206, "percent_covered": 100.0, "percent_covered_display": "100", "missing_lines": 0, "excluded_lines": 0}, "missing_lines": [], "excluded_lines": []}}}, "fincore/constants/color.py": {"executed_lines": [1, 2], "summary": {"covered_lines": 2, "num_statements": 2, "percent_covered": 100.0, "percent_covered_display": "100", "missing_lines": 0, "excluded_lines": 0}, "missing_lines": [], "excluded_lines": [], "functions": {"": {"executed_lines": [1, 2], "summary": {"covered_lines": 2, "num_statements": 2, "percent_covered": 100.0, "percent_covered_display": "100", "missing_lines": 0, "excluded_lines": 0}, "missing_lines": [], "excluded_lines": []}}, "classes": {"": {"executed_lines": [1, 2], "summary": {"covered_lines": 2, "num_statements": 2, "percent_covered": 100.0, "percent_covered_display": "100", "missing_lines": 0, "excluded_lines": 0}, "missing_lines": [], "excluded_lines": []}}}, "fincore/constants/interesting_periods.py": {"executed_lines": [15, 18, 20, 22, 24, 27, 30, 33, 36, 39, 42, 45, 46, 47, 48, 49, 52, 55, 56, 59, 62, 64, 66, 68], "summary": {"covered_lines": 23, "num_statements": 23, "percent_covered": 100.0, "percent_covered_display": "100", "missing_lines": 0, "excluded_lines": 0}, "missing_lines": [], "excluded_lines": [], "functions": {"": {"executed_lines": [15, 18, 20, 22, 24, 27, 30, 33, 36, 39, 42, 45, 46, 47, 48, 49, 52, 55, 56, 59, 62, 64, 66, 68], "summary": {"covered_lines": 23, "num_statements": 23, "percent_covered": 100.0, "percent_covered_display": "100", "missing_lines": 0, "excluded_lines": 0}, "missing_lines": [], "excluded_lines": []}}, "classes": {"": {"executed_lines": [15, 18, 20, 22, 24, 27, 30, 33, 36, 39, 42, 45, 46, 47, 48, 49, 52, 55, 56, 59, 62, 64, 66, 68], "summary": {"covered_lines": 23, "num_statements": 23, "percent_covered": 100.0, "percent_covered_display": "100", "missing_lines": 0, "excluded_lines": 0}, "missing_lines": [], "excluded_lines": []}}}, "fincore/constants/periods.py": {"executed_lines": [1, 3, 4, 6, 7, 9, 10, 11, 13, 14, 15, 16, 17, 19, 29, 30, 38], "summary": {"covered_lines": 16, "num_statements": 16, "percent_covered": 100.0, "percent_covered_display": "100", "missing_lines": 0, "excluded_lines": 0}, "missing_lines": [], "excluded_lines": [], "functions": {"": {"executed_lines": [1, 3, 4, 6, 7, 9, 10, 11, 13, 14, 15, 16, 17, 19, 29, 30, 38], "summary": {"covered_lines": 16, "num_statements": 16, "percent_covered": 100.0, "percent_covered_display": "100", "missing_lines": 0, "excluded_lines": 0}, "missing_lines": [], "excluded_lines": []}}, "classes": {"": {"executed_lines": [1, 3, 4, 6, 7, 9, 10, 11, 13, 14, 15, 16, 17, 19, 29, 30, 38], "summary": {"covered_lines": 16, "num_statements": 16, "percent_covered": 100.0, "percent_covered_display": "100", "missing_lines": 0, "excluded_lines": 0}, "missing_lines": [], "excluded_lines": []}}}, "fincore/constants/style.py": {"executed_lines": [1, 3, 5, 7, 9, 25, 35, 51, 56, 75, 92, 101, 119, 129, 142, 160], "summary": {"covered_lines": 16, "num_statements": 16, "percent_covered": 100.0, "percent_covered_display": "100", "missing_lines": 0, "excluded_lines": 0}, "missing_lines": [], "excluded_lines": [], "functions": {"": {"executed_lines": [1, 3, 5, 7, 9, 25, 35, 51, 56, 75, 92, 101, 119, 129, 142, 160], "summary": {"covered_lines": 16, "num_statements": 16, "percent_covered": 100.0, "percent_covered_display": "100", "missing_lines": 0, "excluded_lines": 0}, "missing_lines": [], "excluded_lines": []}}, "classes": {"": {"executed_lines": [1, 3, 5, 7, 9, 25, 35, 51, 56, 75, 92, 101, 119, 129, 142, 160], "summary": {"covered_lines": 16, "num_statements": 16, "percent_covered": 100.0, "percent_covered_display": "100", "missing_lines": 0, "excluded_lines": 0}, "missing_lines": [], "excluded_lines": []}}}, "fincore/core/context.py": {"executed_lines": [1, 11, 13, 14, 15, 17, 18, 20, 21, 22, 23, 26, 29, 32, 35, 38, 39, 42, 48, 53, 54, 57, 58, 78, 87, 88, 89, 90, 91, 97, 98, 99, 101, 102, 103, 105, 106, 107, 109, 110, 111, 113, 114, 115, 121, 122, 123, 125, 126, 127, 129, 130, 131, 133, 134, 135, 136, 137, 138, 140, 141, 142, 144, 145, 146, 148, 149, 150, 152, 153, 154, 156, 157, 158, 160, 161, 162, 164, 165, 166, 168, 169, 170, 172, 173, 174, 180, 181, 182, 183, 184, 186, 188, 189, 190, 191, 192, 194, 196, 197, 198, 199, 200, 206, 212, 214, 215, 216, 217, 218, 219, 220, 221, 222, 223, 224, 225, 226, 227, 229, 230, 231, 233, 235, 237, 238, 240, 242, 248, 260, 262, 264, 265, 266, 268, 269, 271, 273, 286, 288, 289, 290, 294, 295, 296, 297, 298, 299, 300, 306, 308, 309, 310, 312, 313, 315, 316, 322, 323, 324, 325, 326, 327, 335, 352], "summary": {"covered_lines": 163, "num_statements": 163, "percent_covered": 100.0, "percent_covered_display": "100", "missing_lines": 0, "excluded_lines": 0}, "missing_lines": [], "excluded_lines": [], "functions": {"AnalysisContext.__init__": {"executed_lines": [87, 88, 89, 90, 91], "summary": {"covered_lines": 5, "num_statements": 5, "percent_covered": 100.0, "percent_covered_display": "100", "missing_lines": 0, "excluded_lines": 0}, "missing_lines": [], "excluded_lines": []}, "AnalysisContext._ann_factor": {"executed_lines": [99], "summary": {"covered_lines": 1, "num_statements": 1, "percent_covered": 100.0, "percent_covered_display": "100", "missing_lines": 0, "excluded_lines": 0}, "missing_lines": [], "excluded_lines": []}, "AnalysisContext._sqrt_ann": {"executed_lines": [103], "summary": {"covered_lines": 1, "num_statements": 1, "percent_covered": 100.0, "percent_covered_display": "100", "missing_lines": 0, "excluded_lines": 0}, "missing_lines": [], "excluded_lines": []}, "AnalysisContext._returns_array": {"executed_lines": [107], "summary": {"covered_lines": 1, "num_statements": 1, "percent_covered": 100.0, "percent_covered_display": "100", "missing_lines": 0, "excluded_lines": 0}, "missing_lines": [], "excluded_lines": []}, "AnalysisContext._mean_return": {"executed_lines": [111], "summary": {"covered_lines": 1, "num_statements": 1, "percent_covered": 100.0, "percent_covered_display": "100", "missing_lines": 0, "excluded_lines": 0}, "missing_lines": [], "excluded_lines": []}, "AnalysisContext._std_return": {"executed_lines": [115], "summary": {"covered_lines": 1, "num_statements": 1, "percent_covered": 100.0, "percent_covered_display": "100", "missing_lines": 0, "excluded_lines": 0}, "missing_lines": [], "excluded_lines": []}, "AnalysisContext.annual_return": {"executed_lines": [123], "summary": {"covered_lines": 1, "num_statements": 1, "percent_covered": 100.0, "percent_covered_display": "100", "missing_lines": 0, "excluded_lines": 0}, "missing_lines": [], "excluded_lines": []}, "AnalysisContext.cumulative_returns": {"executed_lines": [127], "summary": {"covered_lines": 1, "num_statements": 1, "percent_covered": 100.0, "percent_covered_display": "100", "missing_lines": 0, "excluded_lines": 0}, "missing_lines": [], "excluded_lines": []}, "AnalysisContext.annual_volatility": {"executed_lines": [131], "summary": {"covered_lines": 1, "num_statements": 1, "percent_covered": 100.0, "percent_covered_display": "100", "missing_lines": 0, "excluded_lines": 0}, "missing_lines": [], "excluded_lines": []}, "AnalysisContext.sharpe_ratio": {"executed_lines": [135, 136, 137, 138], "summary": {"covered_lines": 4, "num_statements": 4, "percent_covered": 100.0, "percent_covered_display": "100", "missing_lines": 0, "excluded_lines": 0}, "missing_lines": [], "excluded_lines": []}, "AnalysisContext.calmar_ratio": {"executed_lines": [142], "summary": {"covered_lines": 1, "num_statements": 1, "percent_covered": 100.0, "percent_covered_display": "100", "missing_lines": 0, "excluded_lines": 0}, "missing_lines": [], "excluded_lines": []}, "AnalysisContext.stability": {"executed_lines": [146], "summary": {"covered_lines": 1, "num_statements": 1, "percent_covered": 100.0, "percent_covered_display": "100", "missing_lines": 0, "excluded_lines": 0}, "missing_lines": [], "excluded_lines": []}, "AnalysisContext.max_drawdown": {"executed_lines": [150], "summary": {"covered_lines": 1, "num_statements": 1, "percent_covered": 100.0, "percent_covered_display": "100", "missing_lines": 0, "excluded_lines": 0}, "missing_lines": [], "excluded_lines": []}, "AnalysisContext.omega_ratio": {"executed_lines": [154], "summary": {"covered_lines": 1, "num_statements": 1, "percent_covered": 100.0, "percent_covered_display": "100", "missing_lines": 0, "excluded_lines": 0}, "missing_lines": [], "excluded_lines": []}, "AnalysisContext.sortino_ratio": {"executed_lines": [158], "summary": {"covered_lines": 1, "num_statements": 1, "percent_covered": 100.0, "percent_covered_display": "100", "missing_lines": 0, "excluded_lines": 0}, "missing_lines": [], "excluded_lines": []}, "AnalysisContext.skew": {"executed_lines": [162], "summary": {"covered_lines": 1, "num_statements": 1, "percent_covered": 100.0, "percent_covered_display": "100", "missing_lines": 0, "excluded_lines": 0}, "missing_lines": [], "excluded_lines": []}, "AnalysisContext.kurtosis": {"executed_lines": [166], "summary": {"covered_lines": 1, "num_statements": 1, "percent_covered": 100.0, "percent_covered_display": "100", "missing_lines": 0, "excluded_lines": 0}, "missing_lines": [], "excluded_lines": []}, "AnalysisContext.tail_ratio": {"executed_lines": [170], "summary": {"covered_lines": 1, "num_statements": 1, "percent_covered": 100.0, "percent_covered_display": "100", "missing_lines": 0, "excluded_lines": 0}, "missing_lines": [], "excluded_lines": []}, "AnalysisContext.daily_value_at_risk": {"executed_lines": [174], "summary": {"covered_lines": 1, "num_statements": 1, "percent_covered": 100.0, "percent_covered_display": "100", "missing_lines": 0, "excluded_lines": 0}, "missing_lines": [], "excluded_lines": []}, "AnalysisContext.alpha": {"executed_lines": [182, 183, 184, 186], "summary": {"covered_lines": 4, "num_statements": 4, "percent_covered": 100.0, "percent_covered_display": "100", "missing_lines": 0, "excluded_lines": 0}, "missing_lines": [], "excluded_lines": []}, "AnalysisContext.beta": {"executed_lines": [190, 191, 192, 194], "summary": {"covered_lines": 4, "num_statements": 4, "percent_covered": 100.0, "percent_covered_display": "100", "missing_lines": 0, "excluded_lines": 0}, "missing_lines": [], "excluded_lines": []}, "AnalysisContext.information_ratio": {"executed_lines": [198, 199, 200], "summary": {"covered_lines": 3, "num_statements": 3, "percent_covered": 100.0, "percent_covered_display": "100", "missing_lines": 0, "excluded_lines": 0}, "missing_lines": [], "excluded_lines": []}, "AnalysisContext.perf_stats": {"executed_lines": [212, 214, 215, 216, 217, 218, 219, 220, 221, 222, 223, 224, 225, 226, 227, 229, 230, 231, 233], "summary": {"covered_lines": 19, "num_statements": 19, "percent_covered": 100.0, "percent_covered_display": "100", "missing_lines": 0, "excluded_lines": 0}, "missing_lines": [], "excluded_lines": []}, "AnalysisContext.to_dict": {"executed_lines": [237, 238], "summary": {"covered_lines": 2, "num_statements": 2, "percent_covered": 100.0, "percent_covered_display": "100", "missing_lines": 0, "excluded_lines": 0}, "missing_lines": [], "excluded_lines": []}, "AnalysisContext.to_json": {"executed_lines": [242], "summary": {"covered_lines": 1, "num_statements": 1, "percent_covered": 100.0, "percent_covered_display": "100", "missing_lines": 0, "excluded_lines": 0}, "missing_lines": [], "excluded_lines": []}, "AnalysisContext.plot": {"executed_lines": [260, 262, 264, 265, 266, 268, 269, 271], "summary": {"covered_lines": 8, "num_statements": 8, "percent_covered": 100.0, "percent_covered_display": "100", "missing_lines": 0, "excluded_lines": 0}, "missing_lines": [], "excluded_lines": []}, "AnalysisContext.to_html": {"executed_lines": [286, 288, 289, 290, 294, 295, 296, 297, 298, 299, 300], "summary": {"covered_lines": 11, "num_statements": 11, "percent_covered": 100.0, "percent_covered_display": "100", "missing_lines": 0, "excluded_lines": 0}, "missing_lines": [], "excluded_lines": []}, "AnalysisContext.invalidate": {"executed_lines": [308, 309, 310, 312, 313, 315, 316], "summary": {"covered_lines": 7, "num_statements": 7, "percent_covered": 100.0, "percent_covered_display": "100", "missing_lines": 0, "excluded_lines": 0}, "missing_lines": [], "excluded_lines": []}, "AnalysisContext.__repr__": {"executed_lines": [323, 324, 325, 326, 327], "summary": {"covered_lines": 5, "num_statements": 5, "percent_covered": 100.0, "percent_covered_display": "100", "missing_lines": 0, "excluded_lines": 0}, "missing_lines": [], "excluded_lines": []}, "analyze": {"executed_lines": [352], "summary": {"covered_lines": 1, "num_statements": 1, "percent_covered": 100.0, "percent_covered_display": "100", "missing_lines": 0, "excluded_lines": 0}, "missing_lines": [], "excluded_lines": []}, "": {"executed_lines": [1, 11, 13, 14, 15, 17, 18, 20, 21, 22, 23, 26, 29, 32, 35, 38, 39, 42, 48, 53, 54, 57, 58, 78, 97, 98, 101, 102, 105, 106, 109, 110, 113, 114, 121, 122, 125, 126, 129, 130, 133, 134, 140, 141, 144, 145, 148, 149, 152, 153, 156, 157, 160, 161, 164, 165, 168, 169, 172, 173, 180, 181, 188, 189, 196, 197, 206, 235, 240, 248, 273, 306, 322, 335], "summary": {"covered_lines": 72, "num_statements": 72, "percent_covered": 100.0, "percent_covered_display": "100", "missing_lines": 0, "excluded_lines": 0}, "missing_lines": [], "excluded_lines": []}}, "classes": {"AnalysisContext": {"executed_lines": [87, 88, 89, 90, 91, 99, 103, 107, 111, 115, 123, 127, 131, 135, 136, 137, 138, 142, 146, 150, 154, 158, 162, 166, 170, 174, 182, 183, 184, 186, 190, 191, 192, 194, 198, 199, 200, 212, 214, 215, 216, 217, 218, 219, 220, 221, 222, 223, 224, 225, 226, 227, 229, 230, 231, 233, 237, 238, 242, 260, 262, 264, 265, 266, 268, 269, 271, 286, 288, 289, 290, 294, 295, 296, 297, 298, 299, 300, 308, 309, 310, 312, 313, 315, 316, 323, 324, 325, 326, 327], "summary": {"covered_lines": 90, "num_statements": 90, "percent_covered": 100.0, "percent_covered_display": "100", "missing_lines": 0, "excluded_lines": 0}, "missing_lines": [], "excluded_lines": []}, "": {"executed_lines": [1, 11, 13, 14, 15, 17, 18, 20, 21, 22, 23, 26, 29, 32, 35, 38, 39, 42, 48, 53, 54, 57, 58, 78, 97, 98, 101, 102, 105, 106, 109, 110, 113, 114, 121, 122, 125, 126, 129, 130, 133, 134, 140, 141, 144, 145, 148, 149, 152, 153, 156, 157, 160, 161, 164, 165, 168, 169, 172, 173, 180, 181, 188, 189, 196, 197, 206, 235, 240, 248, 273, 306, 322, 335, 352], "summary": {"covered_lines": 73, "num_statements": 73, "percent_covered": 100.0, "percent_covered_display": "100", "missing_lines": 0, "excluded_lines": 0}, "missing_lines": [], "excluded_lines": []}}}, "fincore/core/engine.py": {"executed_lines": [1, 14, 16, 18, 19, 21, 22, 25, 37, 38, 52, 60, 61, 62, 63, 64, 65, 67, 68, 69, 75, 92, 93, 95, 96, 97, 98, 99, 100, 101, 107, 108, 109, 110, 111, 112, 113, 114, 116, 117, 118, 119, 121, 122, 124, 126, 127, 128, 129, 131, 133, 134, 135, 136, 138, 139, 140, 141, 142, 143, 145, 146, 147, 148], "summary": {"covered_lines": 62, "num_statements": 62, "percent_covered": 100.0, "percent_covered_display": "100", "missing_lines": 0, "excluded_lines": 0}, "missing_lines": [], "excluded_lines": [], "functions": {"RollingEngine.__init__": {"executed_lines": [60, 61, 62, 63, 64, 65], "summary": {"covered_lines": 6, "num_statements": 6, "percent_covered": 100.0, "percent_covered_display": "100", "missing_lines": 0, "excluded_lines": 0}, "missing_lines": [], "excluded_lines": []}, "RollingEngine.available_metrics": {"executed_lines": [69], "summary": {"covered_lines": 1, "num_statements": 1, "percent_covered": 100.0, "percent_covered_display": "100", "missing_lines": 0, "excluded_lines": 0}, "missing_lines": [], "excluded_lines": []}, "RollingEngine.compute": {"executed_lines": [92, 93, 95, 96, 97, 98, 99, 100, 101], "summary": {"covered_lines": 9, "num_statements": 9, "percent_covered": 100.0, "percent_covered_display": "100", "missing_lines": 0, "excluded_lines": 0}, "missing_lines": [], "excluded_lines": []}, "RollingEngine._compute_sharpe": {"executed_lines": [108, 109, 110, 111, 112, 113, 114], "summary": {"covered_lines": 7, "num_statements": 7, "percent_covered": 100.0, "percent_covered_display": "100", "missing_lines": 0, "excluded_lines": 0}, "missing_lines": [], "excluded_lines": []}, "RollingEngine._compute_volatility": {"executed_lines": [117, 118, 119], "summary": {"covered_lines": 3, "num_statements": 3, "percent_covered": 100.0, "percent_covered_display": "100", "missing_lines": 0, "excluded_lines": 0}, "missing_lines": [], "excluded_lines": []}, "RollingEngine._compute_max_drawdown": {"executed_lines": [122, 124], "summary": {"covered_lines": 2, "num_statements": 2, "percent_covered": 100.0, "percent_covered_display": "100", "missing_lines": 0, "excluded_lines": 0}, "missing_lines": [], "excluded_lines": []}, "RollingEngine._compute_beta": {"executed_lines": [127, 128, 129, 131], "summary": {"covered_lines": 4, "num_statements": 4, "percent_covered": 100.0, "percent_covered_display": "100", "missing_lines": 0, "excluded_lines": 0}, "missing_lines": [], "excluded_lines": []}, "RollingEngine._compute_sortino": {"executed_lines": [134, 135, 136, 138, 139, 140, 141, 142, 143], "summary": {"covered_lines": 9, "num_statements": 9, "percent_covered": 100.0, "percent_covered_display": "100", "missing_lines": 0, "excluded_lines": 0}, "missing_lines": [], "excluded_lines": []}, "RollingEngine._compute_mean_return": {"executed_lines": [146, 147, 148], "summary": {"covered_lines": 3, "num_statements": 3, "percent_covered": 100.0, "percent_covered_display": "100", "missing_lines": 0, "excluded_lines": 0}, "missing_lines": [], "excluded_lines": []}, "": {"executed_lines": [1, 14, 16, 18, 19, 21, 22, 25, 37, 38, 52, 67, 68, 75, 107, 116, 121, 126, 133, 145], "summary": {"covered_lines": 18, "num_statements": 18, "percent_covered": 100.0, "percent_covered_display": "100", "missing_lines": 0, "excluded_lines": 0}, "missing_lines": [], "excluded_lines": []}}, "classes": {"RollingEngine": {"executed_lines": [60, 61, 62, 63, 64, 65, 69, 92, 93, 95, 96, 97, 98, 99, 100, 101, 108, 109, 110, 111, 112, 113, 114, 117, 118, 119, 122, 124, 127, 128, 129, 131, 134, 135, 136, 138, 139, 140, 141, 142, 143, 146, 147, 148], "summary": {"covered_lines": 44, "num_statements": 44, "percent_covered": 100.0, "percent_covered_display": "100", "missing_lines": 0, "excluded_lines": 0}, "missing_lines": [], "excluded_lines": []}, "": {"executed_lines": [1, 14, 16, 18, 19, 21, 22, 25, 37, 38, 52, 67, 68, 75, 107, 116, 121, 126, 133, 145], "summary": {"covered_lines": 18, "num_statements": 18, "percent_covered": 100.0, "percent_covered_display": "100", "missing_lines": 0, "excluded_lines": 0}, "missing_lines": [], "excluded_lines": []}}}, "fincore/data/providers.py": {"executed_lines": [1, 10, 12, 13, 14, 15, 17, 18, 20, 24, 27, 28, 30, 36, 37, 38, 39, 40, 43, 44, 56, 57, 89, 90, 124, 125, 140, 159, 161, 162, 164, 183, 184, 186, 188, 189, 191, 193, 194, 197, 200, 203, 204, 221, 222, 223, 225, 226, 230, 258, 260, 262, 269, 272, 274, 275, 278, 280, 282, 314, 315, 316, 317, 318, 319, 320, 326, 327, 329, 330, 331, 332, 334, 347, 348, 350, 362, 363, 381, 383, 384, 385, 387, 391, 392, 393, 395, 404, 407, 413, 415, 422, 423, 426, 432, 433, 434, 436, 439, 440, 441, 442, 443, 446, 449, 450, 452, 454, 464, 465, 466, 467, 468, 469, 470, 476, 477, 479, 480, 481, 482, 484, 486, 492, 493, 495, 507, 508, 524, 525, 526, 528, 529, 530, 534, 536, 537, 538, 540, 568, 572, 575, 578, 580, 587, 591, 592, 593, 596, 604, 607, 608, 610, 612, 622, 623, 624, 625, 626, 627, 628, 634, 635, 637, 638, 639, 640, 642, 644, 646, 648, 649, 656, 658, 667, 668, 679, 680, 681, 683, 687, 715, 719, 727, 731, 744, 745, 746, 747, 750, 752, 754, 764, 765, 766, 767, 768, 769, 770, 776, 777, 779, 780, 781, 782, 784, 786, 787, 788, 789, 795, 802, 815, 838, 840, 852, 853, 855, 858, 899, 900, 902, 903, 904, 905, 907, 908, 909, 910, 912, 913, 916, 962, 963, 965, 966, 967, 968, 970, 971, 972, 973, 975, 976], "summary": {"covered_lines": 236, "num_statements": 251, "percent_covered": 94.02390438247012, "percent_covered_display": "94", "missing_lines": 15, "excluded_lines": 2}, "missing_lines": [87, 122, 138, 198, 227, 228, 270, 388, 389, 531, 532, 588, 684, 685, 728], "excluded_lines": [20, 21], "functions": {"BatchFetchError.__init__": {"executed_lines": [36, 37, 38, 39, 40], "summary": {"covered_lines": 5, "num_statements": 5, "percent_covered": 100.0, "percent_covered_display": "100", "missing_lines": 0, "excluded_lines": 0}, "missing_lines": [], "excluded_lines": []}, "DataProvider.fetch": {"executed_lines": [], "summary": {"covered_lines": 0, "num_statements": 1, "percent_covered": 0.0, "percent_covered_display": "0", "missing_lines": 1, "excluded_lines": 0}, "missing_lines": [87], "excluded_lines": []}, "DataProvider.fetch_multiple": {"executed_lines": [], "summary": {"covered_lines": 0, "num_statements": 1, "percent_covered": 0.0, "percent_covered_display": "0", "missing_lines": 1, "excluded_lines": 0}, "missing_lines": [122], "excluded_lines": []}, "DataProvider.get_info": {"executed_lines": [], "summary": {"covered_lines": 0, "num_statements": 1, "percent_covered": 0.0, "percent_covered_display": "0", "missing_lines": 1, "excluded_lines": 0}, "missing_lines": [138], "excluded_lines": []}, "DataProvider.to_returns": {"executed_lines": [159, 161, 162], "summary": {"covered_lines": 3, "num_statements": 3, "percent_covered": 100.0, "percent_covered_display": "100", "missing_lines": 0, "excluded_lines": 0}, "missing_lines": [], "excluded_lines": []}, "DataProvider.validate_dates": {"executed_lines": [183, 184, 186, 188, 189, 191, 193, 194, 197, 200], "summary": {"covered_lines": 10, "num_statements": 11, "percent_covered": 90.9090909090909, "percent_covered_display": "91", "missing_lines": 1, "excluded_lines": 0}, "missing_lines": [198], "excluded_lines": []}, "YahooFinanceProvider.__init__": {"executed_lines": [222, 223, 225, 226], "summary": {"covered_lines": 4, "num_statements": 6, "percent_covered": 66.66666666666667, "percent_covered_display": "67", "missing_lines": 2, "excluded_lines": 0}, "missing_lines": [227, 228], "excluded_lines": []}, "YahooFinanceProvider.fetch": {"executed_lines": [258, 260, 262, 269, 272, 274, 275, 278, 280], "summary": {"covered_lines": 9, "num_statements": 10, "percent_covered": 90.0, "percent_covered_display": "90", "missing_lines": 1, "excluded_lines": 0}, "missing_lines": [270], "excluded_lines": []}, "YahooFinanceProvider.fetch_multiple": {"executed_lines": [314, 315, 316, 317, 318, 319, 320, 326, 327, 329, 330, 331, 332], "summary": {"covered_lines": 13, "num_statements": 13, "percent_covered": 100.0, "percent_covered_display": "100", "missing_lines": 0, "excluded_lines": 0}, "missing_lines": [], "excluded_lines": []}, "YahooFinanceProvider.get_info": {"executed_lines": [347, 348, 350], "summary": {"covered_lines": 3, "num_statements": 3, "percent_covered": 100.0, "percent_covered_display": "100", "missing_lines": 0, "excluded_lines": 0}, "missing_lines": [], "excluded_lines": []}, "AlphaVantageProvider.__init__": {"executed_lines": [384, 385, 387, 391, 392, 393], "summary": {"covered_lines": 6, "num_statements": 8, "percent_covered": 75.0, "percent_covered_display": "75", "missing_lines": 2, "excluded_lines": 0}, "missing_lines": [388, 389], "excluded_lines": []}, "AlphaVantageProvider.fetch": {"executed_lines": [404, 407, 413, 415, 422, 423, 426, 432, 433, 434, 436, 439, 440, 441, 442, 443, 446, 449, 450, 452], "summary": {"covered_lines": 20, "num_statements": 20, "percent_covered": 100.0, "percent_covered_display": "100", "missing_lines": 0, "excluded_lines": 0}, "missing_lines": [], "excluded_lines": []}, "AlphaVantageProvider.fetch_multiple": {"executed_lines": [464, 465, 466, 467, 468, 469, 470, 476, 477, 479, 480, 481, 482], "summary": {"covered_lines": 13, "num_statements": 13, "percent_covered": 100.0, "percent_covered_display": "100", "missing_lines": 0, "excluded_lines": 0}, "missing_lines": [], "excluded_lines": []}, "AlphaVantageProvider.get_info": {"executed_lines": [486, 492, 493, 495], "summary": {"covered_lines": 4, "num_statements": 4, "percent_covered": 100.0, "percent_covered_display": "100", "missing_lines": 0, "excluded_lines": 0}, "missing_lines": [], "excluded_lines": []}, "TushareProvider.__init__": {"executed_lines": [525, 526, 528, 529, 530], "summary": {"covered_lines": 5, "num_statements": 7, "percent_covered": 71.42857142857143, "percent_covered_display": "71", "missing_lines": 2, "excluded_lines": 0}, "missing_lines": [531, 532], "excluded_lines": []}, "TushareProvider._get_pro": {"executed_lines": [536, 537, 538], "summary": {"covered_lines": 3, "num_statements": 3, "percent_covered": 100.0, "percent_covered_display": "100", "missing_lines": 0, "excluded_lines": 0}, "missing_lines": [], "excluded_lines": []}, "TushareProvider.fetch": {"executed_lines": [568, 572, 575, 578, 580, 587, 591, 592, 593, 596, 604, 607, 608, 610], "summary": {"covered_lines": 14, "num_statements": 15, "percent_covered": 93.33333333333333, "percent_covered_display": "93", "missing_lines": 1, "excluded_lines": 0}, "missing_lines": [588], "excluded_lines": []}, "TushareProvider.fetch_multiple": {"executed_lines": [622, 623, 624, 625, 626, 627, 628, 634, 635, 637, 638, 639, 640], "summary": {"covered_lines": 13, "num_statements": 13, "percent_covered": 100.0, "percent_covered_display": "100", "missing_lines": 0, "excluded_lines": 0}, "missing_lines": [], "excluded_lines": []}, "TushareProvider.get_info": {"executed_lines": [644, 646, 648, 649, 656, 658], "summary": {"covered_lines": 6, "num_statements": 6, "percent_covered": 100.0, "percent_covered_display": "100", "missing_lines": 0, "excluded_lines": 0}, "missing_lines": [], "excluded_lines": []}, "AkShareProvider.__init__": {"executed_lines": [680, 681, 683], "summary": {"covered_lines": 3, "num_statements": 5, "percent_covered": 60.0, "percent_covered_display": "60", "missing_lines": 2, "excluded_lines": 0}, "missing_lines": [684, 685], "excluded_lines": []}, "AkShareProvider.fetch": {"executed_lines": [715, 719, 727, 731, 744, 745, 746, 747, 750, 752], "summary": {"covered_lines": 10, "num_statements": 11, "percent_covered": 90.9090909090909, "percent_covered_display": "91", "missing_lines": 1, "excluded_lines": 0}, "missing_lines": [728], "excluded_lines": []}, "AkShareProvider.fetch_multiple": {"executed_lines": [764, 765, 766, 767, 768, 769, 770, 776, 777, 779, 780, 781, 782], "summary": {"covered_lines": 13, "num_statements": 13, "percent_covered": 100.0, "percent_covered_display": "100", "missing_lines": 0, "excluded_lines": 0}, "missing_lines": [], "excluded_lines": []}, "AkShareProvider.get_info": {"executed_lines": [786, 787, 788, 789, 795, 802], "summary": {"covered_lines": 6, "num_statements": 6, "percent_covered": 100.0, "percent_covered_display": "100", "missing_lines": 0, "excluded_lines": 0}, "missing_lines": [], "excluded_lines": []}, "get_provider": {"executed_lines": [838, 840, 852, 853, 855], "summary": {"covered_lines": 5, "num_statements": 5, "percent_covered": 100.0, "percent_covered_display": "100", "missing_lines": 0, "excluded_lines": 0}, "missing_lines": [], "excluded_lines": []}, "fetch_price_data": {"executed_lines": [899, 900, 902, 903, 904, 905, 907, 908, 909, 910, 912, 913], "summary": {"covered_lines": 12, "num_statements": 12, "percent_covered": 100.0, "percent_covered_display": "100", "missing_lines": 0, "excluded_lines": 0}, "missing_lines": [], "excluded_lines": []}, "fetch_multiple_prices": {"executed_lines": [962, 963, 965, 966, 967, 968, 970, 971, 972, 973, 975, 976], "summary": {"covered_lines": 12, "num_statements": 12, "percent_covered": 100.0, "percent_covered_display": "100", "missing_lines": 0, "excluded_lines": 0}, "missing_lines": [], "excluded_lines": []}, "": {"executed_lines": [1, 10, 12, 13, 14, 15, 17, 18, 20, 24, 27, 28, 30, 43, 44, 56, 57, 89, 90, 124, 125, 140, 164, 203, 204, 221, 230, 282, 334, 362, 363, 381, 383, 395, 454, 484, 507, 508, 524, 534, 540, 612, 642, 667, 668, 679, 687, 754, 784, 815, 858, 916], "summary": {"covered_lines": 44, "num_statements": 44, "percent_covered": 100.0, "percent_covered_display": "100", "missing_lines": 0, "excluded_lines": 2}, "missing_lines": [], "excluded_lines": [20, 21]}}, "classes": {"BatchFetchError": {"executed_lines": [36, 37, 38, 39, 40], "summary": {"covered_lines": 5, "num_statements": 5, "percent_covered": 100.0, "percent_covered_display": "100", "missing_lines": 0, "excluded_lines": 0}, "missing_lines": [], "excluded_lines": []}, "DataProvider": {"executed_lines": [159, 161, 162, 183, 184, 186, 188, 189, 191, 193, 194, 197, 200], "summary": {"covered_lines": 13, "num_statements": 17, "percent_covered": 76.47058823529412, "percent_covered_display": "76", "missing_lines": 4, "excluded_lines": 0}, "missing_lines": [87, 122, 138, 198], "excluded_lines": []}, "YahooFinanceProvider": {"executed_lines": [222, 223, 225, 226, 258, 260, 262, 269, 272, 274, 275, 278, 280, 314, 315, 316, 317, 318, 319, 320, 326, 327, 329, 330, 331, 332, 347, 348, 350], "summary": {"covered_lines": 29, "num_statements": 32, "percent_covered": 90.625, "percent_covered_display": "91", "missing_lines": 3, "excluded_lines": 0}, "missing_lines": [227, 228, 270], "excluded_lines": []}, "AlphaVantageProvider": {"executed_lines": [384, 385, 387, 391, 392, 393, 404, 407, 413, 415, 422, 423, 426, 432, 433, 434, 436, 439, 440, 441, 442, 443, 446, 449, 450, 452, 464, 465, 466, 467, 468, 469, 470, 476, 477, 479, 480, 481, 482, 486, 492, 493, 495], "summary": {"covered_lines": 43, "num_statements": 45, "percent_covered": 95.55555555555556, "percent_covered_display": "96", "missing_lines": 2, "excluded_lines": 0}, "missing_lines": [388, 389], "excluded_lines": []}, "TushareProvider": {"executed_lines": [525, 526, 528, 529, 530, 536, 537, 538, 568, 572, 575, 578, 580, 587, 591, 592, 593, 596, 604, 607, 608, 610, 622, 623, 624, 625, 626, 627, 628, 634, 635, 637, 638, 639, 640, 644, 646, 648, 649, 656, 658], "summary": {"covered_lines": 41, "num_statements": 44, "percent_covered": 93.18181818181819, "percent_covered_display": "93", "missing_lines": 3, "excluded_lines": 0}, "missing_lines": [531, 532, 588], "excluded_lines": []}, "AkShareProvider": {"executed_lines": [680, 681, 683, 715, 719, 727, 731, 744, 745, 746, 747, 750, 752, 764, 765, 766, 767, 768, 769, 770, 776, 777, 779, 780, 781, 782, 786, 787, 788, 789, 795, 802], "summary": {"covered_lines": 32, "num_statements": 35, "percent_covered": 91.42857142857143, "percent_covered_display": "91", "missing_lines": 3, "excluded_lines": 0}, "missing_lines": [684, 685, 728], "excluded_lines": []}, "": {"executed_lines": [1, 10, 12, 13, 14, 15, 17, 18, 20, 24, 27, 28, 30, 43, 44, 56, 57, 89, 90, 124, 125, 140, 164, 203, 204, 221, 230, 282, 334, 362, 363, 381, 383, 395, 454, 484, 507, 508, 524, 534, 540, 612, 642, 667, 668, 679, 687, 754, 784, 815, 838, 840, 852, 853, 855, 858, 899, 900, 902, 903, 904, 905, 907, 908, 909, 910, 912, 913, 916, 962, 963, 965, 966, 967, 968, 970, 971, 972, 973, 975, 976], "summary": {"covered_lines": 73, "num_statements": 73, "percent_covered": 100.0, "percent_covered_display": "100", "missing_lines": 0, "excluded_lines": 2}, "missing_lines": [], "excluded_lines": [20, 21]}}}, "fincore/empyrical.py": {"executed_lines": [17, 31, 32, 33, 35, 36, 38, 43, 46, 47, 55, 56, 57, 59, 60, 62, 63, 64, 65, 66, 67, 69, 70, 71, 73, 74, 76, 77, 78, 79, 81, 82, 83, 85, 86, 92, 95, 97, 98, 99, 100, 101, 102, 108, 109, 117, 119, 120, 121, 122, 123, 125, 126, 127, 128, 131, 133, 134, 135, 136, 137, 143, 146, 147, 150, 151, 154, 155, 158, 160, 161, 163, 164, 165, 166, 176, 177, 178, 188, 190, 191, 192, 193, 194, 195, 196, 197, 199, 209, 218, 219, 225, 226, 232, 238, 239, 241, 242, 243, 244, 245, 247, 248, 250, 251, 252, 254, 260, 261, 263, 271, 272, 276, 277, 279, 281, 282, 284, 286, 287, 289, 291, 292, 294, 296, 297, 299, 301, 302, 304, 306, 307, 309, 311, 312, 314, 316, 317, 319, 321, 322, 324, 326, 327, 329, 331, 332, 334, 338, 339, 341, 343, 344, 346, 348, 349, 351, 353, 354, 356, 360, 361, 363, 365, 366, 368, 370, 371, 373, 375, 376, 378, 380, 381, 383, 385, 386, 388, 390, 391, 393, 395, 396, 398, 400, 401, 403, 405, 406, 408, 412, 413, 415, 417, 418, 420, 422, 423, 425, 427, 428, 430, 434, 435, 437, 443, 444, 446, 448, 449, 451, 453, 454, 456, 460, 461, 463, 465, 466, 468, 472, 473, 475, 477, 478, 480, 484, 485, 487, 491, 492, 494, 498, 499, 501, 507, 508, 510, 512, 513, 515, 519, 520, 522, 526, 527, 529, 533, 534, 536, 540, 541, 543, 547, 548, 550, 554, 555, 557, 561, 562, 564, 568, 569, 571, 575, 576, 578, 584, 585, 598, 599, 610, 611, 615, 624, 625, 627, 631, 632, 634, 638, 639, 641, 647, 648, 650, 654, 655, 657, 661, 662, 664, 668, 669, 671, 679, 680, 691, 692, 693, 694, 695, 696, 697, 698, 699, 703, 704, 708, 709, 710, 711, 712, 713, 714, 715, 716, 717, 719, 721, 722, 724, 725, 726, 729], "summary": {"covered_lines": 322, "num_statements": 341, "percent_covered": 94.42815249266862, "percent_covered_display": "94", "missing_lines": 19, "excluded_lines": 0}, "missing_lines": [168, 169, 170, 204, 205, 207, 220, 221, 222, 223, 227, 228, 229, 230, 253, 274, 589, 601, 718], "excluded_lines": [], "functions": {"_dual_method.__init__": {"executed_lines": [56, 57], "summary": {"covered_lines": 2, "num_statements": 2, "percent_covered": 100.0, "percent_covered_display": "100", "missing_lines": 0, "excluded_lines": 0}, "missing_lines": [], "excluded_lines": []}, "_dual_method.__set_name__": {"executed_lines": [60], "summary": {"covered_lines": 1, "num_statements": 1, "percent_covered": 100.0, "percent_covered_display": "100", "missing_lines": 0, "excluded_lines": 0}, "missing_lines": [], "excluded_lines": []}, "_dual_method.__get__": {"executed_lines": [63, 64, 65, 66, 67, 69, 70, 71, 73, 74, 76, 77, 78, 79, 81, 82, 83, 85, 86], "summary": {"covered_lines": 19, "num_statements": 19, "percent_covered": 100.0, "percent_covered_display": "100", "missing_lines": 0, "excluded_lines": 0}, "missing_lines": [], "excluded_lines": []}, "_resolve_module": {"executed_lines": [97, 98, 99, 100, 101, 102], "summary": {"covered_lines": 6, "num_statements": 6, "percent_covered": 100.0, "percent_covered_display": "100", "missing_lines": 0, "excluded_lines": 0}, "missing_lines": [], "excluded_lines": []}, "_LazyMethod.__init__": {"executed_lines": [120, 121, 122, 123], "summary": {"covered_lines": 4, "num_statements": 4, "percent_covered": 100.0, "percent_covered_display": "100", "missing_lines": 0, "excluded_lines": 0}, "missing_lines": [], "excluded_lines": []}, "_LazyMethod.__get__": {"executed_lines": [126, 127, 128], "summary": {"covered_lines": 3, "num_statements": 3, "percent_covered": 100.0, "percent_covered_display": "100", "missing_lines": 0, "excluded_lines": 0}, "missing_lines": [], "excluded_lines": []}, "_populate_from_registry": {"executed_lines": [133, 134, 135, 136, 137], "summary": {"covered_lines": 5, "num_statements": 5, "percent_covered": 100.0, "percent_covered_display": "100", "missing_lines": 0, "excluded_lines": 0}, "missing_lines": [], "excluded_lines": []}, "Empyrical.__init__": {"executed_lines": [190, 191, 192, 193, 194, 195, 196, 197, 199], "summary": {"covered_lines": 9, "num_statements": 12, "percent_covered": 75.0, "percent_covered_display": "75", "missing_lines": 3, "excluded_lines": 0}, "missing_lines": [204, 205, 207], "excluded_lines": []}, "Empyrical.__getattr__": {"executed_lines": [218, 219, 225, 226, 232], "summary": {"covered_lines": 5, "num_statements": 13, "percent_covered": 38.46153846153846, "percent_covered_display": "38", "missing_lines": 8, "excluded_lines": 0}, "missing_lines": [220, 221, 222, 223, 227, 228, 229, 230], "excluded_lines": []}, "Empyrical._get_returns": {"executed_lines": [241, 242, 243, 244, 245], "summary": {"covered_lines": 5, "num_statements": 5, "percent_covered": 100.0, "percent_covered_display": "100", "missing_lines": 0, "excluded_lines": 0}, "missing_lines": [], "excluded_lines": []}, "Empyrical._get_factor_returns": {"executed_lines": [250, 251, 252, 254], "summary": {"covered_lines": 4, "num_statements": 5, "percent_covered": 80.0, "percent_covered_display": "80", "missing_lines": 1, "excluded_lines": 0}, "missing_lines": [253], "excluded_lines": []}, "Empyrical.cagr": {"executed_lines": [263], "summary": {"covered_lines": 1, "num_statements": 1, "percent_covered": 100.0, "percent_covered_display": "100", "missing_lines": 0, "excluded_lines": 0}, "missing_lines": [], "excluded_lines": []}, "Empyrical.get_max_drawdown_period": {"executed_lines": [], "summary": {"covered_lines": 0, "num_statements": 1, "percent_covered": 0.0, "percent_covered_display": "0", "missing_lines": 1, "excluded_lines": 0}, "missing_lines": [274], "excluded_lines": []}, "Empyrical.max_drawdown_days": {"executed_lines": [279], "summary": {"covered_lines": 1, "num_statements": 1, "percent_covered": 100.0, "percent_covered_display": "100", "missing_lines": 0, "excluded_lines": 0}, "missing_lines": [], "excluded_lines": []}, "Empyrical.second_max_drawdown": {"executed_lines": [284], "summary": {"covered_lines": 1, "num_statements": 1, "percent_covered": 100.0, "percent_covered_display": "100", "missing_lines": 0, "excluded_lines": 0}, "missing_lines": [], "excluded_lines": []}, "Empyrical.third_max_drawdown": {"executed_lines": [289], "summary": {"covered_lines": 1, "num_statements": 1, "percent_covered": 100.0, "percent_covered_display": "100", "missing_lines": 0, "excluded_lines": 0}, "missing_lines": [], "excluded_lines": []}, "Empyrical.second_max_drawdown_days": {"executed_lines": [294], "summary": {"covered_lines": 1, "num_statements": 1, "percent_covered": 100.0, "percent_covered_display": "100", "missing_lines": 0, "excluded_lines": 0}, "missing_lines": [], "excluded_lines": []}, "Empyrical.second_max_drawdown_recovery_days": {"executed_lines": [299], "summary": {"covered_lines": 1, "num_statements": 1, "percent_covered": 100.0, "percent_covered_display": "100", "missing_lines": 0, "excluded_lines": 0}, "missing_lines": [], "excluded_lines": []}, "Empyrical.third_max_drawdown_days": {"executed_lines": [304], "summary": {"covered_lines": 1, "num_statements": 1, "percent_covered": 100.0, "percent_covered_display": "100", "missing_lines": 0, "excluded_lines": 0}, "missing_lines": [], "excluded_lines": []}, "Empyrical.third_max_drawdown_recovery_days": {"executed_lines": [309], "summary": {"covered_lines": 1, "num_statements": 1, "percent_covered": 100.0, "percent_covered_display": "100", "missing_lines": 0, "excluded_lines": 0}, "missing_lines": [], "excluded_lines": []}, "Empyrical.max_drawdown_weeks": {"executed_lines": [314], "summary": {"covered_lines": 1, "num_statements": 1, "percent_covered": 100.0, "percent_covered_display": "100", "missing_lines": 0, "excluded_lines": 0}, "missing_lines": [], "excluded_lines": []}, "Empyrical.max_drawdown_months": {"executed_lines": [319], "summary": {"covered_lines": 1, "num_statements": 1, "percent_covered": 100.0, "percent_covered_display": "100", "missing_lines": 0, "excluded_lines": 0}, "missing_lines": [], "excluded_lines": []}, "Empyrical.max_drawdown_recovery_days": {"executed_lines": [324], "summary": {"covered_lines": 1, "num_statements": 1, "percent_covered": 100.0, "percent_covered_display": "100", "missing_lines": 0, "excluded_lines": 0}, "missing_lines": [], "excluded_lines": []}, "Empyrical.max_drawdown_recovery_weeks": {"executed_lines": [329], "summary": {"covered_lines": 1, "num_statements": 1, "percent_covered": 100.0, "percent_covered_display": "100", "missing_lines": 0, "excluded_lines": 0}, "missing_lines": [], "excluded_lines": []}, "Empyrical.max_drawdown_recovery_months": {"executed_lines": [334], "summary": {"covered_lines": 1, "num_statements": 1, "percent_covered": 100.0, "percent_covered_display": "100", "missing_lines": 0, "excluded_lines": 0}, "missing_lines": [], "excluded_lines": []}, "Empyrical.futures_market_correlation": {"executed_lines": [341], "summary": {"covered_lines": 1, "num_statements": 1, "percent_covered": 100.0, "percent_covered_display": "100", "missing_lines": 0, "excluded_lines": 0}, "missing_lines": [], "excluded_lines": []}, "Empyrical.serial_correlation": {"executed_lines": [346], "summary": {"covered_lines": 1, "num_statements": 1, "percent_covered": 100.0, "percent_covered_display": "100", "missing_lines": 0, "excluded_lines": 0}, "missing_lines": [], "excluded_lines": []}, "Empyrical.win_rate": {"executed_lines": [351], "summary": {"covered_lines": 1, "num_statements": 1, "percent_covered": 100.0, "percent_covered_display": "100", "missing_lines": 0, "excluded_lines": 0}, "missing_lines": [], "excluded_lines": []}, "Empyrical.loss_rate": {"executed_lines": [356], "summary": {"covered_lines": 1, "num_statements": 1, "percent_covered": 100.0, "percent_covered_display": "100", "missing_lines": 0, "excluded_lines": 0}, "missing_lines": [], "excluded_lines": []}, "Empyrical.max_consecutive_up_weeks": {"executed_lines": [363], "summary": {"covered_lines": 1, "num_statements": 1, "percent_covered": 100.0, "percent_covered_display": "100", "missing_lines": 0, "excluded_lines": 0}, "missing_lines": [], "excluded_lines": []}, "Empyrical.max_consecutive_down_weeks": {"executed_lines": [368], "summary": {"covered_lines": 1, "num_statements": 1, "percent_covered": 100.0, "percent_covered_display": "100", "missing_lines": 0, "excluded_lines": 0}, "missing_lines": [], "excluded_lines": []}, "Empyrical.max_consecutive_up_months": {"executed_lines": [373], "summary": {"covered_lines": 1, "num_statements": 1, "percent_covered": 100.0, "percent_covered_display": "100", "missing_lines": 0, "excluded_lines": 0}, "missing_lines": [], "excluded_lines": []}, "Empyrical.max_consecutive_down_months": {"executed_lines": [378], "summary": {"covered_lines": 1, "num_statements": 1, "percent_covered": 100.0, "percent_covered_display": "100", "missing_lines": 0, "excluded_lines": 0}, "missing_lines": [], "excluded_lines": []}, "Empyrical.max_single_day_gain_date": {"executed_lines": [383], "summary": {"covered_lines": 1, "num_statements": 1, "percent_covered": 100.0, "percent_covered_display": "100", "missing_lines": 0, "excluded_lines": 0}, "missing_lines": [], "excluded_lines": []}, "Empyrical.max_single_day_loss_date": {"executed_lines": [388], "summary": {"covered_lines": 1, "num_statements": 1, "percent_covered": 100.0, "percent_covered_display": "100", "missing_lines": 0, "excluded_lines": 0}, "missing_lines": [], "excluded_lines": []}, "Empyrical.max_consecutive_up_start_date": {"executed_lines": [393], "summary": {"covered_lines": 1, "num_statements": 1, "percent_covered": 100.0, "percent_covered_display": "100", "missing_lines": 0, "excluded_lines": 0}, "missing_lines": [], "excluded_lines": []}, "Empyrical.max_consecutive_up_end_date": {"executed_lines": [398], "summary": {"covered_lines": 1, "num_statements": 1, "percent_covered": 100.0, "percent_covered_display": "100", "missing_lines": 0, "excluded_lines": 0}, "missing_lines": [], "excluded_lines": []}, "Empyrical.max_consecutive_down_start_date": {"executed_lines": [403], "summary": {"covered_lines": 1, "num_statements": 1, "percent_covered": 100.0, "percent_covered_display": "100", "missing_lines": 0, "excluded_lines": 0}, "missing_lines": [], "excluded_lines": []}, "Empyrical.max_consecutive_down_end_date": {"executed_lines": [408], "summary": {"covered_lines": 1, "num_statements": 1, "percent_covered": 100.0, "percent_covered_display": "100", "missing_lines": 0, "excluded_lines": 0}, "missing_lines": [], "excluded_lines": []}, "Empyrical.common_sense_ratio": {"executed_lines": [415], "summary": {"covered_lines": 1, "num_statements": 1, "percent_covered": 100.0, "percent_covered_display": "100", "missing_lines": 0, "excluded_lines": 0}, "missing_lines": [], "excluded_lines": []}, "Empyrical.sterling_ratio": {"executed_lines": [420], "summary": {"covered_lines": 1, "num_statements": 1, "percent_covered": 100.0, "percent_covered_display": "100", "missing_lines": 0, "excluded_lines": 0}, "missing_lines": [], "excluded_lines": []}, "Empyrical.burke_ratio": {"executed_lines": [425], "summary": {"covered_lines": 1, "num_statements": 1, "percent_covered": 100.0, "percent_covered_display": "100", "missing_lines": 0, "excluded_lines": 0}, "missing_lines": [], "excluded_lines": []}, "Empyrical.kappa_three_ratio": {"executed_lines": [430], "summary": {"covered_lines": 1, "num_statements": 1, "percent_covered": 100.0, "percent_covered_display": "100", "missing_lines": 0, "excluded_lines": 0}, "missing_lines": [], "excluded_lines": []}, "Empyrical.deflated_sharpe_ratio": {"executed_lines": [437], "summary": {"covered_lines": 1, "num_statements": 1, "percent_covered": 100.0, "percent_covered_display": "100", "missing_lines": 0, "excluded_lines": 0}, "missing_lines": [], "excluded_lines": []}, "Empyrical.gpd_risk_estimates": {"executed_lines": [446], "summary": {"covered_lines": 1, "num_statements": 1, "percent_covered": 100.0, "percent_covered_display": "100", "missing_lines": 0, "excluded_lines": 0}, "missing_lines": [], "excluded_lines": []}, "Empyrical.gpd_risk_estimates_aligned": {"executed_lines": [451], "summary": {"covered_lines": 1, "num_statements": 1, "percent_covered": 100.0, "percent_covered_display": "100", "missing_lines": 0, "excluded_lines": 0}, "missing_lines": [], "excluded_lines": []}, "Empyrical.var_excess_return": {"executed_lines": [456], "summary": {"covered_lines": 1, "num_statements": 1, "percent_covered": 100.0, "percent_covered_display": "100", "missing_lines": 0, "excluded_lines": 0}, "missing_lines": [], "excluded_lines": []}, "Empyrical.mar_ratio": {"executed_lines": [463], "summary": {"covered_lines": 1, "num_statements": 1, "percent_covered": 100.0, "percent_covered_display": "100", "missing_lines": 0, "excluded_lines": 0}, "missing_lines": [], "excluded_lines": []}, "Empyrical.r_cubed_turtle": {"executed_lines": [468], "summary": {"covered_lines": 1, "num_statements": 1, "percent_covered": 100.0, "percent_covered_display": "100", "missing_lines": 0, "excluded_lines": 0}, "missing_lines": [], "excluded_lines": []}, "Empyrical.annualized_cumulative_return": {"executed_lines": [475], "summary": {"covered_lines": 1, "num_statements": 1, "percent_covered": 100.0, "percent_covered_display": "100", "missing_lines": 0, "excluded_lines": 0}, "missing_lines": [], "excluded_lines": []}, "Empyrical.annual_volatility_by_year": {"executed_lines": [480], "summary": {"covered_lines": 1, "num_statements": 1, "percent_covered": 100.0, "percent_covered_display": "100", "missing_lines": 0, "excluded_lines": 0}, "missing_lines": [], "excluded_lines": []}, "Empyrical.roll_sharpe_ratio": {"executed_lines": [487], "summary": {"covered_lines": 1, "num_statements": 1, "percent_covered": 100.0, "percent_covered_display": "100", "missing_lines": 0, "excluded_lines": 0}, "missing_lines": [], "excluded_lines": []}, "Empyrical.roll_max_drawdown": {"executed_lines": [494], "summary": {"covered_lines": 1, "num_statements": 1, "percent_covered": 100.0, "percent_covered_display": "100", "missing_lines": 0, "excluded_lines": 0}, "missing_lines": [], "excluded_lines": []}, "Empyrical.extract_interesting_date_ranges": {"executed_lines": [501], "summary": {"covered_lines": 1, "num_statements": 1, "percent_covered": 100.0, "percent_covered_display": "100", "missing_lines": 0, "excluded_lines": 0}, "missing_lines": [], "excluded_lines": []}, "Empyrical.r_cubed": {"executed_lines": [510], "summary": {"covered_lines": 1, "num_statements": 1, "percent_covered": 100.0, "percent_covered_display": "100", "missing_lines": 0, "excluded_lines": 0}, "missing_lines": [], "excluded_lines": []}, "Empyrical.relative_win_rate": {"executed_lines": [515], "summary": {"covered_lines": 1, "num_statements": 1, "percent_covered": 100.0, "percent_covered_display": "100", "missing_lines": 0, "excluded_lines": 0}, "missing_lines": [], "excluded_lines": []}, "Empyrical.capm_r_squared": {"executed_lines": [522], "summary": {"covered_lines": 1, "num_statements": 1, "percent_covered": 100.0, "percent_covered_display": "100", "missing_lines": 0, "excluded_lines": 0}, "missing_lines": [], "excluded_lines": []}, "Empyrical.up_capture_return": {"executed_lines": [529], "summary": {"covered_lines": 1, "num_statements": 1, "percent_covered": 100.0, "percent_covered_display": "100", "missing_lines": 0, "excluded_lines": 0}, "missing_lines": [], "excluded_lines": []}, "Empyrical.down_capture_return": {"executed_lines": [536], "summary": {"covered_lines": 1, "num_statements": 1, "percent_covered": 100.0, "percent_covered_display": "100", "missing_lines": 0, "excluded_lines": 0}, "missing_lines": [], "excluded_lines": []}, "Empyrical.tracking_difference": {"executed_lines": [543], "summary": {"covered_lines": 1, "num_statements": 1, "percent_covered": 100.0, "percent_covered_display": "100", "missing_lines": 0, "excluded_lines": 0}, "missing_lines": [], "excluded_lines": []}, "Empyrical.beta_fragility_heuristic": {"executed_lines": [550], "summary": {"covered_lines": 1, "num_statements": 1, "percent_covered": 100.0, "percent_covered_display": "100", "missing_lines": 0, "excluded_lines": 0}, "missing_lines": [], "excluded_lines": []}, "Empyrical.beta_fragility_heuristic_aligned": {"executed_lines": [557], "summary": {"covered_lines": 1, "num_statements": 1, "percent_covered": 100.0, "percent_covered_display": "100", "missing_lines": 0, "excluded_lines": 0}, "missing_lines": [], "excluded_lines": []}, "Empyrical.treynor_ratio": {"executed_lines": [564], "summary": {"covered_lines": 1, "num_statements": 1, "percent_covered": 100.0, "percent_covered_display": "100", "missing_lines": 0, "excluded_lines": 0}, "missing_lines": [], "excluded_lines": []}, "Empyrical.m_squared": {"executed_lines": [571], "summary": {"covered_lines": 1, "num_statements": 1, "percent_covered": 100.0, "percent_covered_display": "100", "missing_lines": 0, "excluded_lines": 0}, "missing_lines": [], "excluded_lines": []}, "Empyrical.residual_risk": {"executed_lines": [578], "summary": {"covered_lines": 1, "num_statements": 1, "percent_covered": 100.0, "percent_covered_display": "100", "missing_lines": 0, "excluded_lines": 0}, "missing_lines": [], "excluded_lines": []}, "Empyrical.roll_alpha": {"executed_lines": [], "summary": {"covered_lines": 0, "num_statements": 1, "percent_covered": 0.0, "percent_covered_display": "0", "missing_lines": 1, "excluded_lines": 0}, "missing_lines": [589], "excluded_lines": []}, "Empyrical.roll_beta": {"executed_lines": [], "summary": {"covered_lines": 0, "num_statements": 1, "percent_covered": 0.0, "percent_covered_display": "0", "missing_lines": 1, "excluded_lines": 0}, "missing_lines": [601], "excluded_lines": []}, "Empyrical.roll_alpha_beta": {"executed_lines": [615], "summary": {"covered_lines": 1, "num_statements": 1, "percent_covered": 100.0, "percent_covered_display": "100", "missing_lines": 0, "excluded_lines": 0}, "missing_lines": [], "excluded_lines": []}, "Empyrical.roll_up_capture": {"executed_lines": [627], "summary": {"covered_lines": 1, "num_statements": 1, "percent_covered": 100.0, "percent_covered_display": "100", "missing_lines": 0, "excluded_lines": 0}, "missing_lines": [], "excluded_lines": []}, "Empyrical.roll_down_capture": {"executed_lines": [634], "summary": {"covered_lines": 1, "num_statements": 1, "percent_covered": 100.0, "percent_covered_display": "100", "missing_lines": 0, "excluded_lines": 0}, "missing_lines": [], "excluded_lines": []}, "Empyrical.roll_up_down_capture": {"executed_lines": [641], "summary": {"covered_lines": 1, "num_statements": 1, "percent_covered": 100.0, "percent_covered_display": "100", "missing_lines": 0, "excluded_lines": 0}, "missing_lines": [], "excluded_lines": []}, "Empyrical.annual_active_return": {"executed_lines": [650], "summary": {"covered_lines": 1, "num_statements": 1, "percent_covered": 100.0, "percent_covered_display": "100", "missing_lines": 0, "excluded_lines": 0}, "missing_lines": [], "excluded_lines": []}, "Empyrical.annual_active_risk": {"executed_lines": [657], "summary": {"covered_lines": 1, "num_statements": 1, "percent_covered": 100.0, "percent_covered_display": "100", "missing_lines": 0, "excluded_lines": 0}, "missing_lines": [], "excluded_lines": []}, "Empyrical.annual_active_return_by_year": {"executed_lines": [664], "summary": {"covered_lines": 1, "num_statements": 1, "percent_covered": 100.0, "percent_covered_display": "100", "missing_lines": 0, "excluded_lines": 0}, "missing_lines": [], "excluded_lines": []}, "Empyrical.information_ratio_by_year": {"executed_lines": [671], "summary": {"covered_lines": 1, "num_statements": 1, "percent_covered": 100.0, "percent_covered_display": "100", "missing_lines": 0, "excluded_lines": 0}, "missing_lines": [], "excluded_lines": []}, "Empyrical.perf_attrib": {"executed_lines": [691, 692, 693, 694, 695, 696, 697, 698, 699], "summary": {"covered_lines": 9, "num_statements": 9, "percent_covered": 100.0, "percent_covered_display": "100", "missing_lines": 0, "excluded_lines": 0}, "missing_lines": [], "excluded_lines": []}, "Empyrical.regression_annual_return": {"executed_lines": [708, 709, 710, 711, 712, 713, 714, 715, 716, 717, 719], "summary": {"covered_lines": 11, "num_statements": 12, "percent_covered": 91.66666666666667, "percent_covered_display": "92", "missing_lines": 1, "excluded_lines": 0}, "missing_lines": [718], "excluded_lines": []}, "Empyrical._groupby_consecutive": {"executed_lines": [724, 725, 726], "summary": {"covered_lines": 3, "num_statements": 3, "percent_covered": 100.0, "percent_covered_display": "100", "missing_lines": 0, "excluded_lines": 0}, "missing_lines": [], "excluded_lines": []}, "": {"executed_lines": [17, 31, 32, 33, 35, 36, 38, 43, 46, 47, 55, 59, 62, 92, 95, 108, 109, 117, 119, 125, 131, 143, 146, 147, 150, 151, 154, 155, 158, 160, 161, 163, 164, 165, 166, 176, 177, 178, 188, 209, 238, 239, 247, 248, 260, 261, 271, 272, 276, 277, 281, 282, 286, 287, 291, 292, 296, 297, 301, 302, 306, 307, 311, 312, 316, 317, 321, 322, 326, 327, 331, 332, 338, 339, 343, 344, 348, 349, 353, 354, 360, 361, 365, 366, 370, 371, 375, 376, 380, 381, 385, 386, 390, 391, 395, 396, 400, 401, 405, 406, 412, 413, 417, 418, 422, 423, 427, 428, 434, 435, 443, 444, 448, 449, 453, 454, 460, 461, 465, 466, 472, 473, 477, 478, 484, 485, 491, 492, 498, 499, 507, 508, 512, 513, 519, 520, 526, 527, 533, 534, 540, 541, 547, 548, 554, 555, 561, 562, 568, 569, 575, 576, 584, 585, 598, 599, 610, 611, 624, 625, 631, 632, 638, 639, 647, 648, 654, 655, 661, 662, 668, 669, 679, 680, 703, 704, 721, 722, 729], "summary": {"covered_lines": 175, "num_statements": 178, "percent_covered": 98.31460674157303, "percent_covered_display": "98", "missing_lines": 3, "excluded_lines": 0}, "missing_lines": [168, 169, 170], "excluded_lines": []}}, "classes": {"_dual_method": {"executed_lines": [56, 57, 60, 63, 64, 65, 66, 67, 69, 70, 71, 73, 74, 76, 77, 78, 79, 81, 82, 83, 85, 86], "summary": {"covered_lines": 22, "num_statements": 22, "percent_covered": 100.0, "percent_covered_display": "100", "missing_lines": 0, "excluded_lines": 0}, "missing_lines": [], "excluded_lines": []}, "_LazyMethod": {"executed_lines": [120, 121, 122, 123, 126, 127, 128], "summary": {"covered_lines": 7, "num_statements": 7, "percent_covered": 100.0, "percent_covered_display": "100", "missing_lines": 0, "excluded_lines": 0}, "missing_lines": [], "excluded_lines": []}, "_ZiplineAssetStub": {"executed_lines": [], "summa
[...]
cluded_lines": [], "functions": {"HtmlReportBuilder.__init__": {"executed_lines": [55], "summary": {"covered_lines": 1, "num_statements": 1, "percent_covered": 100.0, "percent_covered_display": "100", "missing_lines": 0, "excluded_lines": 0}, "missing_lines": [], "excluded_lines": []}, "HtmlReportBuilder.add_title": {"executed_lines": [62, 63], "summary": {"covered_lines": 2, "num_statements": 2, "percent_covered": 100.0, "percent_covered_display": "100", "missing_lines": 0, "excluded_lines": 0}, "missing_lines": [], "excluded_lines": []}, "HtmlReportBuilder.add_heading": {"executed_lines": [66, 67, 68], "summary": {"covered_lines": 3, "num_statements": 3, "percent_covered": 100.0, "percent_covered_display": "100", "missing_lines": 0, "excluded_lines": 0}, "missing_lines": [], "excluded_lines": []}, "HtmlReportBuilder.add_stats_table": {"executed_lines": [71, 72, 73, 74, 75, 77, 78, 79, 80, 81, 82], "summary": {"covered_lines": 11, "num_statements": 11, "percent_covered": 100.0, "percent_covered_display": "100", "missing_lines": 0, "excluded_lines": 0}, "missing_lines": [], "excluded_lines": []}, "HtmlReportBuilder.add_metric_cards": {"executed_lines": [85, 86, 87, 88, 89, 90, 91, 92, 94, 95, 96, 102, 103], "summary": {"covered_lines": 13, "num_statements": 13, "percent_covered": 100.0, "percent_covered_display": "100", "missing_lines": 0, "excluded_lines": 0}, "missing_lines": [], "excluded_lines": []}, "HtmlReportBuilder.add_html": {"executed_lines": [106, 107], "summary": {"covered_lines": 2, "num_statements": 2, "percent_covered": 100.0, "percent_covered_display": "100", "missing_lines": 0, "excluded_lines": 0}, "missing_lines": [], "excluded_lines": []}, "HtmlReportBuilder.plot_returns": {"executed_lines": [114, 115, 116], "summary": {"covered_lines": 3, "num_statements": 3, "percent_covered": 100.0, "percent_covered_display": "100", "missing_lines": 0, "excluded_lines": 0}, "missing_lines": [], "excluded_lines": []}, "HtmlReportBuilder.plot_drawdown": {"executed_lines": [119, 120, 121], "summary": {"covered_lines": 3, "num_statements": 3, "percent_covered": 100.0, "percent_covered_display": "100", "missing_lines": 0, "excluded_lines": 0}, "missing_lines": [], "excluded_lines": []}, "HtmlReportBuilder.plot_rolling_sharpe": {"executed_lines": [130, 131, 132, 133, 134, 135], "summary": {"covered_lines": 6, "num_statements": 6, "percent_covered": 100.0, "percent_covered_display": "100", "missing_lines": 0, "excluded_lines": 0}, "missing_lines": [], "excluded_lines": []}, "HtmlReportBuilder.plot_monthly_heatmap": {"executed_lines": [138, 140, 141, 142, 145, 147, 148, 149], "summary": {"covered_lines": 8, "num_statements": 8, "percent_covered": 100.0, "percent_covered_display": "100", "missing_lines": 0, "excluded_lines": 0}, "missing_lines": [], "excluded_lines": []}, "HtmlReportBuilder.build": {"executed_lines": [156, 157, 158], "summary": {"covered_lines": 3, "num_statements": 3, "percent_covered": 100.0, "percent_covered_display": "100", "missing_lines": 0, "excluded_lines": 0}, "missing_lines": [], "excluded_lines": []}, "HtmlReportBuilder.save": {"executed_lines": [165, 166], "summary": {"covered_lines": 2, "num_statements": 2, "percent_covered": 100.0, "percent_covered_display": "100", "missing_lines": 0, "excluded_lines": 0}, "missing_lines": [], "excluded_lines": []}, "HtmlReportBuilder._series_to_html_table": {"executed_lines": [174, 175, 176, 177, 178, 179, 180, 181], "summary": {"covered_lines": 8, "num_statements": 8, "percent_covered": 100.0, "percent_covered_display": "100", "missing_lines": 0, "excluded_lines": 0}, "missing_lines": [], "excluded_lines": []}, "": {"executed_lines": [1, 8, 10, 11, 13, 14, 17, 18, 33, 54, 61, 65, 70, 84, 105, 113, 118, 123, 137, 155, 164, 172, 173], "summary": {"covered_lines": 21, "num_statements": 21, "percent_covered": 100.0, "percent_covered_display": "100", "missing_lines": 0, "excluded_lines": 0}, "missing_lines": [], "excluded_lines": []}}, "classes": {"HtmlReportBuilder": {"executed_lines": [55, 62, 63, 66, 67, 68, 71, 72, 73, 74, 75, 77, 78, 79, 80, 81, 82, 85, 86, 87, 88, 89, 90, 91, 92, 94, 95, 96, 102, 103, 106, 107, 114, 115, 116, 119, 120, 121, 130, 131, 132, 133, 134, 135, 138, 140, 141, 142, 145, 147, 148, 149, 156, 157, 158, 165, 166, 174, 175, 176, 177, 178, 179, 180, 181], "summary": {"covered_lines": 65, "num_statements": 65, "percent_covered": 100.0, "percent_covered_display": "100", "missing_lines": 0, "excluded_lines": 0}, "missing_lines": [], "excluded_lines": []}, "": {"executed_lines": [1, 8, 10, 11, 13, 14, 17, 18, 33, 54, 61, 65, 70, 84, 105, 113, 118, 123, 137, 155, 164, 172, 173], "summary": {"covered_lines": 21, "num_statements": 21, "percent_covered": 100.0, "percent_covered_display": "100", "missing_lines": 0, "excluded_lines": 0}, "missing_lines": [], "excluded_lines": []}}}, "fincore/viz/interactive/bokeh_backend.py": {"executed_lines": [1, 6, 8, 9, 11, 12, 14, 17, 18, 60, 68, 75, 76, 77, 78, 79, 81, 83, 84, 85, 86, 88, 89, 90, 92, 94, 95, 96, 97, 99, 109, 110, 111, 112, 113, 115, 117, 139, 140, 142, 151, 159, 169, 170, 176, 187, 195, 197, 198, 200, 202, 221, 223, 231, 239, 249, 257, 264, 266, 268, 293, 295, 303, 310, 319, 320, 326, 337, 338, 339, 340, 341, 347, 354, 356, 357, 359, 361, 380, 381, 384, 385, 386, 393, 395, 397, 398, 400, 403, 408, 409, 410, 411, 412, 413, 415, 418, 419, 420, 422, 423, 425, 431, 442, 452, 453, 454, 456, 457, 459, 466, 468, 469, 470, 471, 479, 481, 483, 489, 499, 501, 504, 505, 507, 508, 510, 511], "summary": {"covered_lines": 124, "num_statements": 129, "percent_covered": 96.12403100775194, "percent_covered_display": "96", "missing_lines": 5, "excluded_lines": 0}, "missing_lines": [343, 344, 345, 485, 487], "excluded_lines": [], "functions": {"BokehBackend.__init__": {"executed_lines": [75, 76, 77, 78, 79], "summary": {"covered_lines": 5, "num_statements": 5, "percent_covered": 100.0, "percent_covered_display": "100", "missing_lines": 0, "excluded_lines": 0}, "missing_lines": [], "excluded_lines": []}, "BokehBackend._setup_theme": {"executed_lines": [83, 84, 85, 86, 88, 89, 90], "summary": {"covered_lines": 7, "num_statements": 7, "percent_covered": 100.0, "percent_covered_display": "100", "missing_lines": 0, "excluded_lines": 0}, "missing_lines": [], "excluded_lines": []}, "BokehBackend._create_figure": {"executed_lines": [94, 95, 96, 97, 99, 109, 110, 111, 112, 113, 115], "summary": {"covered_lines": 11, "num_statements": 11, "percent_covered": 100.0, "percent_covered_display": "100", "missing_lines": 0, "excluded_lines": 0}, "missing_lines": [], "excluded_lines": []}, "BokehBackend.plot_returns": {"executed_lines": [139, 140, 142, 151, 159, 169, 170, 176, 187, 195, 197, 198, 200], "summary": {"covered_lines": 13, "num_statements": 13, "percent_covered": 100.0, "percent_covered_display": "100", "missing_lines": 0, "excluded_lines": 0}, "missing_lines": [], "excluded_lines": []}, "BokehBackend.plot_drawdown": {"executed_lines": [221, 223, 231, 239, 249, 257, 264, 266], "summary": {"covered_lines": 8, "num_statements": 8, "percent_covered": 100.0, "percent_covered_display": "100", "missing_lines": 0, "excluded_lines": 0}, "missing_lines": [], "excluded_lines": []}, "BokehBackend.plot_rolling_sharpe": {"executed_lines": [293, 295, 303, 310, 319, 320, 326, 337, 338, 339, 340, 341, 347, 354, 356, 357, 359], "summary": {"covered_lines": 17, "num_statements": 20, "percent_covered": 85.0, "percent_covered_display": "85", "missing_lines": 3, "excluded_lines": 0}, "missing_lines": [343, 344, 345], "excluded_lines": []}, "BokehBackend.plot_monthly_heatmap": {"executed_lines": [380, 381, 384, 385, 386, 393, 395, 397, 398, 400, 403, 408, 409, 410, 411, 412, 413, 415, 418, 419, 420, 422, 423, 425, 431, 442, 452, 453, 454, 456, 457, 459, 466, 468, 469, 470, 471, 479, 481], "summary": {"covered_lines": 39, "num_statements": 39, "percent_covered": 100.0, "percent_covered_display": "100", "missing_lines": 0, "excluded_lines": 0}, "missing_lines": [], "excluded_lines": []}, "BokehBackend.show": {"executed_lines": [], "summary": {"covered_lines": 0, "num_statements": 2, "percent_covered": 0.0, "percent_covered_display": "0", "missing_lines": 2, "excluded_lines": 0}, "missing_lines": [485, 487], "excluded_lines": []}, "BokehBackend.save_html": {"executed_lines": [499, 501], "summary": {"covered_lines": 2, "num_statements": 2, "percent_covered": 100.0, "percent_covered_display": "100", "missing_lines": 0, "excluded_lines": 0}, "missing_lines": [], "excluded_lines": []}, "PrintfTickFormatter.__init__": {"executed_lines": [508], "summary": {"covered_lines": 1, "num_statements": 1, "percent_covered": 100.0, "percent_covered_display": "100", "missing_lines": 0, "excluded_lines": 0}, "missing_lines": [], "excluded_lines": []}, "PrintfTickFormatter.__call__": {"executed_lines": [511], "summary": {"covered_lines": 1, "num_statements": 1, "percent_covered": 100.0, "percent_covered_display": "100", "missing_lines": 0, "excluded_lines": 0}, "missing_lines": [], "excluded_lines": []}, "": {"executed_lines": [1, 6, 8, 9, 11, 12, 14, 17, 18, 60, 68, 81, 92, 117, 202, 268, 361, 483, 489, 504, 505, 507, 510], "summary": {"covered_lines": 20, "num_statements": 20, "percent_covered": 100.0, "percent_covered_display": "100", "missing_lines": 0, "excluded_lines": 0}, "missing_lines": [], "excluded_lines": []}}, "classes": {"BokehBackend": {"executed_lines": [75, 76, 77, 78, 79, 83, 84, 85, 86, 88, 89, 90, 94, 95, 96, 97, 99, 109, 110, 111, 112, 113, 115, 139, 140, 142, 151, 159, 169, 170, 176, 187, 195, 197, 198, 200, 221, 223, 231, 239, 249, 257, 264, 266, 293, 295, 303, 310, 319, 320, 326, 337, 338, 339, 340, 341, 347, 354, 356, 357, 359, 380, 381, 384, 385, 386, 393, 395, 397, 398, 400, 403, 408, 409, 410, 411, 412, 413, 415, 418, 419, 420, 422, 423, 425, 431, 442, 452, 453, 454, 456, 457, 459, 466, 468, 469, 470, 471, 479, 481, 499, 501], "summary": {"covered_lines": 102, "num_statements": 107, "percent_covered": 95.32710280373831, "percent_covered_display": "95", "missing_lines": 5, "excluded_lines": 0}, "missing_lines": [343, 344, 345, 485, 487], "excluded_lines": []}, "PrintfTickFormatter": {"executed_lines": [508, 511], "summary": {"covered_lines": 2, "num_statements": 2, "percent_covered": 100.0, "percent_covered_display": "100", "missing_lines": 0, "excluded_lines": 0}, "missing_lines": [], "excluded_lines": []}, "": {"executed_lines": [1, 6, 8, 9, 11, 12, 14, 17, 18, 60, 68, 81, 92, 117, 202, 268, 361, 483, 489, 504, 505, 507, 510], "summary": {"covered_lines": 20, "num_statements": 20, "percent_covered": 100.0, "percent_covered_display": "100", "missing_lines": 0, "excluded_lines": 0}, "missing_lines": [], "excluded_lines": []}}}, "fincore/viz/interactive/plotly_backend.py": {"executed_lines": [1, 7, 9, 11, 12, 14, 17, 20, 21, 62, 76, 84, 85, 86, 87, 88, 89, 92, 94, 96, 97, 107, 109, 119, 121, 123, 125, 127, 129, 130, 134, 147, 148, 150, 152, 174, 177, 187, 188, 198, 203, 211, 212, 214, 233, 235, 246, 254, 255, 257, 282, 284, 293, 294, 304, 309, 317, 318, 320, 340, 342, 345, 352, 354, 356, 358, 361, 367, 380, 391, 392, 394, 416, 418, 420, 423, 440, 441, 442, 456, 457, 458, 471, 479, 480, 482, 501, 503, 505, 516, 521, 522, 524, 530, 538, 540, 542], "summary": {"covered_lines": 94, "num_statements": 104, "percent_covered": 90.38461538461539, "percent_covered_display": "90", "missing_lines": 10, "excluded_lines": 2}, "missing_lines": [124, 131, 132, 526, 527, 528, 539, 554, 555, 556], "excluded_lines": [14, 15], "functions": {"PlotlyBackend.__init__": {"executed_lines": [84, 85, 86, 87, 88, 89, 92], "summary": {"covered_lines": 7, "num_statements": 7, "percent_covered": 100.0, "percent_covered_display": "100", "missing_lines": 0, "excluded_lines": 0}, "missing_lines": [], "excluded_lines": []}, "PlotlyBackend._setup_theme": {"executed_lines": [96, 97, 107, 109, 119], "summary": {"covered_lines": 5, "num_statements": 5, "percent_covered": 100.0, "percent_covered_display": "100", "missing_lines": 0, "excluded_lines": 0}, "missing_lines": [], "excluded_lines": []}, "PlotlyBackend._get_template": {"executed_lines": [123, 125], "summary": {"covered_lines": 2, "num_statements": 3, "percent_covered": 66.66666666666667, "percent_covered_display": "67", "missing_lines": 1, "excluded_lines": 0}, "missing_lines": [124], "excluded_lines": []}, "PlotlyBackend._create_figure": {"executed_lines": [129, 130, 134, 147, 148, 150], "summary": {"covered_lines": 6, "num_statements": 8, "percent_covered": 75.0, "percent_covered_display": "75", "missing_lines": 2, "excluded_lines": 0}, "missing_lines": [131, 132], "excluded_lines": []}, "PlotlyBackend.plot_returns": {"executed_lines": [174, 177, 187, 188, 198, 203, 211, 212], "summary": {"covered_lines": 8, "num_statements": 8, "percent_covered": 100.0, "percent_covered_display": "100", "missing_lines": 0, "excluded_lines": 0}, "missing_lines": [], "excluded_lines": []}, "PlotlyBackend.plot_drawdown": {"executed_lines": [233, 235, 246, 254, 255], "summary": {"covered_lines": 5, "num_statements": 5, "percent_covered": 100.0, "percent_covered_display": "100", "missing_lines": 0, "excluded_lines": 0}, "missing_lines": [], "excluded_lines": []}, "PlotlyBackend.plot_rolling_sharpe": {"executed_lines": [282, 284, 293, 294, 304, 309, 317, 318], "summary": {"covered_lines": 8, "num_statements": 8, "percent_covered": 100.0, "percent_covered_display": "100", "missing_lines": 0, "excluded_lines": 0}, "missing_lines": [], "excluded_lines": []}, "PlotlyBackend.plot_monthly_heatmap": {"executed_lines": [340, 342, 345, 352, 354, 356, 358, 361, 367, 380, 391, 392], "summary": {"covered_lines": 12, "num_statements": 12, "percent_covered": 100.0, "percent_covered_display": "100", "missing_lines": 0, "excluded_lines": 0}, "missing_lines": [], "excluded_lines": []}, "PlotlyBackend.plot_efficient_frontier": {"executed_lines": [416, 418, 420, 423, 440, 441, 442, 456, 457, 458, 471, 479, 480], "summary": {"covered_lines": 13, "num_statements": 13, "percent_covered": 100.0, "percent_covered_display": "100", "missing_lines": 0, "excluded_lines": 0}, "missing_lines": [], "excluded_lines": []}, "PlotlyBackend.plot_correlation_matrix": {"executed_lines": [501, 503, 505, 516, 521, 522], "summary": {"covered_lines": 6, "num_statements": 6, "percent_covered": 100.0, "percent_covered_display": "100", "missing_lines": 0, "excluded_lines": 0}, "missing_lines": [], "excluded_lines": []}, "PlotlyBackend.show": {"executed_lines": [], "summary": {"covered_lines": 0, "num_statements": 3, "percent_covered": 0.0, "percent_covered_display": "0", "missing_lines": 3, "excluded_lines": 0}, "missing_lines": [526, 527, 528], "excluded_lines": []}, "PlotlyBackend.save_html": {"executed_lines": [538, 540], "summary": {"covered_lines": 2, "num_statements": 3, "percent_covered": 66.66666666666667, "percent_covered_display": "67", "missing_lines": 1, "excluded_lines": 0}, "missing_lines": [539], "excluded_lines": []}, "PlotlyBackend.save_image": {"executed_lines": [], "summary": {"covered_lines": 0, "num_statements": 3, "percent_covered": 0.0, "percent_covered_display": "0", "missing_lines": 3, "excluded_lines": 0}, "missing_lines": [554, 555, 556], "excluded_lines": []}, "": {"executed_lines": [1, 7, 9, 11, 12, 14, 17, 20, 21, 62, 76, 94, 121, 127, 152, 214, 257, 320, 394, 482, 524, 530, 542], "summary": {"covered_lines": 20, "num_statements": 20, "percent_covered": 100.0, "percent_covered_display": "100", "missing_lines": 0, "excluded_lines": 2}, "missing_lines": [], "excluded_lines": [14, 15]}}, "classes": {"PlotlyBackend": {"executed_lines": [84, 85, 86, 87, 88, 89, 92, 96, 97, 107, 109, 119, 123, 125, 129, 130, 134, 147, 148, 150, 174, 177, 187, 188, 198, 203, 211, 212, 233, 235, 246, 254, 255, 282, 284, 293, 294, 304, 309, 317, 318, 340, 342, 345, 352, 354, 356, 358, 361, 367, 380, 391, 392, 416, 418, 420, 423, 440, 441, 442, 456, 457, 458, 471, 479, 480, 501, 503, 505, 516, 521, 522, 538, 540], "summary": {"covered_lines": 74, "num_statements": 84, "percent_covered": 88.0952380952381, "percent_covered_display": "88", "missing_lines": 10, "excluded_lines": 0}, "missing_lines": [124, 131, 132, 526, 527, 528, 539, 554, 555, 556], "excluded_lines": []}, "": {"executed_lines": [1, 7, 9, 11, 12, 14, 17, 20, 21, 62, 76, 94, 121, 127, 152, 214, 257, 320, 394, 482, 524, 530, 542], "summary": {"covered_lines": 20, "num_statements": 20, "percent_covered": 100.0, "percent_covered_display": "100", "missing_lines": 0, "excluded_lines": 2}, "missing_lines": [], "excluded_lines": [14, 15]}}}, "fincore/viz/matplotlib_backend.py": {"executed_lines": [1, 7, 9, 11, 12, 15, 16, 22, 23, 25, 27, 35, 36, 37, 38, 39, 40, 41, 42, 43, 45, 53, 54, 55, 56, 57, 58, 59, 60, 61, 63, 73, 74, 75, 76, 77, 78, 86, 87, 88, 89, 90, 91, 92, 93, 95, 103, 104, 105, 106, 109, 110, 111, 118, 119, 120, 121, 122, 124, 126, 127, 128, 129, 130, 131, 136, 137, 139, 140, 141, 142, 143, 144, 145, 146, 147], "summary": {"covered_lines": 74, "num_statements": 74, "percent_covered": 100.0, "percent_covered_display": "100", "missing_lines": 0, "excluded_lines": 0}, "missing_lines": [], "excluded_lines": [], "functions": {"MatplotlibBackend._import_plt": {"executed_lines": [23, 25], "summary": {"covered_lines": 2, "num_statements": 2, "percent_covered": 100.0, "percent_covered_display": "100", "missing_lines": 0, "excluded_lines": 0}, "missing_lines": [], "excluded_lines": []}, "MatplotlibBackend.plot_returns": {"executed_lines": [35, 36, 37, 38, 39, 40, 41, 42, 43], "summary": {"covered_lines": 9, "num_statements": 9, "percent_covered": 100.0, "percent_covered_display": "100", "missing_lines": 0, "excluded_lines": 0}, "missing_lines": [], "excluded_lines": []}, "MatplotlibBackend.plot_drawdown": {"executed_lines": [53, 54, 55, 56, 57, 58, 59, 60, 61], "summary": {"covered_lines": 9, "num_statements": 9, "percent_covered": 100.0, "percent_covered_display": "100", "missing_lines": 0, "excluded_lines": 0}, "missing_lines": [], "excluded_lines": []}, "MatplotlibBackend.plot_rolling_sharpe": {"executed_lines": [73, 74, 75, 76, 77, 78, 86, 87, 88, 89, 90, 91, 92, 93], "summary": {"covered_lines": 14, "num_statements": 14, "percent_covered": 100.0, "percent_covered_display": "100", "missing_lines": 0, "excluded_lines": 0}, "missing_lines": [], "excluded_lines": []}, "MatplotlibBackend.plot_monthly_heatmap": {"executed_lines": [103, 104, 105, 106, 109, 110, 111, 118, 119, 120, 121, 122, 124, 126, 127, 128, 129, 130, 131, 136, 137, 139, 140, 141, 142, 143, 144, 145, 146, 147], "summary": {"covered_lines": 30, "num_statements": 30, "percent_covered": 100.0, "percent_covered_display": "100", "missing_lines": 0, "excluded_lines": 0}, "missing_lines": [], "excluded_lines": []}, "": {"executed_lines": [1, 7, 9, 11, 12, 15, 16, 22, 27, 45, 63, 95], "summary": {"covered_lines": 10, "num_statements": 10, "percent_covered": 100.0, "percent_covered_display": "100", "missing_lines": 0, "excluded_lines": 0}, "missing_lines": [], "excluded_lines": []}}, "classes": {"MatplotlibBackend": {"executed_lines": [23, 25, 35, 36, 37, 38, 39, 40, 41, 42, 43, 53, 54, 55, 56, 57, 58, 59, 60, 61, 73, 74, 75, 76, 77, 78, 86, 87, 88, 89, 90, 91, 92, 93, 103, 104, 105, 106, 109, 110, 111, 118, 119, 120, 121, 122, 124, 126, 127, 128, 129, 130, 131, 136, 137, 139, 140, 141, 142, 143, 144, 145, 146, 147], "summary": {"covered_lines": 64, "num_statements": 64, "percent_covered": 100.0, "percent_covered_display": "100", "missing_lines": 0, "excluded_lines": 0}, "missing_lines": [], "excluded_lines": []}, "": {"executed_lines": [1, 7, 9, 11, 12, 15, 16, 22, 27, 45, 63, 95], "summary": {"covered_lines": 10, "num_statements": 10, "percent_covered": 100.0, "percent_covered_display": "100", "missing_lines": 0, "excluded_lines": 0}, "missing_lines": [], "excluded_lines": []}}}}, "totals": {"covered_lines": 8089, "num_statements": 8272, "percent_covered": 97.78771760154739, "percent_covered_display": "98", "missing_lines": 183, "excluded_lines": 31}}