{"meta": {"format": 3, "version": "7.10.4", "timestamp": "2026-02-23T14:39:22.983301", "branch_coverage": false, "show_contexts": false}, "files": {"fincore/_registry.py": {"executed_lines": [1, 21, 34, 170, 218, 245], "summary": {"covered_lines": 5, "num_statements": 5, "percent_covered": 100.0, "percent_covered_display": "100", "missing_lines": 0, "excluded_lines": 0}, "missing_lines": [], "excluded_lines": [], "functions": {"": {"executed_lines": [1, 21, 34, 170, 218, 245], "summary": {"covered_lines": 5, "num_statements": 5, "percent_covered": 100.0, "percent_covered_display": "100", "missing_lines": 0, "excluded_lines": 0}, "missing_lines": [], "excluded_lines": []}}, "classes": {"": {"executed_lines": [1, 21, 34, 170, 218, 245], "summary": {"covered_lines": 5, "num_statements": 5, "percent_covered": 100.0, "percent_covered_display": "100", "missing_lines": 0, "excluded_lines": 0}, "missing_lines": [], "excluded_lines": []}}}, "fincore/_types.py": {"executed_lines": [1, 7, 9, 10, 12, 13, 18, 19, 20, 27, 28, 30, 31, 32, 35, 36, 38, 39, 42, 43, 45, 46, 47, 48, 49, 55], "summary": {"covered_lines": 22, "num_statements": 22, "percent_covered": 100.0, "percent_covered_display": "100", "missing_lines": 0, "excluded_lines": 0}, "missing_lines": [], "excluded_lines": [], "functions": {"": {"executed_lines": [1, 7, 9, 10, 12, 13, 18, 19, 20, 27, 28, 30, 31, 32, 35, 36, 38, 39, 42, 43, 45, 46, 47, 48, 49, 55], "summary": {"covered_lines": 22, "num_statements": 22, "percent_covered": 100.0, "percent_covered_display": "100", "missing_lines": 0, "excluded_lines": 0}, "missing_lines": [], "excluded_lines": []}}, "classes": {"DrawdownPeriod": {"executed_lines": [], "summary": {"covered_lines": 0, "num_statements": 0, "percent_covered": 100.0, "percent_covered_display": "100", "missing_lines": 0, "excluded_lines": 0}, "missing_lines": [], "excluded_lines": []}, "AlphaBeta": {"executed_lines": [], "summary": {"covered_lines": 0, "num_statements": 0, "percent_covered": 100.0, "percent_covered_display": "100", "missing_lines": 0, "excluded_lines": 0}, "missing_lines": [], "excluded_lines": []}, "BootstrapResult": {"executed_lines": [], "summary": {"covered_lines": 0, "num_statements": 0, "percent_covered": 100.0, "percent_covered_display": "100", "missing_lines": 0, "excluded_lines": 0}, "missing_lines": [], "excluded_lines": []}, "": {"executed_lines": [1, 7, 9, 10, 12, 13, 18, 19, 20, 27, 28, 30, 31, 32, 35, 36, 38, 39, 42, 43, 45, 46, 47, 48, 49, 55], "summary": {"covered_lines": 22, "num_statements": 22, "percent_covered": 100.0, "percent_covered_display": "100", "missing_lines": 0, "excluded_lines": 0}, "missing_lines": [], "excluded_lines": []}}}, "fincore/attribution/brinson.py": {"executed_lines": [1, 9, 11, 12, 15, 65, 66, 67, 68, 70, 71, 76, 77, 78, 84, 85, 86, 87, 89, 98, 99, 101, 104, 133, 134, 135, 136, 139, 140, 141, 143, 144, 145, 146, 148, 150, 151, 153, 155, 156, 158, 170, 172, 175, 203, 204, 205, 206, 208, 209, 210, 211, 212, 213, 214, 216, 217, 219, 220, 221, 222, 224, 225, 227, 228, 229, 230, 231, 232, 234, 235, 237, 247, 248, 254, 266, 268, 294, 295, 296, 297, 300, 301, 303, 304, 306, 307, 310, 311, 312, 313, 319, 320, 323, 324, 325, 332, 334, 335, 342, 352, 354, 361, 362, 364, 365, 367, 368, 369, 370, 372, 373, 374, 376, 377, 378, 380, 381, 382], "summary": {"covered_lines": 117, "num_statements": 117, "percent_covered": 100.0, "percent_covered_display": "100", "missing_lines": 0, "excluded_lines": 0}, "missing_lines": [], "excluded_lines": [], "functions": {"brinson_attribution": {"executed_lines": [65, 66, 67, 68, 70, 71, 76, 77, 78, 84, 85, 86, 87, 89, 98, 99, 101], "summary": {"covered_lines": 17, "num_statements": 17, "percent_covered": 100.0, "percent_covered_display": "100", "missing_lines": 0, "excluded_lines": 0}, "missing_lines": [], "excluded_lines": []}, "brinson_results": {"executed_lines": [133, 134, 135, 136, 139, 140, 141, 143, 144, 145, 146, 148, 150, 151, 153, 155, 156, 158, 170, 172], "summary": {"covered_lines": 20, "num_statements": 20, "percent_covered": 100.0, "percent_covered_display": "100", "missing_lines": 0, "excluded_lines": 0}, "missing_lines": [], "excluded_lines": []}, "brinson_cumulative": {"executed_lines": [203, 204, 205, 206, 208, 209, 210, 211, 212, 213, 214, 216, 217, 219, 220, 221, 222, 224, 225, 227, 228, 229, 230, 231, 232, 234, 235, 237], "summary": {"covered_lines": 28, "num_statements": 28, "percent_covered": 100.0, "percent_covered_display": "100", "missing_lines": 0, "excluded_lines": 0}, "missing_lines": [], "excluded_lines": []}, "BrinsonAttribution.__init__": {"executed_lines": [266], "summary": {"covered_lines": 1, "num_statements": 1, "percent_covered": 100.0, "percent_covered_display": "100", "missing_lines": 0, "excluded_lines": 0}, "missing_lines": [], "excluded_lines": []}, "BrinsonAttribution.calculate": {"executed_lines": [294, 295, 296, 297, 300, 301, 303, 304, 306, 307, 310, 311, 312, 313, 319, 320, 323, 324, 325, 332, 334, 335, 342, 352], "summary": {"covered_lines": 24, "num_statements": 24, "percent_covered": 100.0, "percent_covered_display": "100", "missing_lines": 0, "excluded_lines": 0}, "missing_lines": [], "excluded_lines": []}, "BrinsonAttribution._apply_sector_mapping": {"executed_lines": [361, 362, 364, 365, 367, 368, 369, 370, 372, 373, 374, 376, 377, 378], "summary": {"covered_lines": 14, "num_statements": 14, "percent_covered": 100.0, "percent_covered_display": "100", "missing_lines": 0, "excluded_lines": 0}, "missing_lines": [], "excluded_lines": []}, "BrinsonAttribution.__repr__": {"executed_lines": [381, 382], "summary": {"covered_lines": 2, "num_statements": 2, "percent_covered": 100.0, "percent_covered_display": "100", "missing_lines": 0, "excluded_lines": 0}, "missing_lines": [], "excluded_lines": []}, "": {"executed_lines": [1, 9, 11, 12, 15, 104, 175, 247, 248, 254, 268, 354, 380], "summary": {"covered_lines": 11, "num_statements": 11, "percent_covered": 100.0, "percent_covered_display": "100", "missing_lines": 0, "excluded_lines": 0}, "missing_lines": [], "excluded_lines": []}}, "classes": {"BrinsonAttribution": {"executed_lines": [266, 294, 295, 296, 297, 300, 301, 303, 304, 306, 307, 310, 311, 312, 313, 319, 320, 323, 324, 325, 332, 334, 335, 342, 352, 361, 362, 364, 365, 367, 368, 369, 370, 372, 373, 374, 376, 377, 378, 381, 382], "summary": {"covered_lines": 41, "num_statements": 41, "percent_covered": 100.0, "percent_covered_display": "100", "missing_lines": 0, "excluded_lines": 0}, "missing_lines": [], "excluded_lines": []}, "": {"executed_lines": [1, 9, 11, 12, 15, 65, 66, 67, 68, 70, 71, 76, 77, 78, 84, 85, 86, 87, 89, 98, 99, 101, 104, 133, 134, 135, 136, 139, 140, 141, 143, 144, 145, 146, 148, 150, 151, 153, 155, 156, 158, 170, 172, 175, 203, 204, 205, 206, 208, 209, 210, 211, 212, 213, 214, 216, 217, 219, 220, 221, 222, 224, 225, 227, 228, 229, 230, 231, 232, 234, 235, 237, 247, 248, 254, 268, 354, 380], "summary": {"covered_lines": 76, "num_statements": 76, "percent_covered": 100.0, "percent_covered_display": "100", "missing_lines": 0, "excluded_lines": 0}, "missing_lines": [], "excluded_lines": []}}}, "fincore/attribution/fama_french.py": {"executed_lines": [1, 10, 12, 13, 15, 16, 17, 20, 21, 22, 25, 26, 44, 45, 46, 47, 48, 49, 52, 53, 59, 74, 75, 76, 77, 78, 80, 82, 83, 84, 85, 86, 87, 89, 91, 124, 125, 126, 127, 129, 130, 133, 136, 137, 140, 141, 144, 145, 146, 148, 151, 152, 155, 156, 157, 160, 161, 162, 163, 164, 165, 166, 167, 169, 170, 171, 173, 176, 177, 178, 179, 181, 184, 187, 188, 191, 192, 194, 203, 219, 220, 223, 225, 227, 229, 230, 232, 233, 235, 257, 259, 260, 262, 263, 266, 267, 269, 270, 272, 274, 278, 279, 280, 283, 286, 287, 289, 291, 311, 314, 317, 318, 319, 320, 323, 324, 325, 327, 336, 372, 373, 374, 375, 376, 378, 379, 382, 383, 389, 408, 411, 414, 415, 418, 420, 423, 424, 425, 426, 427, 431, 432, 433, 435, 438, 462, 464, 465, 466, 469, 470, 472, 474, 475, 477, 478, 481, 482, 485, 488, 490, 492], "summary": {"covered_lines": 158, "num_statements": 158, "percent_covered": 100.0, "percent_covered_display": "100", "missing_lines": 0, "excluded_lines": 0}, "missing_lines": [], "excluded_lines": [], "functions": {"FamaFrenchModel.__init__": {"executed_lines": [74, 75, 76, 77, 78], "summary": {"covered_lines": 5, "num_statements": 5, "percent_covered": 100.0, "percent_covered_display": "100", "missing_lines": 0, "excluded_lines": 0}, "missing_lines": [], "excluded_lines": []}, "FamaFrenchModel._set_factors": {"executed_lines": [82, 83, 84, 85, 86, 87, 89], "summary": {"covered_lines": 7, "num_statements": 7, "percent_covered": 100.0, "percent_covered_display": "100", "missing_lines": 0, "excluded_lines": 0}, "missing_lines": [], "excluded_lines": []}, "FamaFrenchModel.fit": {"executed_lines": [124, 125, 126, 127, 129, 130, 133, 136, 137, 140, 141, 144, 145, 146, 148, 151, 152, 155, 156, 157, 160, 161, 162, 163, 164, 165, 166, 167, 169, 170, 171, 173, 176, 177, 178, 179, 181, 184, 187, 188, 191, 192, 194], "summary": {"covered_lines": 43, "num_statements": 43, "percent_covered": 100.0, "percent_covered_display": "100", "missing_lines": 0, "excluded_lines": 0}, "missing_lines": [], "excluded_lines": []}, "FamaFrenchModel.predict": {"executed_lines": [219, 220, 223, 225], "summary": {"covered_lines": 4, "num_statements": 4, "percent_covered": 100.0, "percent_covered_display": "100", "missing_lines": 0, "excluded_lines": 0}, "missing_lines": [], "excluded_lines": []}, "FamaFrenchModel._get_regression_coeffs": {"executed_lines": [229, 230, 232, 233], "summary": {"covered_lines": 4, "num_statements": 4, "percent_covered": 100.0, "percent_covered_display": "100", "missing_lines": 0, "excluded_lines": 0}, "missing_lines": [], "excluded_lines": []}, "FamaFrenchModel.get_factor_exposures": {"executed_lines": [257, 259, 260, 262, 263, 266, 267, 269, 270, 272, 274, 278, 279, 280, 283, 286, 287, 289], "summary": {"covered_lines": 18, "num_statements": 18, "percent_covered": 100.0, "percent_covered_display": "100", "missing_lines": 0, "excluded_lines": 0}, "missing_lines": [], "excluded_lines": []}, "FamaFrenchModel.attribution_decomposition": {"executed_lines": [311, 314, 317, 318, 319, 320, 323, 324, 325, 327], "summary": {"covered_lines": 10, "num_statements": 10, "percent_covered": 100.0, "percent_covered_display": "100", "missing_lines": 0, "excluded_lines": 0}, "missing_lines": [], "excluded_lines": []}, "fetch_ff_factors": {"executed_lines": [372, 373, 374, 375, 376, 378, 379], "summary": {"covered_lines": 7, "num_statements": 7, "percent_covered": 100.0, "percent_covered_display": "100", "missing_lines": 0, "excluded_lines": 0}, "missing_lines": [], "excluded_lines": []}, "FamaFrenchProvider.__call__": {"executed_lines": [], "summary": {"covered_lines": 0, "num_statements": 0, "percent_covered": 100.0, "percent_covered_display": "100", "missing_lines": 0, "excluded_lines": 0}, "missing_lines": [], "excluded_lines": []}, "set_ff_provider": {"executed_lines": [414, 415], "summary": {"covered_lines": 2, "num_statements": 2, "percent_covered": 100.0, "percent_covered_display": "100", "missing_lines": 0, "excluded_lines": 0}, "missing_lines": [], "excluded_lines": []}, "clear_ff_factor_cache": {"executed_lines": [420], "summary": {"covered_lines": 1, "num_statements": 1, "percent_covered": 100.0, "percent_covered_display": "100", "missing_lines": 0, "excluded_lines": 0}, "missing_lines": [], "excluded_lines": []}, "_fetch_ff_factors_cached": {"executed_lines": [425, 426, 427, 431, 432, 433, 435], "summary": {"covered_lines": 7, "num_statements": 7, "percent_covered": 100.0, "percent_covered_display": "100", "missing_lines": 0, "excluded_lines": 0}, "missing_lines": [], "excluded_lines": []}, "calculate_idiosyncratic_risk": {"executed_lines": [462, 464, 465, 466, 469, 470, 472, 474, 475, 477, 478, 481, 482, 485, 488, 490, 492], "summary": {"covered_lines": 17, "num_statements": 17, "percent_covered": 100.0, "percent_covered_display": "100", "missing_lines": 0, "excluded_lines": 0}, "missing_lines": [], "excluded_lines": []}, "": {"executed_lines": [1, 10, 12, 13, 15, 16, 17, 20, 21, 22, 25, 26, 44, 45, 46, 47, 48, 49, 52, 53, 59, 80, 91, 203, 227, 235, 291, 336, 382, 383, 389, 408, 411, 418, 423, 424, 438], "summary": {"covered_lines": 33, "num_statements": 33, "percent_covered": 100.0, "percent_covered_display": "100", "missing_lines": 0, "excluded_lines": 0}, "missing_lines": [], "excluded_lines": []}}, "classes": {"FamaFrenchFitResult": {"executed_lines": [], "summary": {"covered_lines": 0, "num_statements": 0, "percent_covered": 100.0, "percent_covered_display": "100", "missing_lines": 0, "excluded_lines": 0}, "missing_lines": [], "excluded_lines": []}, "FamaFrenchModel": {"executed_lines": [74, 75, 76, 77, 78, 82, 83, 84, 85, 86, 87, 89, 124, 125, 126, 127, 129, 130, 133, 136, 137, 140, 141, 144, 145, 146, 148, 151, 152, 155, 156, 157, 160, 161, 162, 163, 164, 165, 166, 167, 169, 170, 171, 173, 176, 177, 178, 179, 181, 184, 187, 188, 191, 192, 194, 219, 220, 223, 225, 229, 230, 232, 233, 257, 259, 260, 262, 263, 266, 267, 269, 270, 272, 274, 278, 279, 280, 283, 286, 287, 289, 311, 314, 317, 318, 319, 320, 323, 324, 325, 327], "summary": {"covered_lines": 91, "num_statements": 91, "percent_covered": 100.0, "percent_covered_display": "100", "missing_lines": 0, "excluded_lines": 0}, "missing_lines": [], "excluded_lines": []}, "FamaFrenchProvider": {"executed_lines": [], "summary": {"covered_lines": 0, "num_statements": 0, "percent_covered": 100.0, "percent_covered_display": "100", "missing_lines": 0, "excluded_lines": 0}, "missing_lines": [], "excluded_lines": []}, "": {"executed_lines": [1, 10, 12, 13, 15, 16, 17, 20, 21, 22, 25, 26, 44, 45, 46, 47, 48, 49, 52, 53, 59, 80, 91, 203, 227, 235, 291, 336, 372, 373, 374, 375, 376, 378, 379, 382, 383, 389, 408, 411, 414, 415, 418, 420, 423, 424, 425, 426, 427, 431, 432, 433, 435, 438, 462, 464, 465, 466, 469, 470, 472, 474, 475, 477, 478, 481, 482, 485, 488, 490, 492], "summary": {"covered_lines": 67, "num_statements": 67, "percent_covered": 100.0, "percent_covered_display": "100", "missing_lines": 0, "excluded_lines": 0}, "missing_lines": [], "excluded_lines": []}}}, "fincore/attribution/fama_french_patch.py": {"executed_lines": [1, 22, 25, 26, 32, 47, 48, 49, 50, 52, 54, 55, 56, 57, 58, 59, 61], "summary": {"covered_lines": 15, "num_statements": 15, "percent_covered": 100.0, "percent_covered_display": "100", "missing_lines": 0, "excluded_lines": 0}, "missing_lines": [], "excluded_lines": [], "functions": {"FamaFrenchModelPatch.__init__": {"executed_lines": [47, 48, 49, 50], "summary": {"covered_lines": 4, "num_statements": 4, "percent_covered": 100.0, "percent_covered_display": "100", "missing_lines": 0, "excluded_lines": 0}, "missing_lines": [], "excluded_lines": []}, "FamaFrenchModelPatch._set_factors": {"executed_lines": [54, 55, 56, 57, 58, 59, 61], "summary": {"covered_lines": 7, "num_statements": 7, "percent_covered": 100.0, "percent_covered_display": "100", "missing_lines": 0, "excluded_lines": 0}, "missing_lines": [], "excluded_lines": []}, "": {"executed_lines": [1, 22, 25, 26, 32, 52], "summary": {"covered_lines": 4, "num_statements": 4, "percent_covered": 100.0, "percent_covered_display": "100", "missing_lines": 0, "excluded_lines": 0}, "missing_lines": [], "excluded_lines": []}}, "classes": {"FamaFrenchModelPatch": {"executed_lines": [47, 48, 49, 50, 54, 55, 56, 57, 58, 59, 61], "summary": {"covered_lines": 11, "num_statements": 11, "percent_covered": 100.0, "percent_covered_display": "100", "missing_lines": 0, "excluded_lines": 0}, "missing_lines": [], "excluded_lines": []}, "": {"executed_lines": [1, 22, 25, 26, 32, 52], "summary": {"covered_lines": 4, "num_statements": 4, "percent_covered": 100.0, "percent_covered_display": "100", "missing_lines": 0, "excluded_lines": 0}, "missing_lines": [], "excluded_lines": []}}}, "fincore/attribution/style.py": {"executed_lines": [1, 10, 12, 13, 16, 17, 19, 36, 37, 38, 40, 41, 43, 46, 48, 49, 52, 54, 55, 58, 59, 64, 65, 66, 67, 68, 70, 71, 72, 73, 74, 75, 77, 79, 81, 83, 85, 87, 89, 91, 93, 95, 102, 104, 111, 144, 145, 147, 150, 151, 153, 155, 156, 157, 158, 159, 162, 163, 164, 165, 168, 172, 173, 174, 175, 176, 179, 180, 181, 182, 183, 185, 186, 187, 188, 191, 192, 195, 196, 197, 198, 199, 200, 201, 204, 207, 209, 210, 211, 212, 213, 214, 215, 216, 219, 220, 223, 224, 226, 233, 252, 254, 255, 259, 261, 264, 283, 286, 289, 291, 294, 317, 320, 322, 323, 326, 327, 329, 332, 345, 346, 347, 348, 349, 350, 353, 376, 379, 380, 381, 384, 386, 388, 391, 392, 394, 395, 396, 397, 400, 401, 402, 403, 404, 407, 408, 409, 410, 413, 414, 415, 416, 417, 418, 420, 423, 425, 427, 428, 430, 433, 462, 463, 464, 465, 467, 468, 469, 470, 471, 472, 473, 474, 475, 477, 479, 484, 486, 487, 489, 490, 491, 494, 495, 496, 497, 499, 500, 501, 502, 503, 504, 506, 507, 509, 510, 512, 513, 514, 517, 518, 520, 522, 523, 525, 528, 549, 550, 552, 553, 554, 556, 557, 561, 562, 563, 564, 565, 566, 567, 569, 570, 571, 572, 574, 575, 576, 577, 578, 580, 582, 585, 586, 589, 621, 623, 624, 629], "summary": {"covered_lines": 236, "num_statements": 236, "percent_covered": 100.0, "percent_covered_display": "100", "missing_lines": 0, "excluded_lines": 0}, "missing_lines": [], "excluded_lines": [], "functions": {"StyleResult.__init__": {"executed_lines": [36, 37, 38], "summary": {"covered_lines": 3, "num_statements": 3, "percent_covered": 100.0, "percent_covered_display": "100", "missing_lines": 0, "excluded_lines": 0}, "missing_lines": [], "excluded_lines": []}, "StyleResult.style_summary": {"executed_lines": [43, 46, 48, 49, 52, 54, 55, 58, 59, 64, 65, 66, 67, 68, 70, 71, 72, 73, 74, 75, 77, 79, 81, 83], "summary": {"covered_lines": 24, "num_statements": 24, "percent_covered": 100.0, "percent_covered_display": "100", "missing_lines": 0, "excluded_lines": 0}, "missing_lines": [], "excluded_lines": []}, "StyleResult.__contains__": {"executed_lines": [87], "summary": {"covered_lines": 1, "num_statements": 1, "percent_covered": 100.0, "percent_covered_display": "100", "missing_lines": 0, "excluded_lines": 0}, "missing_lines": [], "excluded_lines": []}, "StyleResult.__getitem__": {"executed_lines": [91], "summary": {"covered_lines": 1, "num_statements": 1, "percent_covered": 100.0, "percent_covered_display": "100", "missing_lines": 0, "excluded_lines": 0}, "missing_lines": [], "excluded_lines": []}, "StyleResult._as_dict": {"executed_lines": [95], "summary": {"covered_lines": 1, "num_statements": 1, "percent_covered": 100.0, "percent_covered_display": "100", "missing_lines": 0, "excluded_lines": 0}, "missing_lines": [], "excluded_lines": []}, "StyleResult.to_dict": {"executed_lines": [104], "summary": {"covered_lines": 1, "num_statements": 1, "percent_covered": 100.0, "percent_covered_display": "100", "missing_lines": 0, "excluded_lines": 0}, "missing_lines": [], "excluded_lines": []}, "style_analysis": {"executed_lines": [144, 145, 147, 150, 151, 153, 162, 163, 164, 165, 168, 172, 173, 174, 175, 176, 179, 180, 181, 182, 183, 185, 186, 187, 188, 191, 192, 195, 196, 197, 198, 199, 200, 201, 204, 207, 209, 210, 211, 212, 213, 214, 215, 216, 219, 220, 223, 224, 226], "summary": {"covered_lines": 49, "num_statements": 49, "percent_covered": 100.0, "percent_covered_display": "100", "missing_lines": 0, "excluded_lines": 0}, "missing_lines": [], "excluded_lines": []}, "style_analysis._add_style": {"executed_lines": [155, 156, 157, 158, 159], "summary": {"covered_lines": 5, "num_statements": 5, "percent_covered": 100.0, "percent_covered_display": "100", "missing_lines": 0, "excluded_lines": 0}, "missing_lines": [], "excluded_lines": []}, "_calculate_size_exposure": {"executed_lines": [252, 254, 255, 259, 261], "summary": {"covered_lines": 5, "num_statements": 5, "percent_covered": 100.0, "percent_covered_display": "100", "missing_lines": 0, "excluded_lines": 0}, "missing_lines": [], "excluded_lines": []}, "_calculate_momentum": {"executed_lines": [283, 286, 289, 291], "summary": {"covered_lines": 4, "num_statements": 4, "percent_covered": 100.0, "percent_covered_display": "100", "missing_lines": 0, "excluded_lines": 0}, "missing_lines": [], "excluded_lines": []}, "_exposure_from_lookback": {"executed_lines": [317, 320, 322, 323, 326, 327, 329], "summary": {"covered_lines": 7, "num_statements": 7, "percent_covered": 100.0, "percent_covered_display": "100", "missing_lines": 0, "excluded_lines": 0}, "missing_lines": [], "excluded_lines": []}, "_value_from_scores": {"executed_lines": [345, 346, 347, 348, 349, 350], "summary": {"covered_lines": 6, "num_statements": 6, "percent_covered": 100.0, "percent_covered_display": "100", "missing_lines": 0, "excluded_lines": 0}, "missing_lines": [], "excluded_lines": []}, "calculate_style_tilts": {"executed_lines": [376, 379, 380, 381, 384, 386, 388, 391, 392, 394, 395, 396, 397, 400, 401, 402, 403, 404, 407, 408, 409, 410, 413, 414, 415, 416, 417, 418, 420], "summary": {"covered_lines": 29, "num_statements": 29, "percent_covered": 100.0, "percent_covered_display": "100", "missing_lines": 0, "excluded_lines": 0}, "missing_lines": [], "excluded_lines": []}, "_size_rank_to_exposure": {"executed_lines": [425, 427, 428, 430], "summary": {"covered_lines": 4, "num_statements": 4, "percent_covered": 100.0, "percent_covered_display": "100", "missing_lines": 0, "excluded_lines": 0}, "missing_lines": [], "excluded_lines": []}, "calculate_regression_attribution": {"executed_lines": [462, 463, 464, 465, 467, 468, 469, 470, 471, 472, 473, 474, 475, 477, 479, 484, 486, 487, 489, 490, 491, 494, 495, 496, 497, 499, 500, 501, 502, 503, 504, 506, 507, 509, 510, 512, 513, 514, 517, 518, 520, 522, 523, 525], "summary": {"covered_lines": 44, "num_statements": 44, "percent_covered": 100.0, "percent_covered_display": "100", "missing_lines": 0, "excluded_lines": 0}, "missing_lines": [], "excluded_lines": []}, "analyze_performance_by_style": {"executed_lines": [549, 550, 552, 553, 554, 556, 557, 561, 562, 563, 564, 565, 566, 567, 569, 570, 571, 572, 574, 575, 576, 577, 578, 580, 582, 585, 586], "summary": {"covered_lines": 27, "num_statements": 27, "percent_covered": 100.0, "percent_covered_display": "100", "missing_lines": 0, "excluded_lines": 0}, "missing_lines": [], "excluded_lines": []}, "fetch_style_factors": {"executed_lines": [621, 623, 624, 629], "summary": {"covered_lines": 4, "num_statements": 4, "percent_covered": 100.0, "percent_covered_display": "100", "missing_lines": 0, "excluded_lines": 0}, "missing_lines": [], "excluded_lines": []}, "": {"executed_lines": [1, 10, 12, 13, 16, 17, 19, 40, 41, 85, 89, 93, 102, 111, 233, 264, 294, 332, 353, 423, 433, 528, 589], "summary": {"covered_lines": 21, "num_statements": 21, "percent_covered": 100.0, "percent_covered_display": "100", "missing_lines": 0, "excluded_lines": 0}, "missing_lines": [], "excluded_lines": []}}, "classes": {"StyleResult": {"executed_lines": [36, 37, 38, 43, 46, 48, 49, 52, 54, 55, 58, 59, 64, 65, 66, 67, 68, 70, 71, 72, 73, 74, 75, 77, 79, 81, 83, 87, 91, 95, 104], "summary": {"covered_lines": 31, "num_statements": 31, "percent_covered": 100.0, "percent_covered_display": "100", "missing_lines": 0, "excluded_lines": 0}, "missing_lines": [], "excluded_lines": []}, "": {"executed_lines": [1, 10, 12, 13, 16, 17, 19, 40, 41, 85, 89, 93, 102, 111, 144, 145, 147, 150, 151, 153, 155, 156, 157, 158, 159, 162, 163, 164, 165, 168, 172, 173, 174, 175, 176, 179, 180, 181, 182, 183, 185, 186, 187, 188, 191, 192, 195, 196, 197, 198, 199, 200, 201, 204, 207, 209, 210, 211, 212, 213, 214, 215, 216, 219, 220, 223, 224, 226, 233, 252, 254, 255, 259, 261, 264, 283, 286, 289, 291, 294, 317, 320, 322, 323, 326, 327, 329, 332, 345, 346, 347, 348, 349, 350, 353, 376, 379, 380, 381, 384, 386, 388, 391, 392, 394, 395, 396, 397, 400, 401, 402, 403, 404, 407, 408, 409, 410, 413, 414, 415, 416, 417, 418, 420, 423, 425, 427, 428, 430, 433, 462, 463, 464, 465, 467, 468, 469, 470, 471, 472, 473, 474, 475, 477, 479, 484, 486, 487, 489, 490, 491, 494, 495, 496, 497, 499, 500, 501, 502, 503, 504, 506, 507, 509, 510, 512, 513, 514, 517, 518, 520, 522, 523, 525, 528, 549, 550, 552, 553, 554, 556, 557, 561, 562, 563, 564, 565, 566, 567, 569, 570, 571, 572, 574, 575, 576, 577, 578, 580, 582, 585, 586, 589, 621, 623, 624, 629], "summary": {"covered_lines": 205, "num_statements": 205, "percent_covered": 100.0, "percent_covered_display": "100", "missing_lines": 0, "excluded_lines": 0}, "missing_lines": [], "excluded_lines": []}}}, "fincore/constants/color.py": {"executed_lines": [1, 7, 8, 10, 31], "summary": {"covered_lines": 4, "num_statements": 4, "percent_covered": 100.0, "percent_covered_display": "100", "missing_lines": 0, "excluded_lines": 0}, "missing_lines": [], "excluded_lines": [], "functions": {"": {"executed_lines": [1, 7, 8, 10, 31], "summary": {"covered_lines": 4, "num_statements": 4, "percent_covered": 100.0, "percent_covered_display": "100", "missing_lines": 0, "excluded_lines": 0}, "missing_lines": [], "excluded_lines": []}}, "classes": {"": {"executed_lines": [1, 7, 8, 10, 31], "summary": {"covered_lines": 4, "num_statements": 4, "percent_covered": 100.0, "percent_covered_display": "100", "missing_lines": 0, "excluded_lines": 0}, "missing_lines": [], "excluded_lines": []}}}, "fincore/constants/interesting_periods.py": {"executed_lines": [15, 18, 20, 22, 24, 27, 30, 33, 36, 39, 42, 45, 46, 47, 48, 49, 52, 55, 56, 59, 62, 64, 66, 68], "summary": {"covered_lines": 23, "num_statements": 23, "percent_covered": 100.0, "percent_covered_display": "100", "missing_lines": 0, "excluded_lines": 0}, "missing_lines": [], "excluded_lines": [], "functions": {"": {"executed_lines": [15, 18, 20, 22, 24, 27, 30, 33, 36, 39, 42, 45, 46, 47, 48, 49, 52, 55, 56, 59, 62, 64, 66, 68], "summary": {"covered_lines": 23, "num_statements": 23, "percent_covered": 100.0, "percent_covered_display": "100", "missing_lines": 0, "excluded_lines": 0}, "missing_lines": [], "excluded_lines": []}}, "classes": {"": {"executed_lines": [15, 18, 20, 22, 24, 27, 30, 33, 36, 39, 42, 45, 46, 47, 48, 49, 52, 55, 56, 59, 62, 64, 66, 68], "summary": {"covered_lines": 23, "num_statements": 23, "percent_covered": 100.0, "percent_covered_display": "100", "missing_lines": 0, "excluded_lines": 0}, "missing_lines": [], "excluded_lines": []}}}, "fincore/constants/periods.py": {"executed_lines": [1, 3, 4, 6, 7, 9, 10, 11, 13, 14, 15, 16, 17, 19, 29, 30, 38], "summary": {"covered_lines": 16, "num_statements": 16, "percent_covered": 100.0, "percent_covered_display": "100", "missing_lines": 0, "excluded_lines": 0}, "missing_lines": [], "excluded_lines": [], "functions": {"": {"executed_lines": [1, 3, 4, 6, 7, 9, 10, 11, 13, 14, 15, 16, 17, 19, 29, 30, 38], "summary": {"covered_lines": 16, "num_statements": 16, "percent_covered": 100.0, "percent_covered_display": "100", "missing_lines": 0, "excluded_lines": 0}, "missing_lines": [], "excluded_lines": []}}, "classes": {"": {"executed_lines": [1, 3, 4, 6, 7, 9, 10, 11, 13, 14, 15, 16, 17, 19, 29, 30, 38], "summary": {"covered_lines": 16, "num_statements": 16, "percent_covered": 100.0, "percent_covered_display": "100", "missing_lines": 0, "excluded_lines": 0}, "missing_lines": [], "excluded_lines": []}}}, "fincore/constants/style.py": {"executed_lines": [1, 7, 9, 11, 13, 14, 16, 32, 42, 58, 63, 82, 99, 108, 126, 136, 149, 167], "summary": {"covered_lines": 17, "num_statements": 17, "percent_covered": 100.0, "percent_covered_display": "100", "missing_lines": 0, "excluded_lines": 0}, "missing_lines": [], "excluded_lines": [], "functions": {"": {"executed_lines": [1, 7, 9, 11, 13, 14, 16, 32, 42, 58, 63, 82, 99, 108, 126, 136, 149, 167], "summary": {"covered_lines": 17, "num_statements": 17, "percent_covered": 100.0, "percent_covered_display": "100", "missing_lines": 0, "excluded_lines": 0}, "missing_lines": [], "excluded_lines": []}}, "classes": {"": {"executed_lines": [1, 7, 9, 11, 13, 14, 16, 32, 42, 58, 63, 82, 99, 108, 126, 136, 149, 167], "summary": {"covered_lines": 17, "num_statements": 17, "percent_covered": 100.0, "percent_covered_display": "100", "missing_lines": 0, "excluded_lines": 0}, "missing_lines": [], "excluded_lines": []}}}, "fincore/core/context.py": {"executed_lines": [1, 11, 13, 14, 15, 17, 18, 20, 21, 22, 23, 26, 29, 32, 35, 36, 37, 41, 45, 46, 49, 50, 71, 95, 96, 97, 98, 99, 105, 106, 108, 110, 111, 113, 115, 116, 118, 120, 121, 123, 125, 126, 128, 134, 135, 137, 139, 140, 142, 144, 145, 147, 149, 150, 152, 153, 154, 155, 157, 158, 160, 162, 163, 165, 167, 168, 170, 172, 173, 175, 177, 178, 180, 182, 183, 185, 187, 188, 190, 192, 193, 195, 197, 198, 200, 206, 207, 209, 210, 211, 213, 215, 216, 218, 219, 220, 222, 224, 225, 226, 227, 228, 234, 240, 242, 243, 244, 245, 246, 247, 248, 249, 250, 251, 252, 253, 254, 255, 257, 258, 259, 261, 263, 265, 266, 268, 270, 276, 288, 290, 292, 293, 294, 296, 297, 299, 301, 314, 316, 317, 318, 322, 323, 324, 325, 326, 327, 328, 334, 336, 337, 338, 340, 341, 343, 344, 350, 351, 352, 353, 354, 355, 363, 380], "summary": {"covered_lines": 162, "num_statements": 162, "percent_covered": 100.0, "percent_covered_display": "100", "missing_lines": 0, "excluded_lines": 0}, "missing_lines": [], "excluded_lines": [], "functions": {"AnalysisContext.__init__": {"executed_lines": [95, 96, 97, 98, 99], "summary": {"covered_lines": 5, "num_statements": 5, "percent_covered": 100.0, "percent_covered_display": "100", "missing_lines": 0, "excluded_lines": 0}, "missing_lines": [], "excluded_lines": []}, "AnalysisContext._ann_factor": {"executed_lines": [108], "summary": {"covered_lines": 1, "num_statements": 1, "percent_covered": 100.0, "percent_covered_display": "100", "missing_lines": 0, "excluded_lines": 0}, "missing_lines": [], "excluded_lines": []}, "AnalysisContext._sqrt_ann": {"executed_lines": [113], "summary": {"covered_lines": 1, "num_statements": 1, "percent_covered": 100.0, "percent_covered_display": "100", "missing_lines": 0, "excluded_lines": 0}, "missing_lines": [], "excluded_lines": []}, "AnalysisContext._returns_array": {"executed_lines": [118], "summary": {"covered_lines": 1, "num_statements": 1, "percent_covered": 100.0, "percent_covered_display": "100", "missing_lines": 0, "excluded_lines": 0}, "missing_lines": [], "excluded_lines": []}, "AnalysisContext._mean_return": {"executed_lines": [123], "summary": {"covered_lines": 1, "num_statements": 1, "percent_covered": 100.0, "percent_covered_display": "100", "missing_lines": 0, "excluded_lines": 0}, "missing_lines": [], "excluded_lines": []}, "AnalysisContext._std_return": {"executed_lines": [128], "summary": {"covered_lines": 1, "num_statements": 1, "percent_covered": 100.0, "percent_covered_display": "100", "missing_lines": 0, "excluded_lines": 0}, "missing_lines": [], "excluded_lines": []}, "AnalysisContext.annual_return": {"executed_lines": [137], "summary": {"covered_lines": 1, "num_statements": 1, "percent_covered": 100.0, "percent_covered_display": "100", "missing_lines": 0, "excluded_lines": 0}, "missing_lines": [], "excluded_lines": []}, "AnalysisContext.cumulative_returns": {"executed_lines": [142], "summary": {"covered_lines": 1, "num_statements": 1, "percent_covered": 100.0, "percent_covered_display": "100", "missing_lines": 0, "excluded_lines": 0}, "missing_lines": [], "excluded_lines": []}, "AnalysisContext.annual_volatility": {"executed_lines": [147], "summary": {"covered_lines": 1, "num_statements": 1, "percent_covered": 100.0, "percent_covered_display": "100", "missing_lines": 0, "excluded_lines": 0}, "missing_lines": [], "excluded_lines": []}, "AnalysisContext.sharpe_ratio": {"executed_lines": [152, 153, 154, 155], "summary": {"covered_lines": 4, "num_statements": 4, "percent_covered": 100.0, "percent_covered_display": "100", "missing_lines": 0, "excluded_lines": 0}, "missing_lines": [], "excluded_lines": []}, "AnalysisContext.calmar_ratio": {"executed_lines": [160], "summary": {"covered_lines": 1, "num_statements": 1, "percent_covered": 100.0, "percent_covered_display": "100", "missing_lines": 0, "excluded_lines": 0}, "missing_lines": [], "excluded_lines": []}, "AnalysisContext.stability": {"executed_lines": [165], "summary": {"covered_lines": 1, "num_statements": 1, "percent_covered": 100.0, "percent_covered_display": "100", "missing_lines": 0, "excluded_lines": 0}, "missing_lines": [], "excluded_lines": []}, "AnalysisContext.max_drawdown": {"executed_lines": [170], "summary": {"covered_lines": 1, "num_statements": 1, "percent_covered": 100.0, "percent_covered_display": "100", "missing_lines": 0, "excluded_lines": 0}, "missing_lines": [], "excluded_lines": []}, "AnalysisContext.omega_ratio": {"executed_lines": [175], "summary": {"covered_lines": 1, "num_statements": 1, "percent_covered": 100.0, "percent_covered_display": "100", "missing_lines": 0, "excluded_lines": 0}, "missing_lines": [], "excluded_lines": []}, "AnalysisContext.sortino_ratio": {"executed_lines": [180], "summary": {"covered_lines": 1, "num_statements": 1, "percent_covered": 100.0, "percent_covered_display": "100", "missing_lines": 0, "excluded_lines": 0}, "missing_lines": [], "excluded_lines": []}, "AnalysisContext.skew": {"executed_lines": [185], "summary": {"covered_lines": 1, "num_statements": 1, "percent_covered": 100.0, "percent_covered_display": "100", "missing_lines": 0, "excluded_lines": 0}, "missing_lines": [], "excluded_lines": []}, "AnalysisContext.kurtosis": {"executed_lines": [190], "summary": {"covered_lines": 1, "num_statements": 1, "percent_covered": 100.0, "percent_covered_display": "100", "missing_lines": 0, "excluded_lines": 0}, "missing_lines": [], "excluded_lines": []}, "AnalysisContext.tail_ratio": {"executed_lines": [195], "summary": {"covered_lines": 1, "num_statements": 1, "percent_covered": 100.0, "percent_covered_display": "100", "missing_lines": 0, "excluded_lines": 0}, "missing_lines": [], "excluded_lines": []}, "AnalysisContext.daily_value_at_risk": {"executed_lines": [200], "summary": {"covered_lines": 1, "num_statements": 1, "percent_covered": 100.0, "percent_covered_display": "100", "missing_lines": 0, "excluded_lines": 0}, "missing_lines": [], "excluded_lines": []}, "AnalysisContext.alpha": {"executed_lines": [209, 210, 211, 213], "summary": {"covered_lines": 4, "num_statements": 4, "percent_covered": 100.0, "percent_covered_display": "100", "missing_lines": 0, "excluded_lines": 0}, "missing_lines": [], "excluded_lines": []}, "AnalysisContext.beta": {"executed_lines": [218, 219, 220, 222], "summary": {"covered_lines": 4, "num_statements": 4, "percent_covered": 100.0, "percent_covered_display": "100", "missing_lines": 0, "excluded_lines": 0}, "missing_lines": [], "excluded_lines": []}, "AnalysisContext.information_ratio": {"executed_lines": [226, 227, 228], "summary": {"covered_lines": 3, "num_statements": 3, "percent_covered": 100.0, "percent_covered_display": "100", "missing_lines": 0, "excluded_lines": 0}, "missing_lines": [], "excluded_lines": []}, "AnalysisContext.perf_stats": {"executed_lines": [240, 242, 243, 244, 245, 246, 247, 248, 249, 250, 251, 252, 253, 254, 255, 257, 258, 259, 261], "summary": {"covered_lines": 19, "num_statements": 19, "percent_covered": 100.0, "percent_covered_display": "100", "missing_lines": 0, "excluded_lines": 0}, "missing_lines": [], "excluded_lines": []}, "AnalysisContext.to_dict": {"executed_lines": [265, 266], "summary": {"covered_lines": 2, "num_statements": 2, "percent_covered": 100.0, "percent_covered_display": "100", "missing_lines": 0, "excluded_lines": 0}, "missing_lines": [], "excluded_lines": []}, "AnalysisContext.to_json": {"executed_lines": [270], "summary": {"covered_lines": 1, "num_statements": 1, "percent_covered": 100.0, "percent_covered_display": "100", "missing_lines": 0, "excluded_lines": 0}, "missing_lines": [], "excluded_lines": []}, "AnalysisContext.plot": {"executed_lines": [288, 290, 292, 293, 294, 296, 297, 299], "summary": {"covered_lines": 8, "num_statements": 8, "percent_covered": 100.0, "percent_covered_display": "100", "missing_lines": 0, "excluded_lines": 0}, "missing_lines": [], "excluded_lines": []}, "AnalysisContext.to_html": {"executed_lines": [314, 316, 317, 318, 322, 323, 324, 325, 326, 327, 328], "summary": {"covered_lines": 11, "num_statements": 11, "percent_covered": 100.0, "percent_covered_display": "100", "missing_lines": 0, "excluded_lines": 0}, "missing_lines": [], "excluded_lines": []}, "AnalysisContext.invalidate": {"executed_lines": [336, 337, 338, 340, 341, 343, 344], "summary": {"covered_lines": 7, "num_statements": 7, "percent_covered": 100.0, "percent_covered_display": "100", "missing_lines": 0, "excluded_lines": 0}, "missing_lines": [], "excluded_lines": []}, "AnalysisContext.__repr__": {"executed_lines": [351, 352, 353, 354, 355], "summary": {"covered_lines": 5, "num_statements": 5, "percent_covered": 100.0, "percent_covered_display": "100", "missing_lines": 0, "excluded_lines": 0}, "missing_lines": [], "excluded_lines": []}, "analyze": {"executed_lines": [380], "summary": {"covered_lines": 1, "num_statements": 1, "percent_covered": 100.0, "percent_covered_display": "100", "missing_lines": 0, "excluded_lines": 0}, "missing_lines": [], "excluded_lines": []}, "": {"executed_lines": [1, 11, 13, 14, 15, 17, 18, 20, 21, 22, 23, 26, 29, 32, 35, 36, 37, 41, 45, 46, 49, 50, 71, 105, 106, 110, 111, 115, 116, 120, 121, 125, 126, 134, 135, 139, 140, 144, 145, 149, 150, 157, 158, 162, 163, 167, 168, 172, 173, 177, 178, 182, 183, 187, 188, 192, 193, 197, 198, 206, 207, 215, 216, 224, 225, 234, 263, 268, 276, 301, 334, 350, 363], "summary": {"covered_lines": 71, "num_statements": 71, "percent_covered": 100.0, "percent_covered_display": "100", "missing_lines": 0, "excluded_lines": 0}, "missing_lines": [], "excluded_lines": []}}, "classes": {"AnalysisContext": {"executed_lines": [95, 96, 97, 98, 99, 108, 113, 118, 123, 128, 137, 142, 147, 152, 153, 154, 155, 160, 165, 170, 175, 180, 185, 190, 195, 200, 209, 210, 211, 213, 218, 219, 220, 222, 226, 227, 228, 240, 242, 243, 244, 245, 246, 247, 248, 249, 250, 251, 252, 253, 254, 255, 257, 258, 259, 261, 265, 266, 270, 288, 290, 292, 293, 294, 296, 297, 299, 314, 316, 317, 318, 322, 323, 324, 325, 326, 327, 328, 336, 337, 338, 340, 341, 343, 344, 351, 352, 353, 354, 355], "summary": {"covered_lines": 90, "num_statements": 90, "percent_covered": 100.0, "percent_covered_display": "100", "missing_lines": 0, "excluded_lines": 0}, "missing_lines": [], "excluded_lines": []}, "": {"executed_lines": [1, 11, 13, 14, 15, 17, 18, 20, 21, 22, 23, 26, 29, 32, 35, 36, 37, 41, 45, 46, 49, 50, 71, 105, 106, 110, 111, 115, 116, 120, 121, 125, 126, 134, 135, 139, 140, 144, 145, 149, 150, 157, 158, 162, 163, 167, 168, 172, 173, 177, 178, 182, 183, 187, 188, 192, 193, 197, 198, 206, 207, 215, 216, 224, 225, 234, 263, 268, 276, 301, 334, 350, 363, 380], "summary": {"covered_lines": 72, "num_statements": 72, "percent_covered": 100.0, "percent_covered_display": "100", "missing_lines": 0, "excluded_lines": 0}, "missing_lines": [], "excluded_lines": []}}}, "fincore/core/engine.py": {"executed_lines": [1, 14, 16, 17, 19, 20, 23, 35, 36, 50, 58, 59, 60, 61, 62, 63, 65, 66, 67, 73, 90, 91, 93, 94, 95, 96, 97, 98, 99, 105, 106, 107, 108, 109, 110, 111, 112, 114, 115, 116, 117, 119, 120, 122, 124, 125, 126, 127, 129, 131, 132, 133, 134, 136, 137, 138, 139, 140, 141, 143, 144, 145, 146], "summary": {"covered_lines": 61, "num_statements": 61, "percent_covered": 100.0, "percent_covered_display": "100", "missing_lines": 0, "excluded_lines": 0}, "missing_lines": [], "excluded_lines": [], "functions": {"RollingEngine.__init__": {"executed_lines": [58, 59, 60, 61, 62, 63], "summary": {"covered_lines": 6, "num_statements": 6, "percent_covered": 100.0, "percent_covered_display": "100", "missing_lines": 0, "excluded_lines": 0}, "missing_lines": [], "excluded_lines": []}, "RollingEngine.available_metrics": {"executed_lines": [67], "summary": {"covered_lines": 1, "num_statements": 1, "percent_covered": 100.0, "percent_covered_display": "100", "missing_lines": 0, "excluded_lines": 0}, "missing_lines": [], "excluded_lines": []}, "RollingEngine.compute": {"executed_lines": [90, 91, 93, 94, 95, 96, 97, 98, 99], "summary": {"covered_lines": 9, "num_statements": 9, "percent_covered": 100.0, "percent_covered_display": "100", "missing_lines": 0, "excluded_lines": 0}, "missing_lines": [], "excluded_lines": []}, "RollingEngine._compute_sharpe": {"executed_lines": [106, 107, 108, 109, 110, 111, 112], "summary": {"covered_lines": 7, "num_statements": 7, "percent_covered": 100.0, "percent_covered_display": "100", "missing_lines": 0, "excluded_lines": 0}, "missing_lines": [], "excluded_lines": []}, "RollingEngine._compute_volatility": {"executed_lines": [115, 116, 117], "summary": {"covered_lines": 3, "num_statements": 3, "percent_covered": 100.0, "percent_covered_display": "100", "missing_lines": 0, "excluded_lines": 0}, "missing_lines": [], "excluded_lines": []}, "RollingEngine._compute_max_drawdown": {"executed_lines": [120, 122], "summary": {"covered_lines": 2, "num_statements": 2, "percent_covered": 100.0, "percent_covered_display": "100", "missing_lines": 0, "excluded_lines": 0}, "missing_lines": [], "excluded_lines": []}, "RollingEngine._compute_beta": {"executed_lines": [125, 126, 127, 129], "summary": {"covered_lines": 4, "num_statements": 4, "percent_covered": 100.0, "percent_covered_display": "100", "missing_lines": 0, "excluded_lines": 0}, "missing_lines": [], "excluded_lines": []}, "RollingEngine._compute_sortino": {"executed_lines": [132, 133, 134, 136, 137, 138, 139, 140, 141], "summary": {"covered_lines": 9, "num_statements": 9, "percent_covered": 100.0, "percent_covered_display": "100", "missing_lines": 0, "excluded_lines": 0}, "missing_lines": [], "excluded_lines": []}, "RollingEngine._compute_mean_return": {"executed_lines": [144, 145, 146], "summary": {"covered_lines": 3, "num_statements": 3, "percent_covered": 100.0, "percent_covered_display": "100", "missing_lines": 0, "excluded_lines": 0}, "missing_lines": [], "excluded_lines": []}, "": {"executed_lines": [1, 14, 16, 17, 19, 20, 23, 35, 36, 50, 65, 66, 73, 105, 114, 119, 124, 131, 143], "summary": {"covered_lines": 17, "num_statements": 17, "percent_covered": 100.0, "percent_covered_display": "100", "missing_lines": 0, "excluded_lines": 0}, "missing_lines": [], "excluded_lines": []}}, "classes": {"RollingEngine": {"executed_lines": [58, 59, 60, 61, 62, 63, 67, 90, 91, 93, 94, 95, 96, 97, 98, 99, 106, 107, 108, 109, 110, 111, 112, 115, 116, 117, 120, 122, 125, 126, 127, 129, 132, 133, 134, 136, 137, 138, 139, 140, 141, 144, 145, 146], "summary": {"covered_lines": 44, "num_statements": 44, "percent_covered": 100.0, "percent_covered_display": "100", "missing_lines": 0, "excluded_lines": 0}, "missing_lines": [], "excluded_lines": []}, "": {"executed_lines": [1, 14, 16, 17, 19, 20, 23, 35, 36, 50, 65, 66, 73, 105, 114, 119, 124, 131, 143], "summary": {"covered_lines": 17, "num_statements": 17, "percent_covered": 100.0, "percent_covered_display": "100", "missing_lines": 0, "excluded_lines": 0}, "missing_lines": [], "excluded_lines": []}}}, "fincore/data/providers.py": {"executed_lines": [1, 10, 12, 13, 14, 15, 17, 19, 23, 26, 27, 29, 35, 36, 37, 38, 39, 42, 43, 55, 56, 88, 89, 123, 124, 139, 158, 160, 161, 163, 182, 183, 185, 187, 188, 190, 192, 193, 196, 197, 199, 202, 203, 220, 221, 222, 224, 225, 226, 227, 229, 257, 259, 261, 268, 269, 271, 273, 274, 277, 279, 281, 313, 314, 315, 316, 317, 318, 319, 325, 326, 328, 329, 330, 331, 333, 346, 347, 349, 361, 362, 380, 382, 383, 384, 386, 387, 388, 390, 391, 392, 394, 403, 406, 412, 414, 421, 422, 425, 431, 432, 433, 435, 438, 439, 440, 441, 442, 445, 448, 449, 451, 453, 463, 464, 465, 466, 467, 468, 469, 475, 476, 478, 479, 480, 481, 483, 485, 491, 492, 494, 506, 507, 523, 524, 525, 527, 528, 529, 530, 531, 533, 535, 536, 537, 539, 567, 571, 574, 577, 579, 586, 587, 590, 591, 592, 595, 603, 606, 607, 609, 611, 621, 622, 623, 624, 625, 626, 627, 633, 634, 636, 637, 638, 639, 641, 643, 645, 647, 648, 655, 657, 666, 667, 678, 679, 680, 682, 683, 684, 686, 714, 718, 726, 727, 731, 744, 746, 747, 748, 751, 753, 755, 765, 766, 767, 768, 769, 770, 771, 777, 778, 780, 781, 782, 783, 785, 787, 788, 789, 790, 796, 803, 817, 840, 842, 854, 855, 857, 860, 901, 902, 904, 905, 906, 907, 909, 910, 911, 912, 914, 915, 918, 964, 965, 967, 968, 969, 970, 972, 973, 974, 975, 977, 978], "summary": {"covered_lines": 247, "num_statements": 250, "percent_covered": 98.8, "percent_covered_display": "99", "missing_lines": 3, "excluded_lines": 2}, "missing_lines": [86, 121, 137], "excluded_lines": [19, 20], "functions": {"BatchFetchError.__init__": {"executed_lines": [35, 36, 37, 38, 39], "summary": {"covered_lines": 5, "num_statements": 5, "percent_covered": 100.0, "percent_covered_display": "100", "missing_lines": 0, "excluded_lines": 0}, "missing_lines": [], "excluded_lines": []}, "DataProvider.fetch": {"executed_lines": [], "summary": {"covered_lines": 0, "num_statements": 1, "percent_covered": 0.0, "percent_covered_display": "0", "missing_lines": 1, "excluded_lines": 0}, "missing_lines": [86], "excluded_lines": []}, "DataProvider.fetch_multiple": {"executed_lines": [], "summary": {"covered_lines": 0, "num_statements": 1, "percent_covered": 0.0, "percent_covered_display": "0", "missing_lines": 1, "excluded_lines": 0}, "missing_lines": [121], "excluded_lines": []}, "DataProvider.get_info": {"executed_lines": [], "summary": {"covered_lines": 0, "num_statements": 1, "percent_covered": 0.0, "percent_covered_display": "0", "missing_lines": 1, "excluded_lines": 0}, "missing_lines": [137], "excluded_lines": []}, "DataProvider.to_returns": {"executed_lines": [158, 160, 161], "summary": {"covered_lines": 3, "num_statements": 3, "percent_covered": 100.0, "percent_covered_display": "100", "missing_lines": 0, "excluded_lines": 0}, "missing_lines": [], "excluded_lines": []}, "DataProvider.validate_dates": {"executed_lines": [182, 183, 185, 187, 188, 190, 192, 193, 196, 197, 199], "summary": {"covered_lines": 11, "num_statements": 11, "percent_covered": 100.0, "percent_covered_display": "100", "missing_lines": 0, "excluded_lines": 0}, "missing_lines": [], "excluded_lines": []}, "YahooFinanceProvider.__init__": {"executed_lines": [221, 222, 224, 225, 226, 227], "summary": {"covered_lines": 6, "num_statements": 6, "percent_covered": 100.0, "percent_covered_display": "100", "missing_lines": 0, "excluded_lines": 0}, "missing_lines": [], "excluded_lines": []}, "YahooFinanceProvider.fetch": {"executed_lines": [257, 259, 261, 268, 269, 271, 273, 274, 277, 279], "summary": {"covered_lines": 10, "num_statements": 10, "percent_covered": 100.0, "percent_covered_display": "100", "missing_lines": 0, "excluded_lines": 0}, "missing_lines": [], "excluded_lines": []}, "YahooFinanceProvider.fetch_multiple": {"executed_lines": [313, 314, 315, 316, 317, 318, 319, 325, 326, 328, 329, 330, 331], "summary": {"covered_lines": 13, "num_statements": 13, "percent_covered": 100.0, "percent_covered_display": "100", "missing_lines": 0, "excluded_lines": 0}, "missing_lines": [], "excluded_lines": []}, "YahooFinanceProvider.get_info": {"executed_lines": [346, 347, 349], "summary": {"covered_lines": 3, "num_statements": 3, "percent_covered": 100.0, "percent_covered_display": "100", "missing_lines": 0, "excluded_lines": 0}, "missing_lines": [], "excluded_lines": []}, "AlphaVantageProvider.__init__": {"executed_lines": [383, 384, 386, 387, 388, 390, 391, 392], "summary": {"covered_lines": 8, "num_statements": 8, "percent_covered": 100.0, "percent_covered_display": "100", "missing_lines": 0, "excluded_lines": 0}, "missing_lines": [], "excluded_lines": []}, "AlphaVantageProvider.fetch": {"executed_lines": [403, 406, 412, 414, 421, 422, 425, 431, 432, 433, 435, 438, 439, 440, 441, 442, 445, 448, 449, 451], "summary": {"covered_lines": 20, "num_statements": 20, "percent_covered": 100.0, "percent_covered_display": "100", "missing_lines": 0, "excluded_lines": 0}, "missing_lines": [], "excluded_lines": []}, "AlphaVantageProvider.fetch_multiple": {"executed_lines": [463, 464, 465, 466, 467, 468, 469, 475, 476, 478, 479, 480, 481], "summary": {"covered_lines": 13, "num_statements": 13, "percent_covered": 100.0, "percent_covered_display": "100", "missing_lines": 0, "excluded_lines": 0}, "missing_lines": [], "excluded_lines": []}, "AlphaVantageProvider.get_info": {"executed_lines": [485, 491, 492, 494], "summary": {"covered_lines": 4, "num_statements": 4, "percent_covered": 100.0, "percent_covered_display": "100", "missing_lines": 0, "excluded_lines": 0}, "missing_lines": [], "excluded_lines": []}, "TushareProvider.__init__": {"executed_lines": [524, 525, 527, 528, 529, 530, 531], "summary": {"covered_lines": 7, "num_statements": 7, "percent_covered": 100.0, "percent_covered_display": "100", "missing_lines": 0, "excluded_lines": 0}, "missing_lines": [], "excluded_lines": []}, "TushareProvider._get_pro": {"executed_lines": [535, 536, 537], "summary": {"covered_lines": 3, "num_statements": 3, "percent_covered": 100.0, "percent_covered_display": "100", "missing_lines": 0, "excluded_lines": 0}, "missing_lines": [], "excluded_lines": []}, "TushareProvider.fetch": {"executed_lines": [567, 571, 574, 577, 579, 586, 587, 590, 591, 592, 595, 603, 606, 607, 609], "summary": {"covered_lines": 15, "num_statements": 15, "percent_covered": 100.0, "percent_covered_display": "100", "missing_lines": 0, "excluded_lines": 0}, "missing_lines": [], "excluded_lines": []}, "TushareProvider.fetch_multiple": {"executed_lines": [621, 622, 623, 624, 625, 626, 627, 633, 634, 636, 637, 638, 639], "summary": {"covered_lines": 13, "num_statements": 13, "percent_covered": 100.0, "percent_covered_display": "100", "missing_lines": 0, "excluded_lines": 0}, "missing_lines": [], "excluded_lines": []}, "TushareProvider.get_info": {"executed_lines": [643, 645, 647, 648, 655, 657], "summary": {"covered_lines": 6, "num_statements": 6, "percent_covered": 100.0, "percent_covered_display": "100", "missing_lines": 0, "excluded_lines": 0}, "missing_lines": [], "excluded_lines": []}, "AkShareProvider.__init__": {"executed_lines": [679, 680, 682, 683, 684], "summary": {"covered_lines": 5, "num_statements": 5, "percent_covered": 100.0, "percent_covered_display": "100", "missing_lines": 0, "excluded_lines": 0}, "missing_lines": [], "excluded_lines": []}, "AkShareProvider.fetch": {"executed_lines": [714, 718, 726, 727, 731, 744, 746, 747, 748, 751, 753], "summary": {"covered_lines": 11, "num_statements": 11, "percent_covered": 100.0, "percent_covered_display": "100", "missing_lines": 0, "excluded_lines": 0}, "missing_lines": [], "excluded_lines": []}, "AkShareProvider.fetch_multiple": {"executed_lines": [765, 766, 767, 768, 769, 770, 771, 777, 778, 780, 781, 782, 783], "summary": {"covered_lines": 13, "num_statements": 13, "percent_covered": 100.0, "percent_covered_display": "100", "missing_lines": 0, "excluded_lines": 0}, "missing_lines": [], "excluded_lines": []}, "AkShareProvider.get_info": {"executed_lines": [787, 788, 789, 790, 796, 803], "summary": {"covered_lines": 6, "num_statements": 6, "percent_covered": 100.0, "percent_covered_display": "100", "missing_lines": 0, "excluded_lines": 0}, "missing_lines": [], "excluded_lines": []}, "get_provider": {"executed_lines": [840, 842, 854, 855, 857], "summary": {"covered_lines": 5, "num_statements": 5, "percent_covered": 100.0, "percent_covered_display": "100", "missing_lines": 0, "excluded_lines": 0}, "missing_lines": [], "excluded_lines": []}, "fetch_price_data": {"executed_lines": [901, 902, 904, 905, 906, 907, 909, 910, 911, 912, 914, 915], "summary": {"covered_lines": 12, "num_statements": 12, "percent_covered": 100.0, "percent_covered_display": "100", "missing_lines": 0, "excluded_lines": 0}, "missing_lines": [], "excluded_lines": []}, "fetch_multiple_prices": {"executed_lines": [964, 965, 967, 968, 969, 970, 972, 973, 974, 975, 977, 978], "summary": {"covered_lines": 12, "num_statements": 12, "percent_covered": 100.0, "percent_covered_display": "100", "missing_lines": 0, "excluded_lines": 0}, "missing_lines": [], "excluded_lines": []}, "": {"executed_lines": [1, 10, 12, 13, 14, 15, 17, 19, 23, 26, 27, 29, 42, 43, 55, 56, 88, 89, 123, 124, 139, 163, 202, 203, 220, 229, 281, 333, 361, 362, 380, 382, 394, 453, 483, 506, 507, 523, 533, 539, 611, 641, 666, 667, 678, 686, 755, 785, 817, 860, 918], "summary": {"covered_lines": 43, "num_statements": 43, "percent_covered": 100.0, "percent_covered_display": "100", "missing_lines": 0, "excluded_lines": 2}, "missing_lines": [], "excluded_lines": [19, 20]}}, "classes": {"BatchFetchError": {"executed_lines": [35, 36, 37, 38, 39], "summary": {"covered_lines": 5, "num_statements": 5, "percent_covered": 100.0, "percent_covered_display": "100", "missing_lines": 0, "excluded_lines": 0}, "missing_lines": [], "excluded_lines": []}, "DataProvider": {"executed_lines": [158, 160, 161, 182, 183, 185, 187, 188, 190, 192, 193, 196, 197, 199], "summary": {"covered_lines": 14, "num_statements": 17, "percent_covered": 82.3529411764706, "percent_covered_display": "82", "missing_lines": 3, "excluded_lines": 0}, "missing_lines": [86, 121, 137], "excluded_lines": []}, "YahooFinanceProvider": {"executed_lines": [221, 222, 224, 225, 226, 227, 257, 259, 261, 268, 269, 271, 273, 274, 277, 279, 313, 314, 315, 316, 317, 318, 319, 325, 326, 328, 329, 330, 331, 346, 347, 349], "summary": {"covered_lines": 32, "num_statements": 32, "percent_covered": 100.0, "percent_covered_display": "100", "missing_lines": 0, "excluded_lines": 0}, "missing_lines": [], "excluded_lines": []}, "AlphaVantageProvider": {"executed_lines": [383, 384, 386, 387, 388, 390, 391, 392, 403, 406, 412, 414, 421, 422, 425, 431, 432, 433, 435, 438, 439, 440, 441, 442, 445, 448, 449, 451, 463, 464, 465, 466, 467, 468, 469, 475, 476, 478, 479, 480, 481, 485, 491, 492, 494], "summary": {"covered_lines": 45, "num_statements": 45, "percent_covered": 100.0, "percent_covered_display": "100", "missing_lines": 0, "excluded_lines": 0}, "missing_lines": [], "excluded_lines": []}, "TushareProvider": {"executed_lines": [524, 525, 527, 528, 529, 530, 531, 535, 536, 537, 567, 571, 574, 577, 579, 586, 587, 590, 591, 592, 595, 603, 606, 607, 609, 621, 622, 623, 624, 625, 626, 627, 633, 634, 636, 637, 638, 639, 643, 645, 647, 648, 655, 657], "summary": {"covered_lines": 44, "num_statements": 44, "percent_covered": 100.0, "percent_covered_display": "100", "missing_lines": 0, "excluded_lines": 0}, "missing_lines": [], "excluded_lines": []}, "AkShareProvider": {"executed_lines": [679, 680, 682, 683, 684, 714, 718, 726, 727, 731, 744, 746, 747, 748, 751, 753, 765, 766, 767, 768, 769, 770, 771, 777, 778, 780, 781, 782, 783, 787, 788, 789, 790, 796, 803], "summary": {"covered_lines": 35, "num_statements": 35, "percent_covered": 100.0, "percent_covered_display": "100", "missing_lines": 0, "excluded_lines": 0}, "missing_lines": [], "excluded_lines": []}, "": {"executed_lines": [1, 10, 12, 13, 14, 15, 17, 19, 23, 26, 27, 29, 42, 43, 55, 56, 88, 89, 123, 124, 139, 163, 202, 203, 220, 229, 281, 333, 361, 362, 380, 382, 394, 453, 483, 506, 507, 523, 533, 539, 611, 641, 666, 667, 678, 686, 755, 785, 817, 840, 842, 854, 855, 857, 860, 901, 902, 904, 905, 906, 907, 909, 910, 911, 912, 914, 915, 918, 964, 965, 967, 968, 969, 970, 972, 973, 974, 975, 977, 978], "summary": {"covered_lines": 72, "num_statements": 72, "percent_covered": 100.0, "percent_covered_display": "100", "missing_lines": 0, "excluded_lines": 2}, "missing_lines": [], "excluded_lines": [19, 20]}}}, "fincore/empyrical.py": {"executed_lines": [17, 31, 32, 33, 35, 36, 38, 43, 46, 47, 55, 56, 57, 59, 60, 62, 63, 64, 65, 66, 67, 69, 70, 71, 73, 74, 76, 77, 78, 79, 81, 82, 83, 85, 86, 92, 95, 97, 98, 99, 100, 101, 102, 108, 109, 117, 119, 120, 121, 122, 123, 125, 126, 127, 128, 131, 133, 134, 135, 136, 137, 143, 146, 147, 150, 151, 154, 155, 158, 160, 161, 163, 164, 165, 166, 168, 169, 170, 176, 177, 178, 188, 190, 191, 192, 193, 194, 195, 196, 197, 199, 204, 205, 207, 209, 218, 219, 220, 221, 222, 223, 225, 226, 227, 228, 229, 230, 232, 238, 239, 241, 242, 243, 244, 245, 247, 248, 250, 251, 252, 253, 254, 260, 261, 263, 271, 272, 274, 276, 277, 279, 281, 282, 284, 286, 287, 289, 291, 292, 294, 296, 297, 299, 301, 302, 304, 306, 307, 309, 311, 312, 314, 316, 317, 319, 321, 322, 324, 326, 327, 329, 331, 332, 334, 338, 339, 341, 343, 344, 346, 348, 349, 351, 353, 354, 356, 360, 361, 363, 365, 366, 368, 370, 371, 373, 375, 376, 378, 380, 381, 383, 385, 386, 388, 390, 391, 393, 395, 396, 398, 400, 401, 403, 405, 406, 408, 412, 413, 415, 417, 418, 420, 422, 423, 425, 427, 428, 430, 434, 435, 437, 443, 444, 446, 448, 449, 451, 453, 454, 456, 460, 461, 463, 465, 466, 468, 472, 473, 475, 477, 478, 480, 484, 485, 487, 491, 492, 494, 498, 499, 501, 507, 508, 510, 512, 513, 515, 519, 520, 522, 526, 527, 529, 533, 534, 536, 540, 541, 543, 547, 548, 550, 554, 555, 557, 561, 562, 564, 568, 569, 571, 575, 576, 578, 584, 585, 589, 598, 599, 601, 610, 611, 615, 624, 625, 627, 631, 632, 634, 638, 639, 641, 647, 648, 650, 654, 655, 657, 661, 662, 664, 668, 669, 671, 679, 680, 691, 692, 693, 694, 695, 696, 697, 698, 699, 703, 704, 708, 709, 710, 711, 712, 713, 714, 715, 716, 717, 719, 721, 722, 724, 725, 726, 729], "summary": {"covered_lines": 340, "num_statements": 341, "percent_covered": 99.70674486803519, "percent_covered_display": "99", "missing_lines": 1, "excluded_lines": 0}, "missing_lines": [718], "excluded_lines": [], "functions": {"_dual_method.__init__": {"executed_lines": [56, 57], "summary": {"covered_lines": 2, "num_statements": 2, "percent_covered": 100.0, "percent_covered_display": "100", "missing_lines": 0, "excluded_lines": 0}, "missing_lines": [], "excluded_lines": []}, "_dual_method.__set_name__": {"executed_lines": [60], "summary": {"covered_lines": 1, "num_statements": 1, "percent_covered": 100.0, "percent_covered_display": "100", "missing_lines": 0, "excluded_lines": 0}, "missing_lines": [], "excluded_lines": []}, "_dual_method.__get__": {"executed_lines": [63, 64, 65, 66, 67, 69, 70, 71, 73, 74, 76, 77, 78, 79, 81, 82, 83, 85, 86], "summary": {"covered_lines": 19, "num_statements": 19, "percent_covered": 100.0, "percent_covered_display": "100", "missing_lines": 0, "excluded_lines": 0}, "missing_lines": [], "excluded_lines": []}, "_resolve_module": {"executed_lines": [97, 98, 99, 100, 101, 102], "summary": {"covered_lines": 6, "num_statements": 6, "percent_covered": 100.0, "percent_covered_display": "100", "missing_lines": 0, "excluded_lines": 0}, "missing_lines": [], "excluded_lines": []}, "_LazyMethod.__init__": {"executed_lines": [120, 121, 122, 123], "summary": {"covered_lines": 4, "num_statements": 4, "percent_covered": 100.0, "percent_covered_display": "100", "missing_lines": 0, "excluded_lines": 0}, "missing_lines": [], "excluded_lines": []}, "_LazyMethod.__get__": {"executed_lines": [126, 127, 128], "summary": {"covered_lines": 3, "num_statements": 3, "percent_covered": 100.0, "percent_covered_display": "100", "missing_lines": 0, "excluded_lines": 0}, "missing_lines": [], "excluded_lines": []}, "_populate_from_registry": {"executed_lines": [133, 134, 135, 136, 137], "summary": {"covered_lines": 5, "num_statements": 5, "percent_covered": 100.0, "percent_covered_display": "100", "missing_lines": 0, "excluded_lines": 0}, "missing_lines": [], "excluded_lines": []}, "Empyrical.__init__": {"executed_lines": [190, 191, 192, 193, 194, 195, 196, 197, 199, 204, 205, 207], "summary": {"covered_lines": 12, "num_statements": 12, "percent_covered": 100.0, "percent_covered_display": "100", "missing_lines": 0, "excluded_lines": 0}, "missing_lines": [], "excluded_lines": []}, "Empyrical.__getattr__": {"executed_lines": [218, 219, 220, 221, 222, 223, 225, 226, 227, 228, 229, 230, 232], "summary": {"covered_lines": 13, "num_statements": 13, "percent_covered": 100.0, "percent_covered_display": "100", "missing_lines": 0, "excluded_lines": 0}, "missing_lines": [], "excluded_lines": []}, "Empyrical._get_returns": {"executed_lines": [241, 242, 243, 244, 245], "summary": {"covered_lines": 5, "num_statements": 5, "percent_covered": 100.0, "percent_covered_display": "100", "missing_lines": 0, "excluded_lines": 0}, "missing_lines": [], "excluded_lines": []}, "Empyrical._get_factor_returns": {"executed_lines": [250, 251, 252, 253, 254], "summary": {"covered_lines": 5, "num_statements": 5, "percent_covered": 100.0, "percent_covered_display": "100", "missing_lines": 0, "excluded_lines": 0}, "missing_lines": [], "excluded_lines": []}, "Empyrical.cagr": {"executed_lines": [263], "summary": {"covered_lines": 1, "num_statements": 1, "percent_covered": 100.0, "percent_covered_display": "100", "missing_lines": 0, "excluded_lines": 0}, "missing_lines": [], "excluded_lines": []}, "Empyrical.get_max_drawdown_period": {"executed_lines": [274], "summary": {"covered_lines": 1, "num_statements": 1, "percent_covered": 100.0, "percent_covered_display": "100", "missing_lines": 0, "excluded_lines": 0}, "missing_lines": [], "excluded_lines": []}, "Empyrical.max_drawdown_days": {"executed_lines": [279], "summary": {"covered_lines": 1, "num_statements": 1, "percent_covered": 100.0, "percent_covered_display": "100", "missing_lines": 0, "excluded_lines": 0}, "missing_lines": [], "excluded_lines": []}, "Empyrical.second_max_drawdown": {"executed_lines": [284], "summary": {"covered_lines": 1, "num_statements": 1, "percent_covered": 100.0, "percent_covered_display": "100", "missing_lines": 0, "excluded_lines": 0}, "missing_lines": [], "excluded_lines": []}, "Empyrical.third_max_drawdown": {"executed_lines": [289], "summary": {"covered_lines": 1, "num_statements": 1, "percent_covered": 100.0, "percent_covered_display": "100", "missing_lines": 0, "excluded_lines": 0}, "missing_lines": [], "excluded_lines": []}, "Empyrical.second_max_drawdown_days": {"executed_lines": [294], "summary": {"covered_lines": 1, "num_statements": 1, "percent_covered": 100.0, "percent_covered_display": "100", "missing_lines": 0, "excluded_lines": 0}, "missing_lines": [], "excluded_lines": []}, "Empyrical.second_max_drawdown_recovery_days": {"executed_lines": [299], "summary": {"covered_lines": 1, "num_statements": 1, "percent_covered": 100.0, "percent_covered_display": "100", "missing_lines": 0, "excluded_lines": 0}, "missing_lines": [], "excluded_lines": []}, "Empyrical.third_max_drawdown_days": {"executed_lines": [304], "summary": {"covered_lines": 1, "num_statements": 1, "percent_covered": 100.0, "percent_covered_display": "100", "missing_lines": 0, "excluded_lines": 0}, "missing_lines": [], "excluded_lines": []}, "Empyrical.third_max_drawdown_recovery_days": {"executed_lines": [309], "summary": {"covered_lines": 1, "num_statements": 1, "percent_covered": 100.0, "percent_covered_display": "100", "missing_lines": 0, "excluded_lines": 0}, "missing_lines": [], "excluded_lines": []}, "Empyrical.max_drawdown_weeks": {"executed_lines": [314], "summary": {"covered_lines": 1, "num_statements": 1, "percent_covered": 100.0, "percent_covered_display": "100", "missing_lines": 0, "excluded_lines": 0}, "missing_lines": [], "excluded_lines": []}, "Empyrical.max_drawdown_months": {"executed_lines": [319], "summary": {"covered_lines": 1, "num_statements": 1, "percent_covered": 100.0, "percent_covered_display": "100", "missing_lines": 0, "excluded_lines": 0}, "missing_lines": [], "excluded_lines": []}, "Empyrical.max_drawdown_recovery_days": {"executed_lines": [324], "summary": {"covered_lines": 1, "num_statements": 1, "percent_covered": 100.0, "percent_covered_display": "100", "missing_lines": 0, "excluded_lines": 0}, "missing_lines": [], "excluded_lines": []}, "Empyrical.max_drawdown_recovery_weeks": {"executed_lines": [329], "summary": {"covered_lines": 1, "num_statements": 1, "percent_covered": 100.0, "percent_covered_display": "100", "missing_lines": 0, "excluded_lines": 0}, "missing_lines": [], "excluded_lines": []}, "Empyrical.max_drawdown_recovery_months": {"executed_lines": [334], "summary": {"covered_lines": 1, "num_statements": 1, "percent_covered": 100.0, "percent_covered_display": "100", "missing_lines": 0, "excluded_lines": 0}, "missing_lines": [], "excluded_lines": []}, "Empyrical.futures_market_correlation": {"executed_lines": [341], "summary": {"covered_lines": 1, "num_statements": 1, "percent_covered": 100.0, "percent_covered_display": "100", "missing_lines": 0, "excluded_lines": 0}, "missing_lines": [], "excluded_lines": []}, "Empyrical.serial_correlation": {"executed_lines": [346], "summary": {"covered_lines": 1, "num_statements": 1, "percent_covered": 100.0, "percent_covered_display": "100", "missing_lines": 0, "excluded_lines": 0}, "missing_lines": [], "excluded_lines": []}, "Empyrical.win_rate": {"executed_lines": [351], "summary": {"covered_lines": 1, "num_statements": 1, "percent_covered": 100.0, "percent_covered_display": "100", "missing_lines": 0, "excluded_lines": 0}, "missing_lines": [], "excluded_lines": []}, "Empyrical.loss_rate": {"executed_lines": [356], "summary": {"covered_lines": 1, "num_statements": 1, "percent_covered": 100.0, "percent_covered_display": "100", "missing_lines": 0, "excluded_lines": 0}, "missing_lines": [], "excluded_lines": []}, "Empyrical.max_consecutive_up_weeks": {"executed_lines": [363], "summary": {"covered_lines": 1, "num_statements": 1, "percent_covered": 100.0, "percent_covered_display": "100", "missing_lines": 0, "excluded_lines": 0}, "missing_lines": [], "excluded_lines": []}, "Empyrical.max_consecutive_down_weeks": {"executed_lines": [368], "summary": {"covered_lines": 1, "num_statements": 1, "percent_covered": 100.0, "percent_covered_display": "100", "missing_lines": 0, "excluded_lines": 0}, "missing_lines": [], "excluded_lines": []}, "Empyrical.max_consecutive_up_months": {"executed_lines": [373], "summary": {"covered_lines": 1, "num_statements": 1, "percent_covered": 100.0, "percent_covered_display": "100", "missing_lines": 0, "excluded_lines": 0}, "missing_lines": [], "excluded_lines": []}, "Empyrical.max_consecutive_down_months": {"executed_lines": [378], "summary": {"covered_lines": 1, "num_statements": 1, "percent_covered": 100.0, "percent_covered_display": "100", "missing_lines": 0, "excluded_lines": 0}, "missing_lines": [], "excluded_lines": []}, "Empyrical.max_single_day_gain_date": {"executed_lines": [383], "summary": {"covered_lines": 1, "num_statements": 1, "percent_covered": 100.0, "percent_covered_display": "100", "missing_lines": 0, "excluded_lines": 0}, "missing_lines": [], "excluded_lines": []}, "Empyrical.max_single_day_loss_date": {"executed_lines": [388], "summary": {"covered_lines": 1, "num_statements": 1, "percent_covered": 100.0, "percent_covered_display": "100", "missing_lines": 0, "excluded_lines": 0}, "missing_lines": [], "excluded_lines": []}, "Empyrical.max_consecutive_up_start_date": {"executed_lines": [393], "summary": {"covered_lines": 1, "num_statements": 1, "percent_covered": 100.0, "percent_covered_display": "100", "missing_lines": 0, "excluded_lines": 0}, "missing_lines": [], "excluded_lines": []}, "Empyrical.max_consecutive_up_end_date": {"executed_lines": [398], "summary": {"covered_lines": 1, "num_statements": 1, "percent_covered": 100.0, "percent_covered_display": "100", "missing_lines": 0, "excluded_lines": 0}, "missing_lines": [], "excluded_lines": []}, "Empyrical.max_consecutive_down_start_date": {"executed_lines": [403], "summary": {"covered_lines": 1, "num_statements": 1, "percent_covered": 100.0, "percent_covered_display": "100", "missing_lines": 0, "excluded_lines": 0}, "missing_lines": [], "excluded_lines": []}, "Empyrical.max_consecutive_down_end_date": {"executed_lines": [408], "summary": {"covered_lines": 1, "num_statements": 1, "percent_covered": 100.0, "percent_covered_display": "100", "missing_lines": 0, "excluded_lines": 0}, "missing_lines": [], "excluded_lines": []}, "Empyrical.common_sense_ratio": {"executed_lines": [415], "summary": {"covered_lines": 1, "num_statements": 1, "percent_covered": 100.0, "percent_covered_display": "100", "missing_lines": 0, "excluded_lines": 0}, "missing_lines": [], "excluded_lines": []}, "Empyrical.sterling_ratio": {"executed_lines": [420], "summary": {"covered_lines": 1, "num_statements": 1, "percent_covered": 100.0, "percent_covered_display": "100", "missing_lines": 0, "excluded_lines": 0}, "missing_lines": [], "excluded_lines": []}, "Empyrical.burke_ratio": {"executed_lines": [425], "summary": {"covered_lines": 1, "num_statements": 1, "percent_covered": 100.0, "percent_covered_display": "100", "missing_lines": 0, "excluded_lines": 0}, "missing_lines": [], "excluded_lines": []}, "Empyrical.kappa_three_ratio": {"executed_lines": [430], "summary": {"covered_lines": 1, "num_statements": 1, "percent_covered": 100.0, "percent_covered_display": "100", "missing_lines": 0, "excluded_lines": 0}, "missing_lines": [], "excluded_lines": []}, "Empyrical.deflated_sharpe_ratio": {"executed_lines": [437], "summary": {"covered_lines": 1, "num_statements": 1, "percent_covered": 100.0, "percent_covered_display": "100", "missing_lines": 0, "excluded_lines": 0}, "missing_lines": [], "excluded_lines": []}, "Empyrical.gpd_risk_estimates": {"executed_lines": [446], "summary": {"covered_lines": 1, "num_statements": 1, "percent_covered": 100.0, "percent_covered_display": "100", "missing_lines": 0, "excluded_lines": 0}, "missing_lines": [], "excluded_lines": []}, "Empyrical.gpd_risk_estimates_aligned": {"executed_lines": [451], "summary": {"covered_lines": 1, "num_statements": 1, "percent_covered": 100.0, "percent_covered_display": "100", "missing_lines": 0, "excluded_lines": 0}, "missing_lines": [], "excluded_lines": []}, "Empyrical.var_excess_return": {"executed_lines": [456], "summary": {"covered_lines": 1, "num_statements": 1, "percent_covered": 100.0, "percent_covered_display": "100", "missing_lines": 0, "excluded_lines": 0}, "missing_lines": [], "excluded_lines": []}, "Empyrical.mar_ratio": {"executed_lines": [463], "summary": {"covered_lines": 1, "num_statements": 1, "percent_covered": 100.0, "percent_covered_display": "100", "missing_lines": 0, "excluded_lines": 0}, "missing_lines": [], "excluded_lines": []}, "Empyrical.r_cubed_turtle": {"executed_lines": [468], "summary": {"covered_lines": 1, "num_statements": 1, "percent_covered": 100.0, "percent_covered_display": "100", "missing_lines": 0, "excluded_lines": 0}, "missing_lines": [], "excluded_lines": []}, "Empyrical.annualized_cumulative_return": {"executed_lines": [475], "summary": {"covered_lines": 1, "num_statements": 1, "percent_covered": 100.0, "percent_covered_display": "100", "missing_lines": 0, "excluded_lines": 0}, "missing_lines": [], "excluded_lines": []}, "Empyrical.annual_volatility_by_year": {"executed_lines": [480], "summary": {"covered_lines": 1, "num_statements": 1, "percent_covered": 100.0, "percent_covered_display": "100", "missing_lines": 0, "excluded_lines": 0}, "missing_lines": [], "excluded_lines": []}, "Empyrical.roll_sharpe_ratio": {"executed_lines": [487], "summary": {"covered_lines": 1, "num_statements": 1, "percent_covered": 100.0, "percent_covered_display": "100", "missing_lines": 0, "excluded_lines": 0}, "missing_lines": [], "excluded_lines": []}, "Empyrical.roll_max_drawdown": {"executed_lines": [494], "summary": {"covered_lines": 1, "num_statements": 1, "percent_covered": 100.0, "percent_covered_display": "100", "missing_lines": 0, "excluded_lines": 0}, "missing_lines": [], "excluded_lines": []}, "Empyrical.extract_interesting_date_ranges": {"executed_lines": [501], "summary": {"covered_lines": 1, "num_statements": 1, "percent_covered": 100.0, "percent_covered_display": "100", "missing_lines": 0, "excluded_lines": 0}, "missing_lines": [], "excluded_lines": []}, "Empyrical.r_cubed": {"executed_lines": [510], "summary": {"covered_lines": 1, "num_statements": 1, "percent_covered": 100.0, "percent_covered_display": "100", "missing_lines": 0, "excluded_lines": 0}, "missing_lines": [], "excluded_lines": []}, "Empyrical.relative_win_rate": {"executed_lines": [515], "summary": {"covered_lines": 1, "num_statements": 1, "percent_covered": 100.0, "percent_covered_display": "100", "missing_lines": 0, "excluded_lines": 0}, "missing_lines": [], "excluded_lines": []}, "Empyrical.capm_r_squared": {"executed_lines": [522], "summary": {"covered_lines": 1, "num_statements": 1, "percent_covered": 100.0, "percent_covered_display": "100", "missing_lines": 0, "excluded_lines": 0}, "missing_lines": [], "excluded_lines": []}, "Empyrical.up_capture_return": {"executed_lines": [529], "summary": {"covered_lines": 1, "num_statements": 1, "percent_covered": 100.0, "percent_covered_display": "100", "missing_lines": 0, "excluded_lines": 0}, "missing_lines": [], "excluded_lines": []}, "Empyrical.down_capture_return": {"executed_lines": [536], "summary": {"covered_lines": 1, "num_statements": 1, "percent_covered": 100.0, "percent_covered_display": "100", "missing_lines": 0, "excluded_lines": 0}, "missing_lines": [], "excluded_lines": []}, "Empyrical.tracking_difference": {"executed_lines": [543], "summary": {"covered_lines": 1, "num_statements": 1, "percent_covered": 100.0, "percent_covered_display": "100", "missing_lines": 0, "excluded_lines": 0}, "missing_lines": [], "excluded_lines": []}, "Empyrical.beta_fragility_heuristic": {"executed_lines": [550], "summary": {"covered_lines": 1, "num_statements": 1, "percent_covered": 100.0, "percent_covered_display": "100", "missing_lines": 0, "excluded_lines": 0}, "missing_lines": [], "excluded_lines": []}, "Empyrical.beta_fragility_heuristic_aligned": {"executed_lines": [557], "summary": {"covered_lines": 1, "num_statements": 1, "percent_covered": 100.0, "percent_covered_display": "100", "missing_lines": 0, "excluded_lines": 0}, "missing_lines": [], "excluded_lines": []}, "Empyrical.treynor_ratio": {"executed_lines": [564], "summary": {"covered_lines": 1, "num_statements": 1, "percent_covered": 100.0, "percent_covered_display": "100", "missing_lines": 0, "excluded_lines": 0}, "missing_lines": [], "excluded_lines": []}, "Empyrical.m_squared": {"executed_lines": [571], "summary": {"covered_lines": 1, "num_statements": 1, "percent_covered": 100.0, "percent_covered_display": "100", "missing_lines": 0, "excluded_lines": 0}, "missing_lines": [], "excluded_lines": []}, "Empyrical.residual_risk": {"executed_lines": [578], "summary": {"covered_lines": 1, "num_statements": 1, "percent_covered": 100.0, "percent_covered_display": "100", "missing_lines": 0, "excluded_lines": 0}, "missing_lines": [], "excluded_lines": []}, "Empyrical.roll_alpha": {"executed_lines": [589], "summary": {"covered_lines": 1, "num_statements": 1, "percent_covered": 100.0, "percent_covered_display": "100", "missing_lines": 0, "excluded_lines": 0}, "missing_lines": [], "excluded_lines": []}, "Empyrical.roll_beta": {"executed_lines": [601], "summary": {"covered_lines": 1, "num_statements": 1, "percent_covered": 100.0, "percent_covered_display": "100", "missing_lines": 0, "excluded_lines": 0}, "missing_lines": [], "excluded_lines": []}, "Empyrical.roll_alpha_beta": {"executed_lines": [615], "summary": {"covered_lines": 1, "num_statements": 1, "percent_covered": 100.0, "percent_covered_display": "100", "missing_lines": 0, "excluded_lines": 0}, "missing_lines": [], "excluded_lines": []}, "Empyrical.roll_up_capture": {"executed_lines": [627], "summary": {"covered_lines": 1, "num_statements": 1, "percent_covered": 100.0, "percent_covered_display": "100", "missing_lines": 0, "excluded_lines": 0}, "missing_lines": [], "excluded_lines": []}, "Empyrical.roll_down_capture": {"executed_lines": [634], "summary": {"covered_lines": 1, "num_statements": 1, "percent_covered": 100.0, "percent_covered_display": "100", "missing_lines": 0, "excluded_lines": 0}, "missing_lines": [], "excluded_lines": []}, "Empyrical.roll_up_down_capture": {"executed_lines": [641], "summary": {"covered_lines": 1, "num_statements": 1, "percent_covered": 100.0, "percent_covered_display": "100", "missing_lines": 0, "excluded_lines": 0}, "missing_lines": [], "excluded_lines": []}, "Empyrical.annual_active_return": {"executed_lines": [650], "summary": {"covered_lines": 1, "num_statements": 1, "percent_covered": 100.0, "percent_covered_display": "100", "missing_lines": 0, "excluded_lines": 0}, "missing_lines": [], "excluded_lines": []}, "Empyrical.annual_active_risk": {"executed_lines": [657], "summary": {"covered_lines": 1, "num_statements": 1, "percent_covered": 100.0, "percent_covered_display": "100", "missing_lines": 0, "excluded_lines": 0}, "missing_lines": [], "excluded_lines": []}, "Empyrical.annual_active_return_by_year": {"executed_lines": [664], "summary": {"covered_lines": 1, "num_statements": 1, "percent_covered": 100.0, "percent_covered_display": "100", "missing_lines": 0, "excluded_lines": 0}, "missing_lines": [], "excluded_lines": []}, "Empyrical.information_ratio_by_year": {"executed_lines": [671], "summary": {"covered_lines": 1, "num_statements": 1, "percent_covered": 100.0, "percent_covered_display": "100", "missing_lines": 0, "excluded_lines": 0}, "missing_lines": [], "excluded_lines": []}, "Empyrical.perf_attrib": {"executed_lines": [691, 692, 693, 694, 695, 696, 697, 698, 699], "summary": {"covered_lines": 9, "num_statements": 9, "percent_covered": 100.0, "percent_covered_display": "100", "missing_lines": 0, "excluded_lines": 0}, "missing_lines": [], "excluded_lines": []}, "Empyrical.regression_annual_return": {"executed_lines": [708, 709, 710, 711, 712, 713, 714, 715, 716, 717, 719], "summary": {"covered_lines": 11, "num_statements": 12, "percent_covered": 91.66666666666667, "percent_covered_display": "92", "missing_lines": 1, "excluded_lines": 0}, "missing_lines": [718], "excluded_lines": []}, "Empyrical._groupby_consecutive": {"executed_lines": [724, 725, 726], "summary": {"covered_lines": 3, "num_statements": 3, "percent_covered": 100.0, "percent_covered_display": "100", "missing_lines": 0, "excluded_lines": 0}, "missing_lines": [], "excluded_lines": []}, "": {"executed_lines": [17, 31, 32, 33, 35, 36, 38, 43, 46, 47, 55, 59, 62, 92, 95, 108, 109, 117, 119, 125, 131, 143, 146, 147, 150, 151, 154, 155, 158, 160, 161, 163, 164, 165, 166, 168, 169, 170, 176, 177, 178, 188, 209, 238, 239, 247, 248, 260, 261, 271, 272, 276, 277, 281, 282, 286, 287, 291, 292, 296, 297, 301, 302, 306, 307, 311, 312, 316, 317, 321, 322, 326, 327, 331, 332, 338, 339, 343, 344, 348, 349, 353, 354, 360, 361, 365, 366, 370, 371, 375, 376, 380, 381, 385, 386, 390, 391, 395, 396, 400, 401, 405, 406, 412, 413, 417, 418, 422, 423, 427, 428, 434, 435, 443, 444, 448, 449, 453, 454, 460, 461, 465, 466, 472, 473, 477, 478, 484, 485, 491, 492, 498, 499, 507, 508, 512, 513, 519, 520, 526, 527, 533, 534, 540, 541, 547, 548, 554, 555, 561, 562, 568, 569, 575, 576, 584, 585, 598, 599, 610, 611, 624, 625, 631, 632, 638, 639, 647, 648, 654, 655, 661, 662, 668, 669, 679, 680, 703, 704, 721, 722, 729], "summary": {"covered_lines": 178, "num_statements": 178, "percent_covered": 100.0, "percent_covered_display": "100", "missing_lines": 0, "excluded_lines": 0}, "missing_lines": [], "excluded_lines": []}}, "classes": {"_dual_method": {"executed_lines": [56, 57, 60, 63, 64, 65, 66, 67, 69, 70, 71, 73, 74, 76, 77, 78, 79, 81, 82, 83, 85, 86], "summary": {"covered_lines": 22, "num_statements": 22, "percent_covered": 100.0, "percent_covered_display": "100", "missing_lines": 0, "excluded_lines": 0}, "missing_lines": [], "excluded_lines": []}, "_LazyMethod": {"executed_lines": [120, 121, 122, 123, 126, 127, 128], "summary": {"covered_lines": 7, "num_statements": 7, "percent_covered": 100.0, "percent_covered_display": "100", "missing_lines": 0, "excluded_lines": 0}, "missing_lines": [], "excluded_lines": []}, "_ZiplineAssetStub": {"executed_lines": [], "summary": {"covered_lines": 0, "num_statements": 0, "percent_covered": 100.0, "percent_covered_display": "100", "missing_lines": 0, "ex
[...]
 0, "excluded_lines": 0}, "missing_lines": [], "excluded_lines": [], "functions": {"HtmlReportBuilder.__init__": {"executed_lines": [55], "summary": {"covered_lines": 1, "num_statements": 1, "percent_covered": 100.0, "percent_covered_display": "100", "missing_lines": 0, "excluded_lines": 0}, "missing_lines": [], "excluded_lines": []}, "HtmlReportBuilder.add_title": {"executed_lines": [62, 63], "summary": {"covered_lines": 2, "num_statements": 2, "percent_covered": 100.0, "percent_covered_display": "100", "missing_lines": 0, "excluded_lines": 0}, "missing_lines": [], "excluded_lines": []}, "HtmlReportBuilder.add_heading": {"executed_lines": [66, 67, 68], "summary": {"covered_lines": 3, "num_statements": 3, "percent_covered": 100.0, "percent_covered_display": "100", "missing_lines": 0, "excluded_lines": 0}, "missing_lines": [], "excluded_lines": []}, "HtmlReportBuilder.add_stats_table": {"executed_lines": [71, 72, 73, 74, 75, 77, 78, 79, 80, 81, 82], "summary": {"covered_lines": 11, "num_statements": 11, "percent_covered": 100.0, "percent_covered_display": "100", "missing_lines": 0, "excluded_lines": 0}, "missing_lines": [], "excluded_lines": []}, "HtmlReportBuilder.add_metric_cards": {"executed_lines": [85, 86, 87, 88, 89, 90, 91, 92, 94, 95, 96, 102, 103], "summary": {"covered_lines": 13, "num_statements": 13, "percent_covered": 100.0, "percent_covered_display": "100", "missing_lines": 0, "excluded_lines": 0}, "missing_lines": [], "excluded_lines": []}, "HtmlReportBuilder.add_html": {"executed_lines": [106, 107], "summary": {"covered_lines": 2, "num_statements": 2, "percent_covered": 100.0, "percent_covered_display": "100", "missing_lines": 0, "excluded_lines": 0}, "missing_lines": [], "excluded_lines": []}, "HtmlReportBuilder.plot_returns": {"executed_lines": [114, 115, 116], "summary": {"covered_lines": 3, "num_statements": 3, "percent_covered": 100.0, "percent_covered_display": "100", "missing_lines": 0, "excluded_lines": 0}, "missing_lines": [], "excluded_lines": []}, "HtmlReportBuilder.plot_drawdown": {"executed_lines": [119, 120, 121], "summary": {"covered_lines": 3, "num_statements": 3, "percent_covered": 100.0, "percent_covered_display": "100", "missing_lines": 0, "excluded_lines": 0}, "missing_lines": [], "excluded_lines": []}, "HtmlReportBuilder.plot_rolling_sharpe": {"executed_lines": [130, 131, 132, 133, 134, 135], "summary": {"covered_lines": 6, "num_statements": 6, "percent_covered": 100.0, "percent_covered_display": "100", "missing_lines": 0, "excluded_lines": 0}, "missing_lines": [], "excluded_lines": []}, "HtmlReportBuilder.plot_monthly_heatmap": {"executed_lines": [138, 140, 141, 142, 145, 147, 148, 149], "summary": {"covered_lines": 8, "num_statements": 8, "percent_covered": 100.0, "percent_covered_display": "100", "missing_lines": 0, "excluded_lines": 0}, "missing_lines": [], "excluded_lines": []}, "HtmlReportBuilder.build": {"executed_lines": [156, 157, 158], "summary": {"covered_lines": 3, "num_statements": 3, "percent_covered": 100.0, "percent_covered_display": "100", "missing_lines": 0, "excluded_lines": 0}, "missing_lines": [], "excluded_lines": []}, "HtmlReportBuilder.save": {"executed_lines": [165, 166], "summary": {"covered_lines": 2, "num_statements": 2, "percent_covered": 100.0, "percent_covered_display": "100", "missing_lines": 0, "excluded_lines": 0}, "missing_lines": [], "excluded_lines": []}, "HtmlReportBuilder._series_to_html_table": {"executed_lines": [174, 175, 176, 177, 178, 179, 180, 181], "summary": {"covered_lines": 8, "num_statements": 8, "percent_covered": 100.0, "percent_covered_display": "100", "missing_lines": 0, "excluded_lines": 0}, "missing_lines": [], "excluded_lines": []}, "": {"executed_lines": [1, 8, 10, 11, 13, 14, 17, 18, 33, 54, 61, 65, 70, 84, 105, 113, 118, 123, 137, 155, 164, 172, 173], "summary": {"covered_lines": 21, "num_statements": 21, "percent_covered": 100.0, "percent_covered_display": "100", "missing_lines": 0, "excluded_lines": 0}, "missing_lines": [], "excluded_lines": []}}, "classes": {"HtmlReportBuilder": {"executed_lines": [55, 62, 63, 66, 67, 68, 71, 72, 73, 74, 75, 77, 78, 79, 80, 81, 82, 85, 86, 87, 88, 89, 90, 91, 92, 94, 95, 96, 102, 103, 106, 107, 114, 115, 116, 119, 120, 121, 130, 131, 132, 133, 134, 135, 138, 140, 141, 142, 145, 147, 148, 149, 156, 157, 158, 165, 166, 174, 175, 176, 177, 178, 179, 180, 181], "summary": {"covered_lines": 65, "num_statements": 65, "percent_covered": 100.0, "percent_covered_display": "100", "missing_lines": 0, "excluded_lines": 0}, "missing_lines": [], "excluded_lines": []}, "": {"executed_lines": [1, 8, 10, 11, 13, 14, 17, 18, 33, 54, 61, 65, 70, 84, 105, 113, 118, 123, 137, 155, 164, 172, 173], "summary": {"covered_lines": 21, "num_statements": 21, "percent_covered": 100.0, "percent_covered_display": "100", "missing_lines": 0, "excluded_lines": 0}, "missing_lines": [], "excluded_lines": []}}}, "fincore/viz/interactive/bokeh_backend.py": {"executed_lines": [1, 6, 8, 9, 11, 12, 14, 17, 18, 60, 68, 75, 76, 77, 78, 79, 81, 83, 84, 85, 86, 88, 89, 90, 92, 94, 95, 96, 97, 99, 109, 110, 111, 112, 113, 115, 117, 139, 141, 150, 158, 168, 169, 175, 186, 194, 196, 197, 199, 201, 220, 222, 230, 238, 248, 256, 263, 265, 267, 292, 294, 302, 309, 318, 319, 325, 336, 337, 338, 339, 340, 342, 343, 344, 346, 353, 355, 356, 358, 360, 379, 380, 383, 384, 385, 392, 394, 396, 397, 399, 402, 407, 408, 409, 410, 411, 412, 414, 417, 418, 419, 421, 422, 424, 430, 441, 451, 452, 453, 455, 456, 458, 465, 467, 468, 469, 470, 478, 480, 482, 484, 486, 488, 498, 500, 503, 504, 506, 507, 509, 510], "summary": {"covered_lines": 128, "num_statements": 128, "percent_covered": 100.0, "percent_covered_display": "100", "missing_lines": 0, "excluded_lines": 0}, "missing_lines": [], "excluded_lines": [], "functions": {"BokehBackend.__init__": {"executed_lines": [75, 76, 77, 78, 79], "summary": {"covered_lines": 5, "num_statements": 5, "percent_covered": 100.0, "percent_covered_display": "100", "missing_lines": 0, "excluded_lines": 0}, "missing_lines": [], "excluded_lines": []}, "BokehBackend._setup_theme": {"executed_lines": [83, 84, 85, 86, 88, 89, 90], "summary": {"covered_lines": 7, "num_statements": 7, "percent_covered": 100.0, "percent_covered_display": "100", "missing_lines": 0, "excluded_lines": 0}, "missing_lines": [], "excluded_lines": []}, "BokehBackend._create_figure": {"executed_lines": [94, 95, 96, 97, 99, 109, 110, 111, 112, 113, 115], "summary": {"covered_lines": 11, "num_statements": 11, "percent_covered": 100.0, "percent_covered_display": "100", "missing_lines": 0, "excluded_lines": 0}, "missing_lines": [], "excluded_lines": []}, "BokehBackend.plot_returns": {"executed_lines": [139, 141, 150, 158, 168, 169, 175, 186, 194, 196, 197, 199], "summary": {"covered_lines": 12, "num_statements": 12, "percent_covered": 100.0, "percent_covered_display": "100", "missing_lines": 0, "excluded_lines": 0}, "missing_lines": [], "excluded_lines": []}, "BokehBackend.plot_drawdown": {"executed_lines": [220, 222, 230, 238, 248, 256, 263, 265], "summary": {"covered_lines": 8, "num_statements": 8, "percent_covered": 100.0, "percent_covered_display": "100", "missing_lines": 0, "excluded_lines": 0}, "missing_lines": [], "excluded_lines": []}, "BokehBackend.plot_rolling_sharpe": {"executed_lines": [292, 294, 302, 309, 318, 319, 325, 336, 337, 338, 339, 340, 342, 343, 344, 346, 353, 355, 356, 358], "summary": {"covered_lines": 20, "num_statements": 20, "percent_covered": 100.0, "percent_covered_display": "100", "missing_lines": 0, "excluded_lines": 0}, "missing_lines": [], "excluded_lines": []}, "BokehBackend.plot_monthly_heatmap": {"executed_lines": [379, 380, 383, 384, 385, 392, 394, 396, 397, 399, 402, 407, 408, 409, 410, 411, 412, 414, 417, 418, 419, 421, 422, 424, 430, 441, 451, 452, 453, 455, 456, 458, 465, 467, 468, 469, 470, 478, 480], "summary": {"covered_lines": 39, "num_statements": 39, "percent_covered": 100.0, "percent_covered_display": "100", "missing_lines": 0, "excluded_lines": 0}, "missing_lines": [], "excluded_lines": []}, "BokehBackend.show": {"executed_lines": [484, 486], "summary": {"covered_lines": 2, "num_statements": 2, "percent_covered": 100.0, "percent_covered_display": "100", "missing_lines": 0, "excluded_lines": 0}, "missing_lines": [], "excluded_lines": []}, "BokehBackend.save_html": {"executed_lines": [498, 500], "summary": {"covered_lines": 2, "num_statements": 2, "percent_covered": 100.0, "percent_covered_display": "100", "missing_lines": 0, "excluded_lines": 0}, "missing_lines": [], "excluded_lines": []}, "PrintfTickFormatter.__init__": {"executed_lines": [507], "summary": {"covered_lines": 1, "num_statements": 1, "percent_covered": 100.0, "percent_covered_display": "100", "missing_lines": 0, "excluded_lines": 0}, "missing_lines": [], "excluded_lines": []}, "PrintfTickFormatter.__call__": {"executed_lines": [510], "summary": {"covered_lines": 1, "num_statements": 1, "percent_covered": 100.0, "percent_covered_display": "100", "missing_lines": 0, "excluded_lines": 0}, "missing_lines": [], "excluded_lines": []}, "": {"executed_lines": [1, 6, 8, 9, 11, 12, 14, 17, 18, 60, 68, 81, 92, 117, 201, 267, 360, 482, 488, 503, 504, 506, 509], "summary": {"covered_lines": 20, "num_statements": 20, "percent_covered": 100.0, "percent_covered_display": "100", "missing_lines": 0, "excluded_lines": 0}, "missing_lines": [], "excluded_lines": []}}, "classes": {"BokehBackend": {"executed_lines": [75, 76, 77, 78, 79, 83, 84, 85, 86, 88, 89, 90, 94, 95, 96, 97, 99, 109, 110, 111, 112, 113, 115, 139, 141, 150, 158, 168, 169, 175, 186, 194, 196, 197, 199, 220, 222, 230, 238, 248, 256, 263, 265, 292, 294, 302, 309, 318, 319, 325, 336, 337, 338, 339, 340, 342, 343, 344, 346, 353, 355, 356, 358, 379, 380, 383, 384, 385, 392, 394, 396, 397, 399, 402, 407, 408, 409, 410, 411, 412, 414, 417, 418, 419, 421, 422, 424, 430, 441, 451, 452, 453, 455, 456, 458, 465, 467, 468, 469, 470, 478, 480, 484, 486, 498, 500], "summary": {"covered_lines": 106, "num_statements": 106, "percent_covered": 100.0, "percent_covered_display": "100", "missing_lines": 0, "excluded_lines": 0}, "missing_lines": [], "excluded_lines": []}, "PrintfTickFormatter": {"executed_lines": [507, 510], "summary": {"covered_lines": 2, "num_statements": 2, "percent_covered": 100.0, "percent_covered_display": "100", "missing_lines": 0, "excluded_lines": 0}, "missing_lines": [], "excluded_lines": []}, "": {"executed_lines": [1, 6, 8, 9, 11, 12, 14, 17, 18, 60, 68, 81, 92, 117, 201, 267, 360, 482, 488, 503, 504, 506, 509], "summary": {"covered_lines": 20, "num_statements": 20, "percent_covered": 100.0, "percent_covered_display": "100", "missing_lines": 0, "excluded_lines": 0}, "missing_lines": [], "excluded_lines": []}}}, "fincore/viz/interactive/plotly_backend.py": {"executed_lines": [1, 7, 9, 11, 12, 14, 17, 20, 21, 62, 76, 84, 85, 86, 87, 88, 89, 92, 94, 96, 97, 107, 109, 119, 121, 123, 124, 125, 127, 129, 130, 131, 132, 134, 147, 148, 150, 152, 174, 177, 187, 188, 198, 203, 211, 212, 214, 233, 235, 246, 254, 255, 257, 282, 284, 293, 294, 304, 309, 317, 318, 320, 340, 342, 345, 352, 354, 356, 358, 361, 367, 380, 391, 392, 394, 416, 418, 420, 423, 440, 441, 442, 456, 457, 458, 471, 479, 480, 482, 501, 503, 505, 516, 521, 522, 524, 526, 527, 528, 530, 538, 539, 540, 542, 554, 555, 556], "summary": {"covered_lines": 104, "num_statements": 104, "percent_covered": 100.0, "percent_covered_display": "100", "missing_lines": 0, "excluded_lines": 2}, "missing_lines": [], "excluded_lines": [14, 15], "functions": {"PlotlyBackend.__init__": {"executed_lines": [84, 85, 86, 87, 88, 89, 92], "summary": {"covered_lines": 7, "num_statements": 7, "percent_covered": 100.0, "percent_covered_display": "100", "missing_lines": 0, "excluded_lines": 0}, "missing_lines": [], "excluded_lines": []}, "PlotlyBackend._setup_theme": {"executed_lines": [96, 97, 107, 109, 119], "summary": {"covered_lines": 5, "num_statements": 5, "percent_covered": 100.0, "percent_covered_display": "100", "missing_lines": 0, "excluded_lines": 0}, "missing_lines": [], "excluded_lines": []}, "PlotlyBackend._get_template": {"executed_lines": [123, 124, 125], "summary": {"covered_lines": 3, "num_statements": 3, "percent_covered": 100.0, "percent_covered_display": "100", "missing_lines": 0, "excluded_lines": 0}, "missing_lines": [], "excluded_lines": []}, "PlotlyBackend._create_figure": {"executed_lines": [129, 130, 131, 132, 134, 147, 148, 150], "summary": {"covered_lines": 8, "num_statements": 8, "percent_covered": 100.0, "percent_covered_display": "100", "missing_lines": 0, "excluded_lines": 0}, "missing_lines": [], "excluded_lines": []}, "PlotlyBackend.plot_returns": {"executed_lines": [174, 177, 187, 188, 198, 203, 211, 212], "summary": {"covered_lines": 8, "num_statements": 8, "percent_covered": 100.0, "percent_covered_display": "100", "missing_lines": 0, "excluded_lines": 0}, "missing_lines": [], "excluded_lines": []}, "PlotlyBackend.plot_drawdown": {"executed_lines": [233, 235, 246, 254, 255], "summary": {"covered_lines": 5, "num_statements": 5, "percent_covered": 100.0, "percent_covered_display": "100", "missing_lines": 0, "excluded_lines": 0}, "missing_lines": [], "excluded_lines": []}, "PlotlyBackend.plot_rolling_sharpe": {"executed_lines": [282, 284, 293, 294, 304, 309, 317, 318], "summary": {"covered_lines": 8, "num_statements": 8, "percent_covered": 100.0, "percent_covered_display": "100", "missing_lines": 0, "excluded_lines": 0}, "missing_lines": [], "excluded_lines": []}, "PlotlyBackend.plot_monthly_heatmap": {"executed_lines": [340, 342, 345, 352, 354, 356, 358, 361, 367, 380, 391, 392], "summary": {"covered_lines": 12, "num_statements": 12, "percent_covered": 100.0, "percent_covered_display": "100", "missing_lines": 0, "excluded_lines": 0}, "missing_lines": [], "excluded_lines": []}, "PlotlyBackend.plot_efficient_frontier": {"executed_lines": [416, 418, 420, 423, 440, 441, 442, 456, 457, 458, 471, 479, 480], "summary": {"covered_lines": 13, "num_statements": 13, "percent_covered": 100.0, "percent_covered_display": "100", "missing_lines": 0, "excluded_lines": 0}, "missing_lines": [], "excluded_lines": []}, "PlotlyBackend.plot_correlation_matrix": {"executed_lines": [501, 503, 505, 516, 521, 522], "summary": {"covered_lines": 6, "num_statements": 6, "percent_covered": 100.0, "percent_covered_display": "100", "missing_lines": 0, "excluded_lines": 0}, "missing_lines": [], "excluded_lines": []}, "PlotlyBackend.show": {"executed_lines": [526, 527, 528], "summary": {"covered_lines": 3, "num_statements": 3, "percent_covered": 100.0, "percent_covered_display": "100", "missing_lines": 0, "excluded_lines": 0}, "missing_lines": [], "excluded_lines": []}, "PlotlyBackend.save_html": {"executed_lines": [538, 539, 540], "summary": {"covered_lines": 3, "num_statements": 3, "percent_covered": 100.0, "percent_covered_display": "100", "missing_lines": 0, "excluded_lines": 0}, "missing_lines": [], "excluded_lines": []}, "PlotlyBackend.save_image": {"executed_lines": [554, 555, 556], "summary": {"covered_lines": 3, "num_statements": 3, "percent_covered": 100.0, "percent_covered_display": "100", "missing_lines": 0, "excluded_lines": 0}, "missing_lines": [], "excluded_lines": []}, "": {"executed_lines": [1, 7, 9, 11, 12, 14, 17, 20, 21, 62, 76, 94, 121, 127, 152, 214, 257, 320, 394, 482, 524, 530, 542], "summary": {"covered_lines": 20, "num_statements": 20, "percent_covered": 100.0, "percent_covered_display": "100", "missing_lines": 0, "excluded_lines": 2}, "missing_lines": [], "excluded_lines": [14, 15]}}, "classes": {"PlotlyBackend": {"executed_lines": [84, 85, 86, 87, 88, 89, 92, 96, 97, 107, 109, 119, 123, 124, 125, 129, 130, 131, 132, 134, 147, 148, 150, 174, 177, 187, 188, 198, 203, 211, 212, 233, 235, 246, 254, 255, 282, 284, 293, 294, 304, 309, 317, 318, 340, 342, 345, 352, 354, 356, 358, 361, 367, 380, 391, 392, 416, 418, 420, 423, 440, 441, 442, 456, 457, 458, 471, 479, 480, 501, 503, 505, 516, 521, 522, 526, 527, 528, 538, 539, 540, 554, 555, 556], "summary": {"covered_lines": 84, "num_statements": 84, "percent_covered": 100.0, "percent_covered_display": "100", "missing_lines": 0, "excluded_lines": 0}, "missing_lines": [], "excluded_lines": []}, "": {"executed_lines": [1, 7, 9, 11, 12, 14, 17, 20, 21, 62, 76, 94, 121, 127, 152, 214, 257, 320, 394, 482, 524, 530, 542], "summary": {"covered_lines": 20, "num_statements": 20, "percent_covered": 100.0, "percent_covered_display": "100", "missing_lines": 0, "excluded_lines": 2}, "missing_lines": [], "excluded_lines": [14, 15]}}}, "fincore/viz/matplotlib_backend.py": {"executed_lines": [1, 7, 9, 11, 12, 15, 16, 22, 23, 25, 27, 35, 36, 37, 38, 39, 40, 41, 42, 43, 45, 53, 54, 55, 56, 57, 58, 59, 60, 61, 63, 73, 74, 75, 76, 77, 78, 86, 87, 88, 89, 90, 91, 92, 93, 95, 103, 104, 105, 106, 109, 110, 111, 118, 119, 120, 121, 122, 124, 126, 127, 128, 129, 130, 131, 136, 137, 139, 140, 141, 142, 143, 144, 145, 146, 147], "summary": {"covered_lines": 74, "num_statements": 74, "percent_covered": 100.0, "percent_covered_display": "100", "missing_lines": 0, "excluded_lines": 0}, "missing_lines": [], "excluded_lines": [], "functions": {"MatplotlibBackend._import_plt": {"executed_lines": [23, 25], "summary": {"covered_lines": 2, "num_statements": 2, "percent_covered": 100.0, "percent_covered_display": "100", "missing_lines": 0, "excluded_lines": 0}, "missing_lines": [], "excluded_lines": []}, "MatplotlibBackend.plot_returns": {"executed_lines": [35, 36, 37, 38, 39, 40, 41, 42, 43], "summary": {"covered_lines": 9, "num_statements": 9, "percent_covered": 100.0, "percent_covered_display": "100", "missing_lines": 0, "excluded_lines": 0}, "missing_lines": [], "excluded_lines": []}, "MatplotlibBackend.plot_drawdown": {"executed_lines": [53, 54, 55, 56, 57, 58, 59, 60, 61], "summary": {"covered_lines": 9, "num_statements": 9, "percent_covered": 100.0, "percent_covered_display": "100", "missing_lines": 0, "excluded_lines": 0}, "missing_lines": [], "excluded_lines": []}, "MatplotlibBackend.plot_rolling_sharpe": {"executed_lines": [73, 74, 75, 76, 77, 78, 86, 87, 88, 89, 90, 91, 92, 93], "summary": {"covered_lines": 14, "num_statements": 14, "percent_covered": 100.0, "percent_covered_display": "100", "missing_lines": 0, "excluded_lines": 0}, "missing_lines": [], "excluded_lines": []}, "MatplotlibBackend.plot_monthly_heatmap": {"executed_lines": [103, 104, 105, 106, 109, 110, 111, 118, 119, 120, 121, 122, 124, 126, 127, 128, 129, 130, 131, 136, 137, 139, 140, 141, 142, 143, 144, 145, 146, 147], "summary": {"covered_lines": 30, "num_statements": 30, "percent_covered": 100.0, "percent_covered_display": "100", "missing_lines": 0, "excluded_lines": 0}, "missing_lines": [], "excluded_lines": []}, "": {"executed_lines": [1, 7, 9, 11, 12, 15, 16, 22, 27, 45, 63, 95], "summary": {"covered_lines": 10, "num_statements": 10, "percent_covered": 100.0, "percent_covered_display": "100", "missing_lines": 0, "excluded_lines": 0}, "missing_lines": [], "excluded_lines": []}}, "classes": {"MatplotlibBackend": {"executed_lines": [23, 25, 35, 36, 37, 38, 39, 40, 41, 42, 43, 53, 54, 55, 56, 57, 58, 59, 60, 61, 73, 74, 75, 76, 77, 78, 86, 87, 88, 89, 90, 91, 92, 93, 103, 104, 105, 106, 109, 110, 111, 118, 119, 120, 121, 122, 124, 126, 127, 128, 129, 130, 131, 136, 137, 139, 140, 141, 142, 143, 144, 145, 146, 147], "summary": {"covered_lines": 64, "num_statements": 64, "percent_covered": 100.0, "percent_covered_display": "100", "missing_lines": 0, "excluded_lines": 0}, "missing_lines": [], "excluded_lines": []}, "": {"executed_lines": [1, 7, 9, 11, 12, 15, 16, 22, 27, 45, 63, 95], "summary": {"covered_lines": 10, "num_statements": 10, "percent_covered": 100.0, "percent_covered_display": "100", "missing_lines": 0, "excluded_lines": 0}, "missing_lines": [], "excluded_lines": []}}}}, "totals": {"covered_lines": 8197, "num_statements": 8230, "percent_covered": 99.59902794653706, "percent_covered_display": "99", "missing_lines": 33, "excluded_lines": 28}}